

Microchip MPLAB XC8 Assembler V2.20 build 20200408173844 
                                                                                               Wed Sep 30 17:18:18 2020

Microchip MPLAB XC8 C Compiler v2.20 (Free license) build 20200408173844 Og1 
     1                           	processor	18F4550
     2                           	fnconf	rparam,??,?,0
     3                           	pagewidth 120
     4                           	opt	flic
     5                           	psect	cinit,global,reloc=2,class=CODE,delta=1
     6                           	psect	bssCOMRAM,global,class=COMRAM,space=1,delta=1,lowdata,noexec
     7                           	psect	cstackCOMRAM,global,class=COMRAM,space=1,delta=1,lowdata,noexec
     8                           	psect	text0,global,reloc=2,class=CODE,delta=1
     9                           	psect	text1,global,reloc=2,class=CODE,delta=1
    10                           	psect	text2,global,reloc=2,class=CODE,delta=1
    11                           	psect	intcode,global,reloc=2,class=CODE,delta=1
    12                           	psect	intcode_body,global,reloc=2,class=CODE,delta=1
    13                           	psect	intsave_regs,global,class=BIGRAM,space=1,delta=1,noexec
    14                           	psect	rparam,global,class=COMRAM,space=1,delta=1,noexec
    15                           	psect	temp,global,ovrld,common,class=COMRAM,space=1,delta=1
    16                           	psect	idloc,global,abs,ovrld,class=IDLOC,space=5,delta=1,noexec
    17                           	psect	config,global,abs,ovrld,class=CONFIG,space=4,delta=1,noexec
    18  0000                     
    19                           ; Version 2.20
    20                           ; Generated 12/02/2020 GMT
    21                           ; 
    22                           ; Copyright © 2020, Microchip Technology Inc. and its subsidiaries ("Microchip")
    23                           ; All rights reserved.
    24                           ; 
    25                           ; This software is developed by Microchip Technology Inc. and its subsidiaries ("Microch
      +                          ip").
    26                           ; 
    27                           ; Redistribution and use in source and binary forms, with or without modification, are
    28                           ; permitted provided that the following conditions are met:
    29                           ; 
    30                           ;     1. Redistributions of source code must retain the above copyright notice, this lis
      +                          t of
    31                           ;        conditions and the following disclaimer.
    32                           ; 
    33                           ;     2. Redistributions in binary form must reproduce the above copyright notice, this 
      +                          list
    34                           ;        of conditions and the following disclaimer in the documentation and/or other
    35                           ;        materials provided with the distribution.
    36                           ; 
    37                           ;     3. Microchip's name may not be used to endorse or promote products derived from th
      +                          is
    38                           ;        software without specific prior written permission.
    39                           ; 
    40                           ; THIS SOFTWARE IS PROVIDED BY MICROCHIP "AS IS" AND ANY EXPRESS OR IMPLIED WARRANTIES,
    41                           ; INCLUDING, BUT NOT LIMITED TO, THE IMPLIED WARRANTIES OF MERCHANTABILITY AND FITNESS F
      +                          OR
    42                           ; PURPOSE ARE DISCLAIMED.  IN NO EVENT SHALL MICROCHIP BE LIABLE FOR ANY DIRECT, INDIREC
      +                          T,
    43                           ; INCIDENTAL, SPECIAL, EXEMPLARY, OR CONSEQUENTIAL DAMAGES (INCLUDING BUT NOT LIMITED TO
    44                           ; PROCUREMENT OF SUBSTITUTE GOODS OR SERVICES; LOSS OF USE, DATA OR PROFITS; OR BUSINESS
    45                           ; INTERRUPTION) HOWSOEVER CAUSED AND ON ANY THEORY OF LIABILITY, WHETHER IN CONTRACT, ST
      +                          RICT
    46                           ; LIABILITY, OR TORT (INCLUDING NEGLIGENCE OR OTHERWISE) ARISING IN ANY WAY OUT OF THE U
      +                          SE OF
    47                           ; THIS SOFTWARE, EVEN IF ADVISED OF THE POSSIBILITY OF SUCH DAMAGE.
    48                           ; 
    49                           ; 
    50                           ; Code-generator required, PIC18F4550 Definitions
    51                           ; 
    52                           ; SFR Addresses
    53  0000                     _PORTAbits	set	3968
    54  0000                     _TMR0L	set	4054
    55  0000                     _TMR0H	set	4055
    56  0000                     _T0CONbits	set	4053
    57  0000                     _INTCONbits	set	4082
    58  0000                     _TRISA	set	3986
    59  0000                     _PORTB	set	3969
    60  0000                     _TRISB	set	3987
    61  0000                     _PORTD	set	3971
    62  0000                     _TRISD	set	3989
    63  0000                     _PORTC	set	3970
    64  0000                     _TRISC	set	3988
    65  0000                     _ADCON1	set	4033
    66                           
    67                           ; #config settings
    68                           
    69                           	psect	cinit
    70  000086                     __pcinit:
    71                           	callstack 0
    72  000086                     start_initialization:
    73                           	callstack 0
    74  000086                     __initialization:
    75                           	callstack 0
    76                           
    77                           ; Clear objects allocated to COMRAM (2 bytes)
    78  000086  6A02               	clrf	(__pbssCOMRAM+1)& (0+255),c
    79  000088  6A01               	clrf	__pbssCOMRAM& (0+255),c
    80  00008A                     end_of_initialization:
    81                           	callstack 0
    82  00008A                     __end_of__initialization:
    83                           	callstack 0
    84  00008A  9003               	bcf	int$flags,0,c	;clear compiler interrupt flag (level 1)
    85  00008C  9203               	bcf	int$flags,1,c	;clear compiler interrupt flag (level 2)
    86  00008E  0100               	movlb	0
    87  000090  EF2B  F000         	goto	_main	;jump to C main() function
    88                           
    89                           	psect	bssCOMRAM
    90  000001                     __pbssCOMRAM:
    91                           	callstack 0
    92  000001                     _inc:
    93                           	callstack 0
    94  000001                     	ds	2
    95                           
    96                           	psect	cstackCOMRAM
    97  000000                     __pcstackCOMRAM:
    98                           	callstack 0
    99  000000                     
   100                           ; 1 bytes @ 0x0
   101 ;;
   102 ;;Main: autosize = 0, tempsize = 0, incstack = 0, save=0
   103 ;;
   104 ;; *************** function _main *****************
   105 ;; Defined at:
   106 ;;		line 42 in file "TIMER PUNTO 2.c"
   107 ;; Parameters:    Size  Location     Type
   108 ;;		None
   109 ;; Auto vars:     Size  Location     Type
   110 ;;		None
   111 ;; Return value:  Size  Location     Type
   112 ;;                  1    wreg      void 
   113 ;; Registers used:
   114 ;;		wreg, status,2, cstack
   115 ;; Tracked objects:
   116 ;;		On entry : 0/0
   117 ;;		On exit  : 0/0
   118 ;;		Unchanged: 0/0
   119 ;; Data sizes:     COMRAM   BANK0   BANK1   BANK2   BANK3   BANK4   BANK5   BANK6   BANK7
   120 ;;      Params:         0       0       0       0       0       0       0       0       0
   121 ;;      Locals:         0       0       0       0       0       0       0       0       0
   122 ;;      Temps:          0       0       0       0       0       0       0       0       0
   123 ;;      Totals:         0       0       0       0       0       0       0       0       0
   124 ;;Total ram usage:        0 bytes
   125 ;; Hardware stack levels required when called:    2
   126 ;; This function calls:
   127 ;;		_TIMER0
   128 ;;		_inicializar_puertos
   129 ;; This function is called by:
   130 ;;		Startup code after reset
   131 ;; This function uses a non-reentrant model
   132 ;;
   133                           
   134                           	psect	text0
   135  000056                     __ptext0:
   136                           	callstack 0
   137  000056                     _main:
   138                           	callstack 29
   139  000056                     
   140                           ;TIMER PUNTO 2.c: 44:     inicializar_puertos();
   141  000056  EC09  F000         	call	_inicializar_puertos	;wreg free
   142  00005A                     
   143                           ;TIMER PUNTO 2.c: 45:     TIMER0();
   144  00005A  EC39  F000         	call	_TIMER0	;wreg free
   145                           
   146                           ;TIMER PUNTO 2.c: 47:     TMR0H=(60536)>>8;
   147  00005E  0EEC               	movlw	236
   148  000060  6ED7               	movwf	215,c	;volatile
   149                           
   150                           ;TIMER PUNTO 2.c: 48:     TMR0L=60536;
   151  000062  0E78               	movlw	120
   152  000064  6ED6               	movwf	214,c	;volatile
   153  000066                     l732:
   154                           
   155                           ;TIMER PUNTO 2.c: 51:     {;TIMER PUNTO 2.c: 52:         PORTD=inc;
   156  000066  C001  FF83         	movff	_inc,3971	;volatile
   157  00006A  EF33  F000         	goto	l732
   158  00006E  EF07  F000         	goto	start
   159  000072                     __end_of_main:
   160                           	callstack 0
   161                           
   162 ;; *************** function _inicializar_puertos *****************
   163 ;; Defined at:
   164 ;;		line 14 in file "TIMER PUNTO 2.c"
   165 ;; Parameters:    Size  Location     Type
   166 ;;		None
   167 ;; Auto vars:     Size  Location     Type
   168 ;;		None
   169 ;; Return value:  Size  Location     Type
   170 ;;                  1    wreg      void 
   171 ;; Registers used:
   172 ;;		wreg, status,2
   173 ;; Tracked objects:
   174 ;;		On entry : 0/0
   175 ;;		On exit  : 0/0
   176 ;;		Unchanged: 0/0
   177 ;; Data sizes:     COMRAM   BANK0   BANK1   BANK2   BANK3   BANK4   BANK5   BANK6   BANK7
   178 ;;      Params:         0       0       0       0       0       0       0       0       0
   179 ;;      Locals:         0       0       0       0       0       0       0       0       0
   180 ;;      Temps:          0       0       0       0       0       0       0       0       0
   181 ;;      Totals:         0       0       0       0       0       0       0       0       0
   182 ;;Total ram usage:        0 bytes
   183 ;; Hardware stack levels used:    1
   184 ;; Hardware stack levels required when called:    1
   185 ;; This function calls:
   186 ;;		Nothing
   187 ;; This function is called by:
   188 ;;		_main
   189 ;; This function uses a non-reentrant model
   190 ;;
   191                           
   192                           	psect	text1
   193  000012                     __ptext1:
   194                           	callstack 0
   195  000012                     _inicializar_puertos:
   196                           	callstack 29
   197  000012                     
   198                           ;TIMER PUNTO 2.c: 16:     ADCON1=0b00001111;
   199  000012  0E0F               	movlw	15
   200  000014  6EC1               	movwf	193,c	;volatile
   201                           
   202                           ;TIMER PUNTO 2.c: 17:     TRISC=0;
   203  000016  0E00               	movlw	0
   204  000018  6E94               	movwf	148,c	;volatile
   205                           
   206                           ;TIMER PUNTO 2.c: 18:     PORTC=0;
   207  00001A  0E00               	movlw	0
   208  00001C  6E82               	movwf	130,c	;volatile
   209                           
   210                           ;TIMER PUNTO 2.c: 20:     TRISD=0;
   211  00001E  0E00               	movlw	0
   212  000020  6E95               	movwf	149,c	;volatile
   213                           
   214                           ;TIMER PUNTO 2.c: 21:     PORTD=0;
   215  000022  0E00               	movlw	0
   216  000024  6E83               	movwf	131,c	;volatile
   217                           
   218                           ;TIMER PUNTO 2.c: 23:     TRISB=0;
   219  000026  0E00               	movlw	0
   220  000028  6E93               	movwf	147,c	;volatile
   221                           
   222                           ;TIMER PUNTO 2.c: 24:     PORTB=0;
   223  00002A  0E00               	movlw	0
   224  00002C  6E81               	movwf	129,c	;volatile
   225                           
   226                           ;TIMER PUNTO 2.c: 26:     TRISA=1;
   227  00002E  0E01               	movlw	1
   228  000030  6E92               	movwf	146,c	;volatile
   229  000032  0012               	return		;funcret
   230  000034                     __end_of_inicializar_puertos:
   231                           	callstack 0
   232                           
   233 ;; *************** function _TIMER0 *****************
   234 ;; Defined at:
   235 ;;		line 29 in file "TIMER PUNTO 2.c"
   236 ;; Parameters:    Size  Location     Type
   237 ;;		None
   238 ;; Auto vars:     Size  Location     Type
   239 ;;		None
   240 ;; Return value:  Size  Location     Type
   241 ;;                  1    wreg      void 
   242 ;; Registers used:
   243 ;;		None
   244 ;; Tracked objects:
   245 ;;		On entry : 0/0
   246 ;;		On exit  : 0/0
   247 ;;		Unchanged: 0/0
   248 ;; Data sizes:     COMRAM   BANK0   BANK1   BANK2   BANK3   BANK4   BANK5   BANK6   BANK7
   249 ;;      Params:         0       0       0       0       0       0       0       0       0
   250 ;;      Locals:         0       0       0       0       0       0       0       0       0
   251 ;;      Temps:          0       0       0       0       0       0       0       0       0
   252 ;;      Totals:         0       0       0       0       0       0       0       0       0
   253 ;;Total ram usage:        0 bytes
   254 ;; Hardware stack levels used:    1
   255 ;; Hardware stack levels required when called:    1
   256 ;; This function calls:
   257 ;;		Nothing
   258 ;; This function is called by:
   259 ;;		_main
   260 ;; This function uses a non-reentrant model
   261 ;;
   262                           
   263                           	psect	text2
   264  000072                     __ptext2:
   265                           	callstack 0
   266  000072                     _TIMER0:
   267                           	callstack 29
   268  000072                     
   269                           ;TIMER PUNTO 2.c: 31:    INTCONbits.GIE=0;
   270  000072  9EF2               	bcf	242,7,c	;volatile
   271                           
   272                           ;TIMER PUNTO 2.c: 32:    T0CONbits.T0SE=1;
   273  000074  88D5               	bsf	213,4,c	;volatile
   274                           
   275                           ;TIMER PUNTO 2.c: 33:    T0CONbits.PSA=1;
   276  000076  86D5               	bsf	213,3,c	;volatile
   277                           
   278                           ;TIMER PUNTO 2.c: 34:    T0CONbits.T08BIT=0;
   279  000078  9CD5               	bcf	213,6,c	;volatile
   280                           
   281                           ;TIMER PUNTO 2.c: 35:    T0CONbits.TMR0ON=1;
   282  00007A  8ED5               	bsf	213,7,c	;volatile
   283                           
   284                           ;TIMER PUNTO 2.c: 36:    INTCONbits.TMR0IF=0;
   285  00007C  94F2               	bcf	242,2,c	;volatile
   286                           
   287                           ;TIMER PUNTO 2.c: 37:    INTCONbits.TMR0IE=1;
   288  00007E  8AF2               	bsf	242,5,c	;volatile
   289                           
   290                           ;TIMER PUNTO 2.c: 38:    INTCONbits.PEIE=1;
   291  000080  8CF2               	bsf	242,6,c	;volatile
   292                           
   293                           ;TIMER PUNTO 2.c: 39:    INTCONbits.GIE=1;
   294  000082  8EF2               	bsf	242,7,c	;volatile
   295  000084  0012               	return		;funcret
   296  000086                     __end_of_TIMER0:
   297                           	callstack 0
   298                           
   299 ;; *************** function _timer_0 *****************
   300 ;; Defined at:
   301 ;;		line 56 in file "TIMER PUNTO 2.c"
   302 ;; Parameters:    Size  Location     Type
   303 ;;		None
   304 ;; Auto vars:     Size  Location     Type
   305 ;;		None
   306 ;; Return value:  Size  Location     Type
   307 ;;                  1    wreg      void 
   308 ;; Registers used:
   309 ;;		wreg, status,2, status,0
   310 ;; Tracked objects:
   311 ;;		On entry : 0/0
   312 ;;		On exit  : 0/0
   313 ;;		Unchanged: 0/0
   314 ;; Data sizes:     COMRAM   BANK0   BANK1   BANK2   BANK3   BANK4   BANK5   BANK6   BANK7
   315 ;;      Params:         0       0       0       0       0       0       0       0       0
   316 ;;      Locals:         0       0       0       0       0       0       0       0       0
   317 ;;      Temps:          0       0       0       0       0       0       0       0       0
   318 ;;      Totals:         0       0       0       0       0       0       0       0       0
   319 ;;Total ram usage:        0 bytes
   320 ;; Hardware stack levels used:    1
   321 ;; This function calls:
   322 ;;		Nothing
   323 ;; This function is called by:
   324 ;;		Interrupt level 2
   325 ;; This function uses a non-reentrant model
   326 ;;
   327                           
   328                           	psect	intcode
   329  000008                     __pintcode:
   330                           	callstack 0
   331  000008                     _timer_0:
   332                           	callstack 29
   333                           
   334                           ;incstack = 0
   335  000008  8203               	bsf	int$flags,1,c	;set compiler interrupt flag (level 2)
   336  00000A  ED1A  F000         	call	int_func,f	;refresh shadow registers
   337                           
   338                           	psect	intcode_body
   339  000034                     __pintcode_body:
   340                           	callstack 29
   341  000034                     int_func:
   342                           	callstack 29
   343  000034  0006               	pop		; remove dummy address from shadow register refresh
   344  000036                     
   345                           ;TIMER PUNTO 2.c: 59:     if(PORTAbits.RA4==1)
   346  000036  A880               	btfss	128,4,c	;volatile
   347  000038  EF20  F000         	goto	i2u1_41
   348  00003C  EF22  F000         	goto	i2u1_40
   349  000040                     i2u1_41:
   350  000040  EF29  F000         	goto	i2l48
   351  000044                     i2u1_40:
   352  000044                     
   353                           ;TIMER PUNTO 2.c: 60:     {;TIMER PUNTO 2.c: 61:         inc++;
   354  000044  4A01               	infsnz	_inc^0,f,c
   355  000046  2A02               	incf	(_inc+1)^0,f,c
   356  000048                     
   357                           ;TIMER PUNTO 2.c: 63:         TMR0H=(60536)>>8;
   358  000048  0EEC               	movlw	236
   359  00004A  6ED7               	movwf	215,c	;volatile
   360  00004C                     
   361                           ;TIMER PUNTO 2.c: 64:         TMR0L=60536;
   362  00004C  0E78               	movlw	120
   363  00004E  6ED6               	movwf	214,c	;volatile
   364  000050                     
   365                           ;TIMER PUNTO 2.c: 66:         INTCONbits.TMR0IF=0;
   366  000050  94F2               	bcf	242,2,c	;volatile
   367  000052                     i2l48:
   368  000052  9203               	bcf	int$flags,1,c	;clear compiler interrupt flag (level 2)
   369  000054  0011               	retfie		f
   370  000056                     __end_of_timer_0:
   371                           	callstack 0
   372  0000                     
   373                           	psect	rparam
   374  0000                     
   375                           	psect	temp
   376  000003                     btemp:
   377                           	callstack 0
   378  000003                     	ds	1
   379  0000                     int$flags	set	btemp
   380  0000                     wtemp8	set	btemp+1
   381  0000                     ttemp5	set	btemp+1
   382  0000                     ttemp6	set	btemp+4
   383  0000                     ttemp7	set	btemp+8
   384                           
   385                           	psect	idloc
   386                           
   387                           ;Config register IDLOC0 @ 0x200000
   388                           ;	unspecified, using default values
   389  200000                     	org	2097152
   390  200000  FF                 	db	255
   391                           
   392                           ;Config register IDLOC1 @ 0x200001
   393                           ;	unspecified, using default values
   394  200001                     	org	2097153
   395  200001  FF                 	db	255
   396                           
   397                           ;Config register IDLOC2 @ 0x200002
   398                           ;	unspecified, using default values
   399  200002                     	org	2097154
   400  200002  FF                 	db	255
   401                           
   402                           ;Config register IDLOC3 @ 0x200003
   403                           ;	unspecified, using default values
   404  200003                     	org	2097155
   405  200003  FF                 	db	255
   406                           
   407                           ;Config register IDLOC4 @ 0x200004
   408                           ;	unspecified, using default values
   409  200004                     	org	2097156
   410  200004  FF                 	db	255
   411                           
   412                           ;Config register IDLOC5 @ 0x200005
   413                           ;	unspecified, using default values
   414  200005                     	org	2097157
   415  200005  FF                 	db	255
   416                           
   417                           ;Config register IDLOC6 @ 0x200006
   418                           ;	unspecified, using default values
   419  200006                     	org	2097158
   420  200006  FF                 	db	255
   421                           
   422                           ;Config register IDLOC7 @ 0x200007
   423                           ;	unspecified, using default values
   424  200007                     	org	2097159
   425  200007  FF                 	db	255
   426                           
   427                           	psect	config
   428                           
   429                           ;Config register CONFIG1L @ 0x300000
   430                           ;	unspecified, using default values
   431                           ;	PLL Prescaler Selection bits
   432                           ;	PLLDIV = 0x0, unprogrammed default
   433                           ;	System Clock Postscaler Selection bits
   434                           ;	CPUDIV = 0x0, unprogrammed default
   435                           ;	USB Clock Selection bit (used in Full-Speed USB mode only; UCFG:FSEN = 1)
   436                           ;	USBDIV = 0x0, unprogrammed default
   437  300000                     	org	3145728
   438  300000  00                 	db	0
   439                           
   440                           ;Config register CONFIG1H @ 0x300001
   441                           ;	unspecified, using default values
   442                           ;	Oscillator Selection bits
   443                           ;	FOSC = 0x5, unprogrammed default
   444                           ;	Fail-Safe Clock Monitor Enable bit
   445                           ;	FCMEN = 0x0, unprogrammed default
   446                           ;	Internal/External Oscillator Switchover bit
   447                           ;	IESO = 0x0, unprogrammed default
   448  300001                     	org	3145729
   449  300001  05                 	db	5
   450                           
   451                           ;Config register CONFIG2L @ 0x300002
   452                           ;	unspecified, using default values
   453                           ;	Power-up Timer Enable bit
   454                           ;	PWRT = 0x1, unprogrammed default
   455                           ;	Brown-out Reset Enable bits
   456                           ;	BOR = 0x3, unprogrammed default
   457                           ;	Brown-out Reset Voltage bits
   458                           ;	BORV = 0x3, unprogrammed default
   459                           ;	USB Voltage Regulator Enable bit
   460                           ;	VREGEN = 0x0, unprogrammed default
   461  300002                     	org	3145730
   462  300002  1F                 	db	31
   463                           
   464                           ;Config register CONFIG2H @ 0x300003
   465                           ;	unspecified, using default values
   466                           ;	Watchdog Timer Enable bit
   467                           ;	WDT = 0x1, unprogrammed default
   468                           ;	Watchdog Timer Postscale Select bits
   469                           ;	WDTPS = 0xF, unprogrammed default
   470  300003                     	org	3145731
   471  300003  1F                 	db	31
   472                           
   473                           ; Padding undefined space
   474  300004                     	org	3145732
   475  300004  FF                 	db	255
   476                           
   477                           ;Config register CONFIG3H @ 0x300005
   478                           ;	unspecified, using default values
   479                           ;	CCP2 MUX bit
   480                           ;	CCP2MX = 0x1, unprogrammed default
   481                           ;	PORTB A/D Enable bit
   482                           ;	PBADEN = 0x1, unprogrammed default
   483                           ;	Low-Power Timer 1 Oscillator Enable bit
   484                           ;	LPT1OSC = 0x0, unprogrammed default
   485                           ;	MCLR Pin Enable bit
   486                           ;	MCLRE = 0x1, unprogrammed default
   487  300005                     	org	3145733
   488  300005  83                 	db	131
   489                           
   490                           ;Config register CONFIG4L @ 0x300006
   491                           ;	unspecified, using default values
   492                           ;	Stack Full/Underflow Reset Enable bit
   493                           ;	STVREN = 0x1, unprogrammed default
   494                           ;	Single-Supply ICSP Enable bit
   495                           ;	LVP = 0x1, unprogrammed default
   496                           ;	Dedicated In-Circuit Debug/Programming Port (ICPORT) Enable bit
   497                           ;	ICPRT = 0x0, unprogrammed default
   498                           ;	Extended Instruction Set Enable bit
   499                           ;	XINST = 0x0, unprogrammed default
   500                           ;	Background Debugger Enable bit
   501                           ;	DEBUG = 0x1, unprogrammed default
   502  300006                     	org	3145734
   503  300006  85                 	db	133
   504                           
   505                           ; Padding undefined space
   506  300007                     	org	3145735
   507  300007  FF                 	db	255
   508                           
   509                           ;Config register CONFIG5L @ 0x300008
   510                           ;	unspecified, using default values
   511                           ;	Code Protection bit
   512                           ;	CP0 = 0x1, unprogrammed default
   513                           ;	Code Protection bit
   514                           ;	CP1 = 0x1, unprogrammed default
   515                           ;	Code Protection bit
   516                           ;	CP2 = 0x1, unprogrammed default
   517                           ;	Code Protection bit
   518                           ;	CP3 = 0x1, unprogrammed default
   519  300008                     	org	3145736
   520  300008  0F                 	db	15
   521                           
   522                           ;Config register CONFIG5H @ 0x300009
   523                           ;	unspecified, using default values
   524                           ;	Boot Block Code Protection bit
   525                           ;	CPB = 0x1, unprogrammed default
   526                           ;	Data EEPROM Code Protection bit
   527                           ;	CPD = 0x1, unprogrammed default
   528  300009                     	org	3145737
   529  300009  C0                 	db	192
   530                           
   531                           ;Config register CONFIG6L @ 0x30000A
   532                           ;	unspecified, using default values
   533                           ;	Write Protection bit
   534                           ;	WRT0 = 0x1, unprogrammed default
   535                           ;	Write Protection bit
   536                           ;	WRT1 = 0x1, unprogrammed default
   537                           ;	Write Protection bit
   538                           ;	WRT2 = 0x1, unprogrammed default
   539                           ;	Write Protection bit
   540                           ;	WRT3 = 0x1, unprogrammed default
   541  30000A                     	org	3145738
   542  30000A  0F                 	db	15
   543                           
   544                           ;Config register CONFIG6H @ 0x30000B
   545                           ;	unspecified, using default values
   546                           ;	Configuration Register Write Protection bit
   547                           ;	WRTC = 0x1, unprogrammed default
   548                           ;	Boot Block Write Protection bit
   549                           ;	WRTB = 0x1, unprogrammed default
   550                           ;	Data EEPROM Write Protection bit
   551                           ;	WRTD = 0x1, unprogrammed default
   552  30000B                     	org	3145739
   553  30000B  E0                 	db	224
   554                           
   555                           ;Config register CONFIG7L @ 0x30000C
   556                           ;	unspecified, using default values
   557                           ;	Table Read Protection bit
   558                           ;	EBTR0 = 0x1, unprogrammed default
   559                           ;	Table Read Protection bit
   560                           ;	EBTR1 = 0x1, unprogrammed default
   561                           ;	Table Read Protection bit
   562                           ;	EBTR2 = 0x1, unprogrammed default
   563                           ;	Table Read Protection bit
   564                           ;	EBTR3 = 0x1, unprogrammed default
   565  30000C                     	org	3145740
   566  30000C  0F                 	db	15
   567                           
   568                           ;Config register CONFIG7H @ 0x30000D
   569                           ;	unspecified, using default values
   570                           ;	Boot Block Table Read Protection bit
   571                           ;	EBTRB = 0x1, unprogrammed default
   572  30000D                     	org	3145741
   573  30000D  40                 	db	64
   574                           tosu	equ	0xFFF
   575                           tosh	equ	0xFFE
   576                           tosl	equ	0xFFD
   577                           stkptr	equ	0xFFC
   578                           pclatu	equ	0xFFB
   579                           pclath	equ	0xFFA
   580                           pcl	equ	0xFF9
   581                           tblptru	equ	0xFF8
   582                           tblptrh	equ	0xFF7
   583                           tblptrl	equ	0xFF6
   584                           tablat	equ	0xFF5
   585                           prodh	equ	0xFF4
   586                           prodl	equ	0xFF3
   587                           indf0	equ	0xFEF
   588                           postinc0	equ	0xFEE
   589                           postdec0	equ	0xFED
   590                           preinc0	equ	0xFEC
   591                           plusw0	equ	0xFEB
   592                           fsr0h	equ	0xFEA
   593                           fsr0l	equ	0xFE9
   594                           wreg	equ	0xFE8
   595                           indf1	equ	0xFE7
   596                           postinc1	equ	0xFE6
   597                           postdec1	equ	0xFE5
   598                           preinc1	equ	0xFE4
   599                           plusw1	equ	0xFE3
   600                           fsr1h	equ	0xFE2
   601                           fsr1l	equ	0xFE1
   602                           bsr	equ	0xFE0
   603                           indf2	equ	0xFDF
   604                           postinc2	equ	0xFDE
   605                           postdec2	equ	0xFDD
   606                           preinc2	equ	0xFDC
   607                           plusw2	equ	0xFDB
   608                           fsr2h	equ	0xFDA
   609                           fsr2l	equ	0xFD9
   610                           status	equ	0xFD8

Data Sizes:
    Strings     0
    Constant    0
    Data        0
    BSS         2
    Persistent  0
    Stack       0

Auto Spaces:
    Space          Size  Autos    Used
    COMRAM           94      0       2
    BANK0           160      0       0
    BANK1           256      0       0
    BANK2           256      0       0
    BANK3           256      0       0
    BANK4           256      0       0
    BANK5           256      0       0
    BANK6           256      0       0
    BANK7           256      0       0

Pointer List with Targets:

    None.

Critical Paths under _main in COMRAM

    None.

Critical Paths under _timer_0 in COMRAM

    None.

Critical Paths under _main in BANK0

    None.

Critical Paths under _timer_0 in BANK0

    None.

Critical Paths under _main in BANK1

    None.

Critical Paths under _timer_0 in BANK1

    None.

Critical Paths under _main in BANK2

    None.

Critical Paths under _timer_0 in BANK2

    None.

Critical Paths under _main in BANK3

    None.

Critical Paths under _timer_0 in BANK3

    None.

Critical Paths under _main in BANK4

    None.

Critical Paths under _timer_0 in BANK4

    None.

Critical Paths under _main in BANK5

    None.

Critical Paths under _timer_0 in BANK5

    None.

Critical Paths under _main in BANK6

    None.

Critical Paths under _timer_0 in BANK6

    None.

Critical Paths under _main in BANK7

    None.

Critical Paths under _timer_0 in BANK7

    None.

Call Graph Tables:

 ---------------------------------------------------------------------------------
 (Depth) Function   	        Calls       Base Space   Used Autos Params    Refs
 ---------------------------------------------------------------------------------
 (0) _main                                                 0     0      0       0
                             _TIMER0
                _inicializar_puertos
 ---------------------------------------------------------------------------------
 (1) _inicializar_puertos                                  0     0      0       0
 ---------------------------------------------------------------------------------
 (1) _TIMER0                                               0     0      0       0
 ---------------------------------------------------------------------------------
 Estimated maximum stack depth 1
 ---------------------------------------------------------------------------------
 (Depth) Function   	        Calls       Base Space   Used Autos Params    Refs
 ---------------------------------------------------------------------------------
 (2) _timer_0                                              0     0      0       0
 ---------------------------------------------------------------------------------
 Estimated maximum stack depth 2
 ---------------------------------------------------------------------------------

 Call Graph Graphs:

 _main (ROOT)
   _TIMER0
   _inicializar_puertos

 _timer_0 (ROOT)

 Address spaces:
Name               Size   Autos  Total    Cost      Usage
BIGRAM             7FF      0       0      21        0.0%
EEDATA             100      0       0       0        0.0%
BITBANK7           100      0       0      18        0.0%
BANK7              100      0       0      19        0.0%
BITBANK6           100      0       0      16        0.0%
BANK6              100      0       0      17        0.0%
BITBANK5           100      0       0      14        0.0%
BANK5              100      0       0      15        0.0%
BITBANK4           100      0       0      12        0.0%
BANK4              100      0       0      13        0.0%
BITBANK3           100      0       0      10        0.0%
BANK3              100      0       0      11        0.0%
BITBANK2           100      0       0       8        0.0%
BANK2              100      0       0       9        0.0%
BITBANK1           100      0       0       6        0.0%
BANK1              100      0       0       7        0.0%
BITBANK0            A0      0       0       4        0.0%
BANK0               A0      0       0       5        0.0%
BITCOMRAM           5E      0       0       0        0.0%
COMRAM              5E      0       2       1        2.1%
BITSFR               0      0       0     200        0.0%
SFR                  0      0       0     200        0.0%
STACK                0      0       0       2        0.0%
NULL                 0      0       0       0        0.0%
ABS                  0      0       2      20        0.0%
DATA                 0      0       2       3        0.0%
CODE                 0      0       0       0        0.0%


Microchip Technology PIC18 Macro Assembler V2.20 build 20200408173844 
Symbol Table                                                                                   Wed Sep 30 17:18:18 2020

                          l31 0032                            l34 0084                           l730 005A  
                         l724 0012                           l732 0066                           l726 0072  
                         l728 0056                           _inc 0001                          i2l48 0052  
                        _main 0056                          btemp 0003                          start 000E  
                ___param_bank 000000                         ?_main 0000                         i2l740 004C  
                       i2l742 0050                         i2l734 0036                         i2l736 0044  
                       i2l738 0048                         _TMR0H 000FD7                         _TMR0L 000FD6  
                       _PORTB 000F81                         _PORTC 000F82                         _PORTD 000F83  
                       _TRISA 000F92                         _TRISB 000F93                         _TRISC 000F94  
                       _TRISD 000F95  __size_of_inicializar_puertos 0022               __end_of_timer_0 0056  
                       ttemp5 0004                         ttemp6 0007                         ttemp7 000B  
                       wtemp8 0004               __initialization 0086                  __end_of_main 0072  
                      ??_main 0000                 __activetblptr 000000                        _ADCON1 000FC1  
                      _TIMER0 0072                        i2u1_40 0044                        i2u1_41 0040  
                   ??_timer_0 0000                    __accesstop 0060       __end_of__initialization 008A  
               ___rparam_used 000001                __pcstackCOMRAM 0000                       ?_TIMER0 0000  
         _inicializar_puertos 0012          ?_inicializar_puertos 0000               __size_of_TIMER0 0014  
                     __Hparam 0000                       __Lparam 0000                       __pcinit 0086  
                     __ramtop 0800                       __ptext0 0056                       __ptext1 0012  
                     __ptext2 0072                     _T0CONbits 000FD5                       _timer_0 0008  
       ??_inicializar_puertos 0000                __pintcode_body 0034          end_of_initialization 008A  
                     int_func 0034                     _PORTAbits 000F80                __end_of_TIMER0 0086  
         start_initialization 0086                      ??_TIMER0 0000                   __pbssCOMRAM 0001  
                   __pintcode 0008                      ?_timer_0 0000   __end_of_inicializar_puertos 0034  
                    __Hrparam 0000                      __Lrparam 0000              __size_of_timer_0 004E  
               __size_of_main 001C                      int$flags 0003                    _INTCONbits 000FF2  
                    intlevel2 0000  
