

Microchip MPLAB XC8 Assembler V2.20 build 20200408173844 
                                                                                               Fri Oct 02 21:04:26 2020

Microchip MPLAB XC8 C Compiler v2.20 (Free license) build 20200408173844 Og1 
     1                           	processor	18F4550
     2                           	fnconf	rparam,??,?,0
     3                           	pagewidth 120
     4                           	opt	flic
     5                           	psect	cinit,global,reloc=2,class=CODE,delta=1
     6                           	psect	bssCOMRAM,global,class=COMRAM,space=1,delta=1,lowdata,noexec
     7                           	psect	cstackCOMRAM,global,class=COMRAM,space=1,delta=1,lowdata,noexec
     8                           	psect	text0,global,reloc=2,class=CODE,delta=1
     9                           	psect	text1,global,reloc=2,class=CODE,delta=1
    10                           	psect	text2,global,reloc=2,class=CODE,delta=1,group=1
    11                           	psect	text3,global,reloc=2,class=CODE,delta=1
    12                           	psect	text4,global,reloc=2,class=CODE,delta=1,group=1
    13                           	psect	text5,global,reloc=2,class=CODE,delta=1
    14                           	psect	text6,global,reloc=2,class=CODE,delta=1
    15                           	psect	text7,global,reloc=2,class=CODE,delta=1
    16                           	psect	intsave_regs,global,class=BIGRAM,space=1,delta=1,noexec
    17                           	psect	rparam,global,class=COMRAM,space=1,delta=1,noexec
    18                           	psect	idloc,global,abs,ovrld,class=IDLOC,space=5,delta=1,noexec
    19                           	psect	config,global,abs,ovrld,class=CONFIG,space=4,delta=1,noexec
    20  0000                     
    21                           ; Version 2.20
    22                           ; Generated 12/02/2020 GMT
    23                           ; 
    24                           ; Copyright © 2020, Microchip Technology Inc. and its subsidiaries ("Microchip")
    25                           ; All rights reserved.
    26                           ; 
    27                           ; This software is developed by Microchip Technology Inc. and its subsidiaries ("Microch
      +                          ip").
    28                           ; 
    29                           ; Redistribution and use in source and binary forms, with or without modification, are
    30                           ; permitted provided that the following conditions are met:
    31                           ; 
    32                           ;     1. Redistributions of source code must retain the above copyright notice, this lis
      +                          t of
    33                           ;        conditions and the following disclaimer.
    34                           ; 
    35                           ;     2. Redistributions in binary form must reproduce the above copyright notice, this 
      +                          list
    36                           ;        of conditions and the following disclaimer in the documentation and/or other
    37                           ;        materials provided with the distribution.
    38                           ; 
    39                           ;     3. Microchip's name may not be used to endorse or promote products derived from th
      +                          is
    40                           ;        software without specific prior written permission.
    41                           ; 
    42                           ; THIS SOFTWARE IS PROVIDED BY MICROCHIP "AS IS" AND ANY EXPRESS OR IMPLIED WARRANTIES,
    43                           ; INCLUDING, BUT NOT LIMITED TO, THE IMPLIED WARRANTIES OF MERCHANTABILITY AND FITNESS F
      +                          OR
    44                           ; PURPOSE ARE DISCLAIMED.  IN NO EVENT SHALL MICROCHIP BE LIABLE FOR ANY DIRECT, INDIREC
      +                          T,
    45                           ; INCIDENTAL, SPECIAL, EXEMPLARY, OR CONSEQUENTIAL DAMAGES (INCLUDING BUT NOT LIMITED TO
    46                           ; PROCUREMENT OF SUBSTITUTE GOODS OR SERVICES; LOSS OF USE, DATA OR PROFITS; OR BUSINESS
    47                           ; INTERRUPTION) HOWSOEVER CAUSED AND ON ANY THEORY OF LIABILITY, WHETHER IN CONTRACT, ST
      +                          RICT
    48                           ; LIABILITY, OR TORT (INCLUDING NEGLIGENCE OR OTHERWISE) ARISING IN ANY WAY OUT OF THE U
      +                          SE OF
    49                           ; THIS SOFTWARE, EVEN IF ADVISED OF THE POSSIBILITY OF SUCH DAMAGE.
    50                           ; 
    51                           ; 
    52                           ; Code-generator required, PIC18F4550 Definitions
    53                           ; 
    54                           ; SFR Addresses
    55  0000                     _TMR1	set	4046
    56  0000                     _TMR0	set	4054
    57  0000                     _PORTEbits	set	3972
    58  0000                     _PIE1bits	set	3997
    59  0000                     _PIR1bits	set	3998
    60  0000                     _T1CONbits	set	4045
    61  0000                     _T0CONbits	set	4053
    62  0000                     _INTCONbits	set	4082
    63  0000                     _TRISCbits	set	3988
    64  0000                     _TRISAbits	set	3986
    65  0000                     _PORTE	set	3972
    66  0000                     _TRISE	set	3990
    67  0000                     _PORTB	set	3969
    68  0000                     _TRISB	set	3987
    69  0000                     _PORTD	set	3971
    70  0000                     _TRISD	set	3989
    71  0000                     _ADCON1	set	4033
    72                           
    73                           ; #config settings
    74                           
    75                           	psect	cinit
    76  007D56                     __pcinit:
    77                           	callstack 0
    78  007D56                     start_initialization:
    79                           	callstack 0
    80  007D56                     __initialization:
    81                           	callstack 0
    82                           
    83                           ; Clear objects allocated to COMRAM (4 bytes)
    84  007D56  6A14               	clrf	(__pbssCOMRAM+3)& (0+255),c
    85  007D58  6A13               	clrf	(__pbssCOMRAM+2)& (0+255),c
    86  007D5A  6A12               	clrf	(__pbssCOMRAM+1)& (0+255),c
    87  007D5C  6A11               	clrf	__pbssCOMRAM& (0+255),c
    88  007D5E                     end_of_initialization:
    89                           	callstack 0
    90  007D5E                     __end_of__initialization:
    91                           	callstack 0
    92  007D5E  0100               	movlb	0
    93  007D60  EFD6  F03E         	goto	_main	;jump to C main() function
    94                           
    95                           	psect	bssCOMRAM
    96  000011                     __pbssCOMRAM:
    97                           	callstack 0
    98  000011                     _dec:
    99                           	callstack 0
   100  000011                     	ds	2
   101  000013                     _und:
   102                           	callstack 0
   103  000013                     	ds	2
   104                           
   105                           	psect	cstackCOMRAM
   106  000001                     __pcstackCOMRAM:
   107                           	callstack 0
   108  000001                     ?___awdiv:
   109                           	callstack 0
   110  000001                     ?___awmod:
   111                           	callstack 0
   112  000001                     ___awdiv@dividend:
   113                           	callstack 0
   114  000001                     ___awmod@dividend:
   115                           	callstack 0
   116                           
   117                           ; 2 bytes @ 0x0
   118  000001                     	ds	2
   119  000003                     ___awdiv@divisor:
   120                           	callstack 0
   121  000003                     ___awmod@divisor:
   122                           	callstack 0
   123                           
   124                           ; 2 bytes @ 0x2
   125  000003                     	ds	2
   126  000005                     ___awdiv@counter:
   127                           	callstack 0
   128  000005                     ___awmod@counter:
   129                           	callstack 0
   130                           
   131                           ; 1 bytes @ 0x4
   132  000005                     	ds	1
   133  000006                     ___awdiv@sign:
   134                           	callstack 0
   135  000006                     ___awmod@sign:
   136                           	callstack 0
   137                           
   138                           ; 1 bytes @ 0x5
   139  000006                     	ds	1
   140  000007                     ?_visualizar_unidades:
   141                           	callstack 0
   142  000007                     ___awdiv@quotient:
   143                           	callstack 0
   144                           
   145                           ; 2 bytes @ 0x6
   146  000007                     	ds	2
   147  000009                     ?_visualizar_decenas:
   148                           	callstack 0
   149  000009                     visualizar_unidades@a:
   150                           	callstack 0
   151                           
   152                           ; 2 bytes @ 0x8
   153  000009                     	ds	2
   154  00000B                     visualizar_decenas@b:
   155                           	callstack 0
   156                           
   157                           ; 2 bytes @ 0xA
   158  00000B                     	ds	2
   159  00000D                     main@x:
   160                           	callstack 0
   161                           
   162                           ; 2 bytes @ 0xC
   163  00000D                     	ds	2
   164  00000F                     main@y:
   165                           	callstack 0
   166                           
   167                           ; 2 bytes @ 0xE
   168  00000F                     	ds	2
   169                           
   170 ;;
   171 ;;Main: autosize = 0, tempsize = 0, incstack = 0, save=0
   172 ;;
   173 ;; *************** function _main *****************
   174 ;; Defined at:
   175 ;;		line 56 in file "TIMER 22.c"
   176 ;; Parameters:    Size  Location     Type
   177 ;;		None
   178 ;; Auto vars:     Size  Location     Type
   179 ;;  y               2   14[COMRAM] int 
   180 ;;  x               2   12[COMRAM] int 
   181 ;; Return value:  Size  Location     Type
   182 ;;                  1    wreg      void 
   183 ;; Registers used:
   184 ;;		wreg, status,2, status,0, cstack
   185 ;; Tracked objects:
   186 ;;		On entry : 0/0
   187 ;;		On exit  : 0/0
   188 ;;		Unchanged: 0/0
   189 ;; Data sizes:     COMRAM   BANK0   BANK1   BANK2   BANK3   BANK4   BANK5   BANK6   BANK7
   190 ;;      Params:         0       0       0       0       0       0       0       0       0
   191 ;;      Locals:         4       0       0       0       0       0       0       0       0
   192 ;;      Temps:          0       0       0       0       0       0       0       0       0
   193 ;;      Totals:         4       0       0       0       0       0       0       0       0
   194 ;;Total ram usage:        4 bytes
   195 ;; Hardware stack levels required when called:    2
   196 ;; This function calls:
   197 ;;		_TIMER0
   198 ;;		_TIMER1
   199 ;;		_inicializar_puertos
   200 ;;		_visualizar_decenas
   201 ;;		_visualizar_unidades
   202 ;; This function is called by:
   203 ;;		Startup code after reset
   204 ;; This function uses a non-reentrant model
   205 ;;
   206                           
   207                           	psect	text0
   208  007DAC                     __ptext0:
   209                           	callstack 0
   210  007DAC                     _main:
   211                           	callstack 29
   212  007DAC                     
   213                           ;TIMER 22.c: 58:     inicializar_puertos();
   214  007DAC  ECC5  F03E         	call	_inicializar_puertos	;wreg free
   215  007DB0                     
   216                           ;TIMER 22.c: 59:     TIMER0();
   217  007DB0  ECBA  F03E         	call	_TIMER0	;wreg free
   218  007DB4                     
   219                           ;TIMER 22.c: 60:     TIMER1();
   220  007DB4  ECB2  F03E         	call	_TIMER1	;wreg free
   221  007DB8                     l975:
   222                           
   223                           ;TIMER 22.c: 63:     {;TIMER 22.c: 64:         int x=visualizar_unidades();
   224  007DB8  EC1B  F03F         	call	_visualizar_unidades	;wreg free
   225  007DBC  C007  F00D         	movff	?_visualizar_unidades,main@x
   226  007DC0  C008  F00E         	movff	?_visualizar_unidades+1,main@x+1
   227  007DC4                     
   228                           ;TIMER 22.c: 65:         PORTD=x;
   229  007DC4  C00D  FF83         	movff	main@x,3971	;volatile
   230  007DC8                     
   231                           ;TIMER 22.c: 66:         int y=visualizar_decenas();
   232  007DC8  ECF0  F03E         	call	_visualizar_decenas	;wreg free
   233  007DCC  C009  F00F         	movff	?_visualizar_decenas,main@y
   234  007DD0  C00A  F010         	movff	?_visualizar_decenas+1,main@y+1
   235  007DD4                     
   236                           ;TIMER 22.c: 67:         PORTB=y;
   237  007DD4  C00F  FF81         	movff	main@y,3969	;volatile
   238  007DD8  EFDC  F03E         	goto	l975
   239  007DDC  EF00  F000         	goto	start
   240  007DE0                     __end_of_main:
   241                           	callstack 0
   242                           
   243 ;; *************** function _visualizar_unidades *****************
   244 ;; Defined at:
   245 ;;		line 74 in file "TIMER 22.c"
   246 ;; Parameters:    Size  Location     Type
   247 ;;		None
   248 ;; Auto vars:     Size  Location     Type
   249 ;;  a               2    8[COMRAM] int 
   250 ;; Return value:  Size  Location     Type
   251 ;;                  2    6[COMRAM] int 
   252 ;; Registers used:
   253 ;;		wreg, status,2, status,0, cstack
   254 ;; Tracked objects:
   255 ;;		On entry : 0/0
   256 ;;		On exit  : 0/0
   257 ;;		Unchanged: 0/0
   258 ;; Data sizes:     COMRAM   BANK0   BANK1   BANK2   BANK3   BANK4   BANK5   BANK6   BANK7
   259 ;;      Params:         2       0       0       0       0       0       0       0       0
   260 ;;      Locals:         2       0       0       0       0       0       0       0       0
   261 ;;      Temps:          0       0       0       0       0       0       0       0       0
   262 ;;      Totals:         4       0       0       0       0       0       0       0       0
   263 ;;Total ram usage:        4 bytes
   264 ;; Hardware stack levels used:    1
   265 ;; Hardware stack levels required when called:    1
   266 ;; This function calls:
   267 ;;		___awmod
   268 ;; This function is called by:
   269 ;;		_main
   270 ;; This function uses a non-reentrant model
   271 ;;
   272                           
   273                           	psect	text1
   274  007E36                     __ptext1:
   275                           	callstack 0
   276  007E36                     _visualizar_unidades:
   277                           	callstack 29
   278  007E36                     
   279                           ;TIMER 22.c: 76:     int a=TMR0-TMR1;
   280  007E36  50CE               	movf	206,w,c	;volatile
   281  007E38  5CD6               	subwf	214,w,c	;volatile
   282  007E3A  6E09               	movwf	visualizar_unidades@a^0,c
   283  007E3C  50CF               	movf	207,w,c	;volatile
   284  007E3E  58D7               	subwfb	215,w,c	;volatile
   285  007E40  6E0A               	movwf	(visualizar_unidades@a+1)^0,c
   286  007E42                     
   287                           ;TIMER 22.c: 77:     und=a%10;
   288  007E42  C009  F001         	movff	visualizar_unidades@a,___awmod@dividend
   289  007E46  C00A  F002         	movff	visualizar_unidades@a+1,___awmod@dividend+1
   290  007E4A  0E00               	movlw	0
   291  007E4C  6E04               	movwf	(___awmod@divisor+1)^0,c
   292  007E4E  0E0A               	movlw	10
   293  007E50  6E03               	movwf	___awmod@divisor^0,c
   294  007E52  EC46  F03F         	call	___awmod	;wreg free
   295  007E56  C001  F013         	movff	?___awmod,_und
   296  007E5A  C002  F014         	movff	?___awmod+1,_und+1
   297  007E5E                     
   298                           ;TIMER 22.c: 79:     if(a>30)
   299  007E5E  BE0A               	btfsc	(visualizar_unidades@a+1)^0,7,c
   300  007E60  EF3B  F03F         	goto	u271
   301  007E64  500A               	movf	(visualizar_unidades@a+1)^0,w,c
   302  007E66  E109               	bnz	u270
   303  007E68  0E1F               	movlw	31
   304  007E6A  5C09               	subwf	visualizar_unidades@a^0,w,c
   305  007E6C  A0D8               	btfss	status,0,c
   306  007E6E  EF3B  F03F         	goto	u271
   307  007E72  EF3D  F03F         	goto	u270
   308  007E76                     u271:
   309  007E76  EF40  F03F         	goto	l62
   310  007E7A                     u270:
   311  007E7A                     
   312                           ;TIMER 22.c: 80:     {;TIMER 22.c: 81:         PORTEbits.RE0=1;
   313  007E7A  8084               	bsf	132,0,c	;volatile
   314                           
   315                           ;TIMER 22.c: 82:     }
   316  007E7C  EF41  F03F         	goto	l63
   317  007E80                     l62:
   318                           
   319                           ;TIMER 22.c: 84:     {;TIMER 22.c: 85:         PORTEbits.RE0=0;
   320  007E80  9084               	bcf	132,0,c	;volatile
   321  007E82                     l63:
   322                           
   323                           ;TIMER 22.c: 87:     return und;
   324  007E82  C013  F007         	movff	_und,?_visualizar_unidades
   325  007E86  C014  F008         	movff	_und+1,?_visualizar_unidades+1
   326  007E8A  0012               	return		;funcret
   327  007E8C                     __end_of_visualizar_unidades:
   328                           	callstack 0
   329                           
   330 ;; *************** function ___awmod *****************
   331 ;; Defined at:
   332 ;;		line 7 in file "C:\Program Files\Microchip\xc8\v2.20\pic\sources\c99\common\awmod.c"
   333 ;; Parameters:    Size  Location     Type
   334 ;;  dividend        2    0[COMRAM] int 
   335 ;;  divisor         2    2[COMRAM] int 
   336 ;; Auto vars:     Size  Location     Type
   337 ;;  sign            1    5[COMRAM] unsigned char 
   338 ;;  counter         1    4[COMRAM] unsigned char 
   339 ;; Return value:  Size  Location     Type
   340 ;;                  2    0[COMRAM] int 
   341 ;; Registers used:
   342 ;;		wreg, status,2, status,0
   343 ;; Tracked objects:
   344 ;;		On entry : 0/0
   345 ;;		On exit  : 0/0
   346 ;;		Unchanged: 0/0
   347 ;; Data sizes:     COMRAM   BANK0   BANK1   BANK2   BANK3   BANK4   BANK5   BANK6   BANK7
   348 ;;      Params:         4       0       0       0       0       0       0       0       0
   349 ;;      Locals:         2       0       0       0       0       0       0       0       0
   350 ;;      Temps:          0       0       0       0       0       0       0       0       0
   351 ;;      Totals:         6       0       0       0       0       0       0       0       0
   352 ;;Total ram usage:        6 bytes
   353 ;; Hardware stack levels used:    1
   354 ;; This function calls:
   355 ;;		Nothing
   356 ;; This function is called by:
   357 ;;		_visualizar_unidades
   358 ;; This function uses a non-reentrant model
   359 ;;
   360                           
   361                           	psect	text2
   362  007E8C                     __ptext2:
   363                           	callstack 0
   364  007E8C                     ___awmod:
   365                           	callstack 29
   366  007E8C  0E00               	movlw	0
   367  007E8E  6E06               	movwf	___awmod@sign^0,c
   368  007E90  BE02               	btfsc	(___awmod@dividend+1)^0,7,c
   369  007E92  EF4F  F03F         	goto	u210
   370  007E96  EF4D  F03F         	goto	u211
   371  007E9A                     u211:
   372  007E9A  EF55  F03F         	goto	l925
   373  007E9E                     u210:
   374  007E9E  6C01               	negf	___awmod@dividend^0,c
   375  007EA0  1E02               	comf	(___awmod@dividend+1)^0,f,c
   376  007EA2  B0D8               	btfsc	status,0,c
   377  007EA4  2A02               	incf	(___awmod@dividend+1)^0,f,c
   378  007EA6  0E01               	movlw	1
   379  007EA8  6E06               	movwf	___awmod@sign^0,c
   380  007EAA                     l925:
   381  007EAA  BE04               	btfsc	(___awmod@divisor+1)^0,7,c
   382  007EAC  EF5C  F03F         	goto	u220
   383  007EB0  EF5A  F03F         	goto	u221
   384  007EB4                     u221:
   385  007EB4  EF60  F03F         	goto	l929
   386  007EB8                     u220:
   387  007EB8  6C03               	negf	___awmod@divisor^0,c
   388  007EBA  1E04               	comf	(___awmod@divisor+1)^0,f,c
   389  007EBC  B0D8               	btfsc	status,0,c
   390  007EBE  2A04               	incf	(___awmod@divisor+1)^0,f,c
   391  007EC0                     l929:
   392  007EC0  5003               	movf	___awmod@divisor^0,w,c
   393  007EC2  1004               	iorwf	(___awmod@divisor+1)^0,w,c
   394  007EC4  B4D8               	btfsc	status,2,c
   395  007EC6  EF67  F03F         	goto	u231
   396  007ECA  EF69  F03F         	goto	u230
   397  007ECE                     u231:
   398  007ECE  EF8D  F03F         	goto	l945
   399  007ED2                     u230:
   400  007ED2  0E01               	movlw	1
   401  007ED4  6E05               	movwf	___awmod@counter^0,c
   402  007ED6  EF71  F03F         	goto	l935
   403  007EDA                     l933:
   404  007EDA  90D8               	bcf	status,0,c
   405  007EDC  3603               	rlcf	___awmod@divisor^0,f,c
   406  007EDE  3604               	rlcf	(___awmod@divisor+1)^0,f,c
   407  007EE0  2A05               	incf	___awmod@counter^0,f,c
   408  007EE2                     l935:
   409  007EE2  AE04               	btfss	(___awmod@divisor+1)^0,7,c
   410  007EE4  EF76  F03F         	goto	u241
   411  007EE8  EF78  F03F         	goto	u240
   412  007EEC                     u241:
   413  007EEC  EF6D  F03F         	goto	l933
   414  007EF0                     u240:
   415  007EF0                     l937:
   416  007EF0  5003               	movf	___awmod@divisor^0,w,c
   417  007EF2  5C01               	subwf	___awmod@dividend^0,w,c
   418  007EF4  5004               	movf	(___awmod@divisor+1)^0,w,c
   419  007EF6  5802               	subwfb	(___awmod@dividend+1)^0,w,c
   420  007EF8  A0D8               	btfss	status,0,c
   421  007EFA  EF81  F03F         	goto	u251
   422  007EFE  EF83  F03F         	goto	u250
   423  007F02                     u251:
   424  007F02  EF87  F03F         	goto	l941
   425  007F06                     u250:
   426  007F06  5003               	movf	___awmod@divisor^0,w,c
   427  007F08  5E01               	subwf	___awmod@dividend^0,f,c
   428  007F0A  5004               	movf	(___awmod@divisor+1)^0,w,c
   429  007F0C  5A02               	subwfb	(___awmod@dividend+1)^0,f,c
   430  007F0E                     l941:
   431  007F0E  90D8               	bcf	status,0,c
   432  007F10  3204               	rrcf	(___awmod@divisor+1)^0,f,c
   433  007F12  3203               	rrcf	___awmod@divisor^0,f,c
   434  007F14  2E05               	decfsz	___awmod@counter^0,f,c
   435  007F16  EF78  F03F         	goto	l937
   436  007F1A                     l945:
   437  007F1A  5006               	movf	___awmod@sign^0,w,c
   438  007F1C  B4D8               	btfsc	status,2,c
   439  007F1E  EF93  F03F         	goto	u261
   440  007F22  EF95  F03F         	goto	u260
   441  007F26                     u261:
   442  007F26  EF99  F03F         	goto	l949
   443  007F2A                     u260:
   444  007F2A  6C01               	negf	___awmod@dividend^0,c
   445  007F2C  1E02               	comf	(___awmod@dividend+1)^0,f,c
   446  007F2E  B0D8               	btfsc	status,0,c
   447  007F30  2A02               	incf	(___awmod@dividend+1)^0,f,c
   448  007F32                     l949:
   449  007F32  C001  F001         	movff	___awmod@dividend,?___awmod
   450  007F36  C002  F002         	movff	___awmod@dividend+1,?___awmod+1
   451  007F3A  0012               	return		;funcret
   452  007F3C                     __end_of___awmod:
   453                           	callstack 0
   454                           
   455 ;; *************** function _visualizar_decenas *****************
   456 ;; Defined at:
   457 ;;		line 90 in file "TIMER 22.c"
   458 ;; Parameters:    Size  Location     Type
   459 ;;		None
   460 ;; Auto vars:     Size  Location     Type
   461 ;;  b               2   10[COMRAM] int 
   462 ;; Return value:  Size  Location     Type
   463 ;;                  2    8[COMRAM] int 
   464 ;; Registers used:
   465 ;;		wreg, status,2, status,0, cstack
   466 ;; Tracked objects:
   467 ;;		On entry : 0/0
   468 ;;		On exit  : 0/0
   469 ;;		Unchanged: 0/0
   470 ;; Data sizes:     COMRAM   BANK0   BANK1   BANK2   BANK3   BANK4   BANK5   BANK6   BANK7
   471 ;;      Params:         2       0       0       0       0       0       0       0       0
   472 ;;      Locals:         2       0       0       0       0       0       0       0       0
   473 ;;      Temps:          0       0       0       0       0       0       0       0       0
   474 ;;      Totals:         4       0       0       0       0       0       0       0       0
   475 ;;Total ram usage:        4 bytes
   476 ;; Hardware stack levels used:    1
   477 ;; Hardware stack levels required when called:    1
   478 ;; This function calls:
   479 ;;		___awdiv
   480 ;; This function is called by:
   481 ;;		_main
   482 ;; This function uses a non-reentrant model
   483 ;;
   484                           
   485                           	psect	text3
   486  007DE0                     __ptext3:
   487                           	callstack 0
   488  007DE0                     _visualizar_decenas:
   489                           	callstack 29
   490  007DE0                     
   491                           ;TIMER 22.c: 93:     int b=TMR0-TMR1;
   492  007DE0  50CE               	movf	206,w,c	;volatile
   493  007DE2  5CD6               	subwf	214,w,c	;volatile
   494  007DE4  6E0B               	movwf	visualizar_decenas@b^0,c
   495  007DE6  50CF               	movf	207,w,c	;volatile
   496  007DE8  58D7               	subwfb	215,w,c	;volatile
   497  007DEA  6E0C               	movwf	(visualizar_decenas@b+1)^0,c
   498  007DEC                     
   499                           ;TIMER 22.c: 94:     dec=b/10;
   500  007DEC  C00B  F001         	movff	visualizar_decenas@b,___awdiv@dividend
   501  007DF0  C00C  F002         	movff	visualizar_decenas@b+1,___awdiv@dividend+1
   502  007DF4  0E00               	movlw	0
   503  007DF6  6E04               	movwf	(___awdiv@divisor+1)^0,c
   504  007DF8  0E0A               	movlw	10
   505  007DFA  6E03               	movwf	___awdiv@divisor^0,c
   506  007DFC  EC9E  F03F         	call	___awdiv	;wreg free
   507  007E00  C001  F011         	movff	?___awdiv,_dec
   508  007E04  C002  F012         	movff	?___awdiv+1,_dec+1
   509  007E08                     
   510                           ;TIMER 22.c: 96:         if(b>30)
   511  007E08  BE0C               	btfsc	(visualizar_decenas@b+1)^0,7,c
   512  007E0A  EF10  F03F         	goto	u281
   513  007E0E  500C               	movf	(visualizar_decenas@b+1)^0,w,c
   514  007E10  E109               	bnz	u280
   515  007E12  0E1F               	movlw	31
   516  007E14  5C0B               	subwf	visualizar_decenas@b^0,w,c
   517  007E16  A0D8               	btfss	status,0,c
   518  007E18  EF10  F03F         	goto	u281
   519  007E1C  EF12  F03F         	goto	u280
   520  007E20                     u281:
   521  007E20  EF15  F03F         	goto	l67
   522  007E24                     u280:
   523  007E24                     
   524                           ;TIMER 22.c: 97:     {;TIMER 22.c: 98:         PORTEbits.RE0=1;
   525  007E24  8084               	bsf	132,0,c	;volatile
   526                           
   527                           ;TIMER 22.c: 99:     }
   528  007E26  EF16  F03F         	goto	l68
   529  007E2A                     l67:
   530                           
   531                           ;TIMER 22.c: 101:     {;TIMER 22.c: 102:         PORTEbits.RE0=0;
   532  007E2A  9084               	bcf	132,0,c	;volatile
   533  007E2C                     l68:
   534                           
   535                           ;TIMER 22.c: 105:     return dec;
   536  007E2C  C011  F009         	movff	_dec,?_visualizar_decenas
   537  007E30  C012  F00A         	movff	_dec+1,?_visualizar_decenas+1
   538  007E34  0012               	return		;funcret
   539  007E36                     __end_of_visualizar_decenas:
   540                           	callstack 0
   541                           
   542 ;; *************** function ___awdiv *****************
   543 ;; Defined at:
   544 ;;		line 7 in file "C:\Program Files\Microchip\xc8\v2.20\pic\sources\c99\common\awdiv.c"
   545 ;; Parameters:    Size  Location     Type
   546 ;;  dividend        2    0[COMRAM] int 
   547 ;;  divisor         2    2[COMRAM] int 
   548 ;; Auto vars:     Size  Location     Type
   549 ;;  quotient        2    6[COMRAM] int 
   550 ;;  sign            1    5[COMRAM] unsigned char 
   551 ;;  counter         1    4[COMRAM] unsigned char 
   552 ;; Return value:  Size  Location     Type
   553 ;;                  2    0[COMRAM] int 
   554 ;; Registers used:
   555 ;;		wreg, status,2, status,0
   556 ;; Tracked objects:
   557 ;;		On entry : 0/0
   558 ;;		On exit  : 0/0
   559 ;;		Unchanged: 0/0
   560 ;; Data sizes:     COMRAM   BANK0   BANK1   BANK2   BANK3   BANK4   BANK5   BANK6   BANK7
   561 ;;      Params:         4       0       0       0       0       0       0       0       0
   562 ;;      Locals:         4       0       0       0       0       0       0       0       0
   563 ;;      Temps:          0       0       0       0       0       0       0       0       0
   564 ;;      Totals:         8       0       0       0       0       0       0       0       0
   565 ;;Total ram usage:        8 bytes
   566 ;; Hardware stack levels used:    1
   567 ;; This function calls:
   568 ;;		Nothing
   569 ;; This function is called by:
   570 ;;		_visualizar_decenas
   571 ;; This function uses a non-reentrant model
   572 ;;
   573                           
   574                           	psect	text4
   575  007F3C                     __ptext4:
   576                           	callstack 0
   577  007F3C                     ___awdiv:
   578                           	callstack 29
   579  007F3C  0E00               	movlw	0
   580  007F3E  6E06               	movwf	___awdiv@sign^0,c
   581  007F40  BE04               	btfsc	(___awdiv@divisor+1)^0,7,c
   582  007F42  EFA7  F03F         	goto	u150
   583  007F46  EFA5  F03F         	goto	u151
   584  007F4A                     u151:
   585  007F4A  EFAD  F03F         	goto	l881
   586  007F4E                     u150:
   587  007F4E  6C03               	negf	___awdiv@divisor^0,c
   588  007F50  1E04               	comf	(___awdiv@divisor+1)^0,f,c
   589  007F52  B0D8               	btfsc	status,0,c
   590  007F54  2A04               	incf	(___awdiv@divisor+1)^0,f,c
   591  007F56  0E01               	movlw	1
   592  007F58  6E06               	movwf	___awdiv@sign^0,c
   593  007F5A                     l881:
   594  007F5A  BE02               	btfsc	(___awdiv@dividend+1)^0,7,c
   595  007F5C  EFB4  F03F         	goto	u160
   596  007F60  EFB2  F03F         	goto	u161
   597  007F64                     u161:
   598  007F64  EFBA  F03F         	goto	l887
   599  007F68                     u160:
   600  007F68  6C01               	negf	___awdiv@dividend^0,c
   601  007F6A  1E02               	comf	(___awdiv@dividend+1)^0,f,c
   602  007F6C  B0D8               	btfsc	status,0,c
   603  007F6E  2A02               	incf	(___awdiv@dividend+1)^0,f,c
   604  007F70  0E01               	movlw	1
   605  007F72  1A06               	xorwf	___awdiv@sign^0,f,c
   606  007F74                     l887:
   607  007F74  0E00               	movlw	0
   608  007F76  6E08               	movwf	(___awdiv@quotient+1)^0,c
   609  007F78  0E00               	movlw	0
   610  007F7A  6E07               	movwf	___awdiv@quotient^0,c
   611  007F7C  5003               	movf	___awdiv@divisor^0,w,c
   612  007F7E  1004               	iorwf	(___awdiv@divisor+1)^0,w,c
   613  007F80  B4D8               	btfsc	status,2,c
   614  007F82  EFC5  F03F         	goto	u171
   615  007F86  EFC7  F03F         	goto	u170
   616  007F8A                     u171:
   617  007F8A  EFEF  F03F         	goto	l909
   618  007F8E                     u170:
   619  007F8E  0E01               	movlw	1
   620  007F90  6E05               	movwf	___awdiv@counter^0,c
   621  007F92  EFCF  F03F         	goto	l895
   622  007F96                     l893:
   623  007F96  90D8               	bcf	status,0,c
   624  007F98  3603               	rlcf	___awdiv@divisor^0,f,c
   625  007F9A  3604               	rlcf	(___awdiv@divisor+1)^0,f,c
   626  007F9C  2A05               	incf	___awdiv@counter^0,f,c
   627  007F9E                     l895:
   628  007F9E  AE04               	btfss	(___awdiv@divisor+1)^0,7,c
   629  007FA0  EFD4  F03F         	goto	u181
   630  007FA4  EFD6  F03F         	goto	u180
   631  007FA8                     u181:
   632  007FA8  EFCB  F03F         	goto	l893
   633  007FAC                     u180:
   634  007FAC                     l897:
   635  007FAC  90D8               	bcf	status,0,c
   636  007FAE  3607               	rlcf	___awdiv@quotient^0,f,c
   637  007FB0  3608               	rlcf	(___awdiv@quotient+1)^0,f,c
   638  007FB2  5003               	movf	___awdiv@divisor^0,w,c
   639  007FB4  5C01               	subwf	___awdiv@dividend^0,w,c
   640  007FB6  5004               	movf	(___awdiv@divisor+1)^0,w,c
   641  007FB8  5802               	subwfb	(___awdiv@dividend+1)^0,w,c
   642  007FBA  A0D8               	btfss	status,0,c
   643  007FBC  EFE2  F03F         	goto	u191
   644  007FC0  EFE4  F03F         	goto	u190
   645  007FC4                     u191:
   646  007FC4  EFE9  F03F         	goto	l905
   647  007FC8                     u190:
   648  007FC8  5003               	movf	___awdiv@divisor^0,w,c
   649  007FCA  5E01               	subwf	___awdiv@dividend^0,f,c
   650  007FCC  5004               	movf	(___awdiv@divisor+1)^0,w,c
   651  007FCE  5A02               	subwfb	(___awdiv@dividend+1)^0,f,c
   652  007FD0  8007               	bsf	___awdiv@quotient^0,0,c
   653  007FD2                     l905:
   654  007FD2  90D8               	bcf	status,0,c
   655  007FD4  3204               	rrcf	(___awdiv@divisor+1)^0,f,c
   656  007FD6  3203               	rrcf	___awdiv@divisor^0,f,c
   657  007FD8  2E05               	decfsz	___awdiv@counter^0,f,c
   658  007FDA  EFD6  F03F         	goto	l897
   659  007FDE                     l909:
   660  007FDE  5006               	movf	___awdiv@sign^0,w,c
   661  007FE0  B4D8               	btfsc	status,2,c
   662  007FE2  EFF5  F03F         	goto	u201
   663  007FE6  EFF7  F03F         	goto	u200
   664  007FEA                     u201:
   665  007FEA  EFFB  F03F         	goto	l913
   666  007FEE                     u200:
   667  007FEE  6C07               	negf	___awdiv@quotient^0,c
   668  007FF0  1E08               	comf	(___awdiv@quotient+1)^0,f,c
   669  007FF2  B0D8               	btfsc	status,0,c
   670  007FF4  2A08               	incf	(___awdiv@quotient+1)^0,f,c
   671  007FF6                     l913:
   672  007FF6  C007  F001         	movff	___awdiv@quotient,?___awdiv
   673  007FFA  C008  F002         	movff	___awdiv@quotient+1,?___awdiv+1
   674  007FFE  0012               	return		;funcret
   675  008000                     __end_of___awdiv:
   676                           	callstack 0
   677                           
   678 ;; *************** function _inicializar_puertos *****************
   679 ;; Defined at:
   680 ;;		line 14 in file "TIMER 22.c"
   681 ;; Parameters:    Size  Location     Type
   682 ;;		None
   683 ;; Auto vars:     Size  Location     Type
   684 ;;		None
   685 ;; Return value:  Size  Location     Type
   686 ;;                  1    wreg      void 
   687 ;; Registers used:
   688 ;;		wreg, status,2
   689 ;; Tracked objects:
   690 ;;		On entry : 0/0
   691 ;;		On exit  : 0/0
   692 ;;		Unchanged: 0/0
   693 ;; Data sizes:     COMRAM   BANK0   BANK1   BANK2   BANK3   BANK4   BANK5   BANK6   BANK7
   694 ;;      Params:         0       0       0       0       0       0       0       0       0
   695 ;;      Locals:         0       0       0       0       0       0       0       0       0
   696 ;;      Temps:          0       0       0       0       0       0       0       0       0
   697 ;;      Totals:         0       0       0       0       0       0       0       0       0
   698 ;;Total ram usage:        0 bytes
   699 ;; Hardware stack levels used:    1
   700 ;; This function calls:
   701 ;;		Nothing
   702 ;; This function is called by:
   703 ;;		_main
   704 ;; This function uses a non-reentrant model
   705 ;;
   706                           
   707                           	psect	text5
   708  007D8A                     __ptext5:
   709                           	callstack 0
   710  007D8A                     _inicializar_puertos:
   711                           	callstack 30
   712  007D8A                     
   713                           ;TIMER 22.c: 16:     ADCON1=0b00001111;
   714  007D8A  0E0F               	movlw	15
   715  007D8C  6EC1               	movwf	193,c	;volatile
   716                           
   717                           ;TIMER 22.c: 18:     TRISD=0;
   718  007D8E  0E00               	movlw	0
   719  007D90  6E95               	movwf	149,c	;volatile
   720                           
   721                           ;TIMER 22.c: 19:     PORTD=0;
   722  007D92  0E00               	movlw	0
   723  007D94  6E83               	movwf	131,c	;volatile
   724                           
   725                           ;TIMER 22.c: 21:     TRISB=0;
   726  007D96  0E00               	movlw	0
   727  007D98  6E93               	movwf	147,c	;volatile
   728                           
   729                           ;TIMER 22.c: 22:     PORTB=0;
   730  007D9A  0E00               	movlw	0
   731  007D9C  6E81               	movwf	129,c	;volatile
   732                           
   733                           ;TIMER 22.c: 24:     TRISE=0;
   734  007D9E  0E00               	movlw	0
   735  007DA0  6E96               	movwf	150,c	;volatile
   736                           
   737                           ;TIMER 22.c: 25:     PORTE=0;
   738  007DA2  0E00               	movlw	0
   739  007DA4  6E84               	movwf	132,c	;volatile
   740  007DA6                     
   741                           ;TIMER 22.c: 27:     TRISAbits.RA4=1;
   742  007DA6  8892               	bsf	146,4,c	;volatile
   743  007DA8                     
   744                           ;TIMER 22.c: 28:     TRISCbits.RC0=1;
   745  007DA8  8094               	bsf	148,0,c	;volatile
   746  007DAA  0012               	return		;funcret
   747  007DAC                     __end_of_inicializar_puertos:
   748                           	callstack 0
   749                           
   750 ;; *************** function _TIMER1 *****************
   751 ;; Defined at:
   752 ;;		line 45 in file "TIMER 22.c"
   753 ;; Parameters:    Size  Location     Type
   754 ;;		None
   755 ;; Auto vars:     Size  Location     Type
   756 ;;		None
   757 ;; Return value:  Size  Location     Type
   758 ;;                  1    wreg      void 
   759 ;; Registers used:
   760 ;;		wreg, status,2
   761 ;; Tracked objects:
   762 ;;		On entry : 0/0
   763 ;;		On exit  : 0/0
   764 ;;		Unchanged: 0/0
   765 ;; Data sizes:     COMRAM   BANK0   BANK1   BANK2   BANK3   BANK4   BANK5   BANK6   BANK7
   766 ;;      Params:         0       0       0       0       0       0       0       0       0
   767 ;;      Locals:         0       0       0       0       0       0       0       0       0
   768 ;;      Temps:          0       0       0       0       0       0       0       0       0
   769 ;;      Totals:         0       0       0       0       0       0       0       0       0
   770 ;;Total ram usage:        0 bytes
   771 ;; Hardware stack levels used:    1
   772 ;; This function calls:
   773 ;;		Nothing
   774 ;; This function is called by:
   775 ;;		_main
   776 ;; This function uses a non-reentrant model
   777 ;;
   778                           
   779                           	psect	text6
   780  007D64                     __ptext6:
   781                           	callstack 0
   782  007D64                     _TIMER1:
   783                           	callstack 30
   784  007D64                     
   785                           ;TIMER 22.c: 47:     T1CONbits.TMR1CS=1;
   786  007D64  82CD               	bsf	205,1,c	;volatile
   787                           
   788                           ;TIMER 22.c: 48:     T1CONbits.RD16=0;
   789  007D66  9ECD               	bcf	205,7,c	;volatile
   790  007D68                     
   791                           ;TIMER 22.c: 49:     T1CONbits.T1CKPS=00;
   792  007D68  0ECF               	movlw	-49
   793  007D6A  16CD               	andwf	205,f,c	;volatile
   794  007D6C                     
   795                           ;TIMER 22.c: 50:     T1CONbits.TMR1ON=1;
   796  007D6C  80CD               	bsf	205,0,c	;volatile
   797  007D6E                     
   798                           ;TIMER 22.c: 51:     PIR1bits.TMR1IF=0;
   799  007D6E  909E               	bcf	158,0,c	;volatile
   800  007D70                     
   801                           ;TIMER 22.c: 52:     PIE1bits.TMR1IE=1;
   802  007D70  809D               	bsf	157,0,c	;volatile
   803  007D72  0012               	return		;funcret
   804  007D74                     __end_of_TIMER1:
   805                           	callstack 0
   806                           
   807 ;; *************** function _TIMER0 *****************
   808 ;; Defined at:
   809 ;;		line 31 in file "TIMER 22.c"
   810 ;; Parameters:    Size  Location     Type
   811 ;;		None
   812 ;; Auto vars:     Size  Location     Type
   813 ;;		None
   814 ;; Return value:  Size  Location     Type
   815 ;;                  1    wreg      void 
   816 ;; Registers used:
   817 ;;		None
   818 ;; Tracked objects:
   819 ;;		On entry : 0/0
   820 ;;		On exit  : 0/0
   821 ;;		Unchanged: 0/0
   822 ;; Data sizes:     COMRAM   BANK0   BANK1   BANK2   BANK3   BANK4   BANK5   BANK6   BANK7
   823 ;;      Params:         0       0       0       0       0       0       0       0       0
   824 ;;      Locals:         0       0       0       0       0       0       0       0       0
   825 ;;      Temps:          0       0       0       0       0       0       0       0       0
   826 ;;      Totals:         0       0       0       0       0       0       0       0       0
   827 ;;Total ram usage:        0 bytes
   828 ;; Hardware stack levels used:    1
   829 ;; This function calls:
   830 ;;		Nothing
   831 ;; This function is called by:
   832 ;;		_main
   833 ;; This function uses a non-reentrant model
   834 ;;
   835                           
   836                           	psect	text7
   837  007D74                     __ptext7:
   838                           	callstack 0
   839  007D74                     _TIMER0:
   840                           	callstack 30
   841  007D74                     
   842                           ;TIMER 22.c: 33:    INTCONbits.GIE=0;
   843  007D74  9EF2               	bcf	242,7,c	;volatile
   844                           
   845                           ;TIMER 22.c: 34:    T0CONbits.T0SE=1;
   846  007D76  88D5               	bsf	213,4,c	;volatile
   847                           
   848                           ;TIMER 22.c: 35:    T0CONbits.T0CS=1;
   849  007D78  8AD5               	bsf	213,5,c	;volatile
   850                           
   851                           ;TIMER 22.c: 36:    T0CONbits.PSA=1;
   852  007D7A  86D5               	bsf	213,3,c	;volatile
   853                           
   854                           ;TIMER 22.c: 37:    T0CONbits.T08BIT=1;
   855  007D7C  8CD5               	bsf	213,6,c	;volatile
   856                           
   857                           ;TIMER 22.c: 38:    T0CONbits.TMR0ON=1;
   858  007D7E  8ED5               	bsf	213,7,c	;volatile
   859                           
   860                           ;TIMER 22.c: 39:    INTCONbits.TMR0IF=0;
   861  007D80  94F2               	bcf	242,2,c	;volatile
   862                           
   863                           ;TIMER 22.c: 40:    INTCONbits.TMR0IE=1;
   864  007D82  8AF2               	bsf	242,5,c	;volatile
   865                           
   866                           ;TIMER 22.c: 41:    INTCONbits.PEIE=1;
   867  007D84  8CF2               	bsf	242,6,c	;volatile
   868                           
   869                           ;TIMER 22.c: 42:    INTCONbits.GIE=1;
   870  007D86  8EF2               	bsf	242,7,c	;volatile
   871  007D88  0012               	return		;funcret
   872  007D8A                     __end_of_TIMER0:
   873                           	callstack 0
   874  0000                     
   875                           	psect	rparam
   876  0000                     
   877                           	psect	idloc
   878                           
   879                           ;Config register IDLOC0 @ 0x200000
   880                           ;	unspecified, using default values
   881  200000                     	org	2097152
   882  200000  FF                 	db	255
   883                           
   884                           ;Config register IDLOC1 @ 0x200001
   885                           ;	unspecified, using default values
   886  200001                     	org	2097153
   887  200001  FF                 	db	255
   888                           
   889                           ;Config register IDLOC2 @ 0x200002
   890                           ;	unspecified, using default values
   891  200002                     	org	2097154
   892  200002  FF                 	db	255
   893                           
   894                           ;Config register IDLOC3 @ 0x200003
   895                           ;	unspecified, using default values
   896  200003                     	org	2097155
   897  200003  FF                 	db	255
   898                           
   899                           ;Config register IDLOC4 @ 0x200004
   900                           ;	unspecified, using default values
   901  200004                     	org	2097156
   902  200004  FF                 	db	255
   903                           
   904                           ;Config register IDLOC5 @ 0x200005
   905                           ;	unspecified, using default values
   906  200005                     	org	2097157
   907  200005  FF                 	db	255
   908                           
   909                           ;Config register IDLOC6 @ 0x200006
   910                           ;	unspecified, using default values
   911  200006                     	org	2097158
   912  200006  FF                 	db	255
   913                           
   914                           ;Config register IDLOC7 @ 0x200007
   915                           ;	unspecified, using default values
   916  200007                     	org	2097159
   917  200007  FF                 	db	255
   918                           
   919                           	psect	config
   920                           
   921                           ;Config register CONFIG1L @ 0x300000
   922                           ;	unspecified, using default values
   923                           ;	PLL Prescaler Selection bits
   924                           ;	PLLDIV = 0x0, unprogrammed default
   925                           ;	System Clock Postscaler Selection bits
   926                           ;	CPUDIV = 0x0, unprogrammed default
   927                           ;	USB Clock Selection bit (used in Full-Speed USB mode only; UCFG:FSEN = 1)
   928                           ;	USBDIV = 0x0, unprogrammed default
   929  300000                     	org	3145728
   930  300000  00                 	db	0
   931                           
   932                           ;Config register CONFIG1H @ 0x300001
   933                           ;	unspecified, using default values
   934                           ;	Oscillator Selection bits
   935                           ;	FOSC = 0x5, unprogrammed default
   936                           ;	Fail-Safe Clock Monitor Enable bit
   937                           ;	FCMEN = 0x0, unprogrammed default
   938                           ;	Internal/External Oscillator Switchover bit
   939                           ;	IESO = 0x0, unprogrammed default
   940  300001                     	org	3145729
   941  300001  05                 	db	5
   942                           
   943                           ;Config register CONFIG2L @ 0x300002
   944                           ;	unspecified, using default values
   945                           ;	Power-up Timer Enable bit
   946                           ;	PWRT = 0x1, unprogrammed default
   947                           ;	Brown-out Reset Enable bits
   948                           ;	BOR = 0x3, unprogrammed default
   949                           ;	Brown-out Reset Voltage bits
   950                           ;	BORV = 0x3, unprogrammed default
   951                           ;	USB Voltage Regulator Enable bit
   952                           ;	VREGEN = 0x0, unprogrammed default
   953  300002                     	org	3145730
   954  300002  1F                 	db	31
   955                           
   956                           ;Config register CONFIG2H @ 0x300003
   957                           ;	unspecified, using default values
   958                           ;	Watchdog Timer Enable bit
   959                           ;	WDT = 0x1, unprogrammed default
   960                           ;	Watchdog Timer Postscale Select bits
   961                           ;	WDTPS = 0xF, unprogrammed default
   962  300003                     	org	3145731
   963  300003  1F                 	db	31
   964                           
   965                           ; Padding undefined space
   966  300004                     	org	3145732
   967  300004  FF                 	db	255
   968                           
   969                           ;Config register CONFIG3H @ 0x300005
   970                           ;	unspecified, using default values
   971                           ;	CCP2 MUX bit
   972                           ;	CCP2MX = 0x1, unprogrammed default
   973                           ;	PORTB A/D Enable bit
   974                           ;	PBADEN = 0x1, unprogrammed default
   975                           ;	Low-Power Timer 1 Oscillator Enable bit
   976                           ;	LPT1OSC = 0x0, unprogrammed default
   977                           ;	MCLR Pin Enable bit
   978                           ;	MCLRE = 0x1, unprogrammed default
   979  300005                     	org	3145733
   980  300005  83                 	db	131
   981                           
   982                           ;Config register CONFIG4L @ 0x300006
   983                           ;	unspecified, using default values
   984                           ;	Stack Full/Underflow Reset Enable bit
   985                           ;	STVREN = 0x1, unprogrammed default
   986                           ;	Single-Supply ICSP Enable bit
   987                           ;	LVP = 0x1, unprogrammed default
   988                           ;	Dedicated In-Circuit Debug/Programming Port (ICPORT) Enable bit
   989                           ;	ICPRT = 0x0, unprogrammed default
   990                           ;	Extended Instruction Set Enable bit
   991                           ;	XINST = 0x0, unprogrammed default
   992                           ;	Background Debugger Enable bit
   993                           ;	DEBUG = 0x1, unprogrammed default
   994  300006                     	org	3145734
   995  300006  85                 	db	133
   996                           
   997                           ; Padding undefined space
   998  300007                     	org	3145735
   999  300007  FF                 	db	255
  1000                           
  1001                           ;Config register CONFIG5L @ 0x300008
  1002                           ;	unspecified, using default values
  1003                           ;	Code Protection bit
  1004                           ;	CP0 = 0x1, unprogrammed default
  1005                           ;	Code Protection bit
  1006                           ;	CP1 = 0x1, unprogrammed default
  1007                           ;	Code Protection bit
  1008                           ;	CP2 = 0x1, unprogrammed default
  1009                           ;	Code Protection bit
  1010                           ;	CP3 = 0x1, unprogrammed default
  1011  300008                     	org	3145736
  1012  300008  0F                 	db	15
  1013                           
  1014                           ;Config register CONFIG5H @ 0x300009
  1015                           ;	unspecified, using default values
  1016                           ;	Boot Block Code Protection bit
  1017                           ;	CPB = 0x1, unprogrammed default
  1018                           ;	Data EEPROM Code Protection bit
  1019                           ;	CPD = 0x1, unprogrammed default
  1020  300009                     	org	3145737
  1021  300009  C0                 	db	192
  1022                           
  1023                           ;Config register CONFIG6L @ 0x30000A
  1024                           ;	unspecified, using default values
  1025                           ;	Write Protection bit
  1026                           ;	WRT0 = 0x1, unprogrammed default
  1027                           ;	Write Protection bit
  1028                           ;	WRT1 = 0x1, unprogrammed default
  1029                           ;	Write Protection bit
  1030                           ;	WRT2 = 0x1, unprogrammed default
  1031                           ;	Write Protection bit
  1032                           ;	WRT3 = 0x1, unprogrammed default
  1033  30000A                     	org	3145738
  1034  30000A  0F                 	db	15
  1035                           
  1036                           ;Config register CONFIG6H @ 0x30000B
  1037                           ;	unspecified, using default values
  1038                           ;	Configuration Register Write Protection bit
  1039                           ;	WRTC = 0x1, unprogrammed default
  1040                           ;	Boot Block Write Protection bit
  1041                           ;	WRTB = 0x1, unprogrammed default
  1042                           ;	Data EEPROM Write Protection bit
  1043                           ;	WRTD = 0x1, unprogrammed default
  1044  30000B                     	org	3145739
  1045  30000B  E0                 	db	224
  1046                           
  1047                           ;Config register CONFIG7L @ 0x30000C
  1048                           ;	unspecified, using default values
  1049                           ;	Table Read Protection bit
  1050                           ;	EBTR0 = 0x1, unprogrammed default
  1051                           ;	Table Read Protection bit
  1052                           ;	EBTR1 = 0x1, unprogrammed default
  1053                           ;	Table Read Protection bit
  1054                           ;	EBTR2 = 0x1, unprogrammed default
  1055                           ;	Table Read Protection bit
  1056                           ;	EBTR3 = 0x1, unprogrammed default
  1057  30000C                     	org	3145740
  1058  30000C  0F                 	db	15
  1059                           
  1060                           ;Config register CONFIG7H @ 0x30000D
  1061                           ;	unspecified, using default values
  1062                           ;	Boot Block Table Read Protection bit
  1063                           ;	EBTRB = 0x1, unprogrammed default
  1064  30000D                     	org	3145741
  1065  30000D  40                 	db	64
  1066                           tosu	equ	0xFFF
  1067                           tosh	equ	0xFFE
  1068                           tosl	equ	0xFFD
  1069                           stkptr	equ	0xFFC
  1070                           pclatu	equ	0xFFB
  1071                           pclath	equ	0xFFA
  1072                           pcl	equ	0xFF9
  1073                           tblptru	equ	0xFF8
  1074                           tblptrh	equ	0xFF7
  1075                           tblptrl	equ	0xFF6
  1076                           tablat	equ	0xFF5
  1077                           prodh	equ	0xFF4
  1078                           prodl	equ	0xFF3
  1079                           indf0	equ	0xFEF
  1080                           postinc0	equ	0xFEE
  1081                           postdec0	equ	0xFED
  1082                           preinc0	equ	0xFEC
  1083                           plusw0	equ	0xFEB
  1084                           fsr0h	equ	0xFEA
  1085                           fsr0l	equ	0xFE9
  1086                           wreg	equ	0xFE8
  1087                           indf1	equ	0xFE7
  1088                           postinc1	equ	0xFE6
  1089                           postdec1	equ	0xFE5
  1090                           preinc1	equ	0xFE4
  1091                           plusw1	equ	0xFE3
  1092                           fsr1h	equ	0xFE2
  1093                           fsr1l	equ	0xFE1
  1094                           bsr	equ	0xFE0
  1095                           indf2	equ	0xFDF
  1096                           postinc2	equ	0xFDE
  1097                           postdec2	equ	0xFDD
  1098                           preinc2	equ	0xFDC
  1099                           plusw2	equ	0xFDB
  1100                           fsr2h	equ	0xFDA
  1101                           fsr2l	equ	0xFD9
  1102                           status	equ	0xFD8

Data Sizes:
    Strings     0
    Constant    0
    Data        0
    BSS         4
    Persistent  0
    Stack       0

Auto Spaces:
    Space          Size  Autos    Used
    COMRAM           95     16      20
    BANK0           160      0       0
    BANK1           256      0       0
    BANK2           256      0       0
    BANK3           256      0       0
    BANK4           256      0       0
    BANK5           256      0       0
    BANK6           256      0       0
    BANK7           256      0       0

Pointer List with Targets:

    None.

Critical Paths under _main in COMRAM

    _main->_visualizar_decenas
    _visualizar_unidades->___awmod
    _visualizar_decenas->___awdiv

Critical Paths under _main in BANK0

    None.

Critical Paths under _main in BANK1

    None.

Critical Paths under _main in BANK2

    None.

Critical Paths under _main in BANK3

    None.

Critical Paths under _main in BANK4

    None.

Critical Paths under _main in BANK5

    None.

Critical Paths under _main in BANK6

    None.

Critical Paths under _main in BANK7

    None.

Call Graph Tables:

 ---------------------------------------------------------------------------------
 (Depth) Function   	        Calls       Base Space   Used Autos Params    Refs
 ---------------------------------------------------------------------------------
 (0) _main                                                 4     4      0    1036
                                             12 COMRAM     4     4      0
                             _TIMER0
                             _TIMER1
                _inicializar_puertos
                 _visualizar_decenas
                _visualizar_unidades
 ---------------------------------------------------------------------------------
 (1) _visualizar_unidades                                  4     2      2     493
                                              6 COMRAM     4     2      2
                            ___awmod
 ---------------------------------------------------------------------------------
 (2) ___awmod                                              6     2      4     448
                                              0 COMRAM     6     2      4
 ---------------------------------------------------------------------------------
 (1) _visualizar_decenas                                   4     2      2     497
                                              8 COMRAM     4     2      2
                            ___awdiv
 ---------------------------------------------------------------------------------
 (2) ___awdiv                                              8     4      4     452
                                              0 COMRAM     8     4      4
 ---------------------------------------------------------------------------------
 (1) _inicializar_puertos                                  0     0      0       0
 ---------------------------------------------------------------------------------
 (1) _TIMER1                                               0     0      0       0
 ---------------------------------------------------------------------------------
 (1) _TIMER0                                               0     0      0       0
 ---------------------------------------------------------------------------------
 Estimated maximum stack depth 2
 ---------------------------------------------------------------------------------

 Call Graph Graphs:

 _main (ROOT)
   _TIMER0
   _TIMER1
   _inicializar_puertos
   _visualizar_decenas
     ___awdiv
   _visualizar_unidades
     ___awmod

 Address spaces:
Name               Size   Autos  Total    Cost      Usage
BIGRAM             7FF      0       0      21        0.0%
EEDATA             100      0       0       0        0.0%
BITBANK7           100      0       0      18        0.0%
BANK7              100      0       0      19        0.0%
BITBANK6           100      0       0      16        0.0%
BANK6              100      0       0      17        0.0%
BITBANK5           100      0       0      14        0.0%
BANK5              100      0       0      15        0.0%
BITBANK4           100      0       0      12        0.0%
BANK4              100      0       0      13        0.0%
BITBANK3           100      0       0      10        0.0%
BANK3              100      0       0      11        0.0%
BITBANK2           100      0       0       8        0.0%
BANK2              100      0       0       9        0.0%
BITBANK1           100      0       0       6        0.0%
BANK1              100      0       0       7        0.0%
BITBANK0            A0      0       0       4        0.0%
BANK0               A0      0       0       5        0.0%
BITCOMRAM           5F      0       0       0        0.0%
COMRAM              5F     10      14       1       21.1%
BITSFR               0      0       0     200        0.0%
SFR                  0      0       0     200        0.0%
STACK                0      0       0       2        0.0%
NULL                 0      0       0       0        0.0%
ABS                  0      0      14      20        0.0%
DATA                 0      0      14       3        0.0%
CODE                 0      0       0       0        0.0%


Microchip Technology PIC18 Macro Assembler V2.20 build 20200408173844 
Symbol Table                                                                                   Fri Oct 02 21:04:26 2020

                          l51 7D72                            l45 7DAA                            l62 7E80  
                          l63 7E82                            l48 7D88                            l64 7E8A  
                          l67 7E2A                            l68 7E2C                            l69 7E34  
                ___awdiv@sign 0006                           l303 7FFE                           l316 7F3A  
                         l901 7FC8                           l831 7D74                           l911 7FEE  
                         l903 7FD0                           l841 7D70                           l833 7D64  
                         l825 7D8A                           l913 7FF6                           l905 7FD2  
                         l921 7E9E                           l835 7D68                           l827 7DA6  
                         l907 7FD8                           l931 7ED2                           l923 7EA6  
                         l837 7D6C                           l829 7DA8                           l909 7FDE  
                         l941 7F0E                           l933 7EDA                           l925 7EAA  
                         l917 7E8C                           l839 7D6E                           l943 7F14  
                         l935 7EE2                           l927 7EB8                           l919 7E90  
                         l881 7F5A                           l873 7F3C                           l961 7DE0  
                         l937 7EF0                           l945 7F1A                           l929 7EC0  
                         l953 7E36                           l891 7F8E                           l883 7F68  
                         l875 7F40                           l963 7DEC                           l947 7F2A  
                         l939 7F06                           l955 7E42                           l971 7DB0  
                         l893 7F96                           l885 7F70                           l877 7F4E  
                         l965 7E08                           l949 7F32                           l957 7E5E  
                         l981 7DD4                           l973 7DB4                           l895 7F9E  
                         l887 7F74                           l879 7F56                           l967 7E24  
                         l959 7E7A                           l975 7DB8                           l897 7FAC  
                         l889 7F7C                           l977 7DC4                           l969 7DAC  
                         l899 7FB2                           l979 7DC8                           u200 7FEE  
                         u201 7FEA                           u210 7E9E                           u211 7E9A  
                         u220 7EB8                           u221 7EB4                           u150 7F4E  
                         u230 7ED2                           u151 7F4A                           u231 7ECE  
                         u160 7F68                           u240 7EF0                           u161 7F64  
                         u241 7EEC                           u170 7F8E                           u250 7F06  
                         u171 7F8A                           u251 7F02                           u180 7FAC  
                         u260 7F2A                           u181 7FA8                           u261 7F26  
                         u190 7FC8                           u270 7E7A                           u191 7FC4  
                         u271 7E76                           u280 7E24                           u281 7E20  
                         _dec 0011                           _und 0013                  ___awmod@sign 0006  
                        _TMR0 000FD6                          _TMR1 000FCE                          _main 7DAC  
                        start 0000                  ___param_bank 000000                         ?_main 0001  
             __end_of___awdiv 8000               __end_of___awmod 7F3C               ___awdiv@divisor 0003  
             ___awdiv@counter 0005                         _PORTB 000F81                         _PORTD 000F83  
                       _PORTE 000F84                         _TRISB 000F93                         _TRISD 000F95  
                       _TRISE 000F96  __size_of_inicializar_puertos 0022                         main@x 000D  
                       main@y 000F                         status 000FD8               __initialization 7D56  
                __end_of_main 7DE0                        ??_main 000D                 __activetblptr 000000  
                      _ADCON1 000FC1              ___awdiv@dividend 0001                        _TIMER0 7D74  
                      _TIMER1 7D64                     ??___awdiv 0005                     ??___awmod 0005  
 __end_of_visualizar_unidades 7E8C              ___awdiv@quotient 0007               ___awmod@divisor 0003  
             ___awmod@counter 0005                    __accesstop 0060       __end_of__initialization 7D5E  
 __size_of_visualizar_decenas 0056                 ___rparam_used 000001                __pcstackCOMRAM 0001  
                     ?_TIMER0 0001                       ?_TIMER1 0001           _inicializar_puertos 7D8A  
        ?_inicializar_puertos 0001               __size_of_TIMER0 0016               __size_of_TIMER1 0010  
                     __Hparam 0000                       __Lparam 0000                       ___awdiv 7F3C  
                     ___awmod 7E8C                       __pcinit 7D56                       __ramtop 0800  
                     __ptext0 7DAC                       __ptext1 7E36                       __ptext2 7E8C  
                     __ptext3 7DE0                       __ptext4 7F3C                       __ptext5 7D8A  
                     __ptext6 7D64                       __ptext7 7D74                     _T0CONbits 000FD5  
                   _T1CONbits 000FCD              ___awmod@dividend 0001         ??_inicializar_puertos 0001  
        end_of_initialization 7D5E                     _PORTEbits 000F84                     _TRISAbits 000F92  
                   _TRISCbits 000F94                __end_of_TIMER0 7D8A                __end_of_TIMER1 7D74  
__size_of_visualizar_unidades 0056           start_initialization 7D56    __end_of_visualizar_decenas 7E36  
                    ??_TIMER0 0001                      ??_TIMER1 0001                   __pbssCOMRAM 0011  
                    ?___awdiv 0001                      ?___awmod 0001                      _PIE1bits 000F9D  
                    _PIR1bits 000F9E          visualizar_unidades@a 0009   __end_of_inicializar_puertos 7DAC  
         visualizar_decenas@b 000B           _visualizar_unidades 7E36                      __Hrparam 0000  
                    __Lrparam 0000              __size_of___awdiv 00C4              __size_of___awmod 00B0  
        ?_visualizar_unidades 0007                 __size_of_main 0034            _visualizar_decenas 7DE0  
         ?_visualizar_decenas 0009         ??_visualizar_unidades 0009                    _INTCONbits 000FF2  
        ??_visualizar_decenas 000B  
