

Microchip MPLAB XC8 Assembler V2.20 build 20200408173844 
                                                                                               Sun Oct 04 18:46:28 2020

Microchip MPLAB XC8 C Compiler v2.20 (Free license) build 20200408173844 Og1 
     1                           	processor	18F4550
     2                           	fnconf	rparam,??,?,0
     3                           	pagewidth 120
     4                           	opt	flic
     5                           	psect	cinit,global,reloc=2,class=CODE,delta=1
     6                           	psect	bssCOMRAM,global,class=COMRAM,space=1,delta=1,lowdata,noexec
     7                           	psect	cstackCOMRAM,global,class=COMRAM,space=1,delta=1,lowdata,noexec
     8                           	psect	text0,global,reloc=2,class=CODE,delta=1
     9                           	psect	text1,global,reloc=2,class=CODE,delta=1
    10                           	psect	intcode,global,reloc=2,class=CODE,delta=1
    11                           	psect	intcode_body,global,reloc=2,class=CODE,delta=1
    12                           	psect	intsave_regs,global,class=BIGRAM,space=1,delta=1,noexec
    13                           	psect	rparam,global,class=COMRAM,space=1,delta=1,noexec
    14                           	psect	temp,global,ovrld,common,class=COMRAM,space=1,delta=1
    15                           	psect	idloc,global,abs,ovrld,class=IDLOC,space=5,delta=1,noexec
    16                           	psect	config,global,abs,ovrld,class=CONFIG,space=4,delta=1,noexec
    17  0000                     
    18                           ; Version 2.20
    19                           ; Generated 12/02/2020 GMT
    20                           ; 
    21                           ; Copyright © 2020, Microchip Technology Inc. and its subsidiaries ("Microchip")
    22                           ; All rights reserved.
    23                           ; 
    24                           ; This software is developed by Microchip Technology Inc. and its subsidiaries ("Microch
      +                          ip").
    25                           ; 
    26                           ; Redistribution and use in source and binary forms, with or without modification, are
    27                           ; permitted provided that the following conditions are met:
    28                           ; 
    29                           ;     1. Redistributions of source code must retain the above copyright notice, this lis
      +                          t of
    30                           ;        conditions and the following disclaimer.
    31                           ; 
    32                           ;     2. Redistributions in binary form must reproduce the above copyright notice, this 
      +                          list
    33                           ;        of conditions and the following disclaimer in the documentation and/or other
    34                           ;        materials provided with the distribution.
    35                           ; 
    36                           ;     3. Microchip's name may not be used to endorse or promote products derived from th
      +                          is
    37                           ;        software without specific prior written permission.
    38                           ; 
    39                           ; THIS SOFTWARE IS PROVIDED BY MICROCHIP "AS IS" AND ANY EXPRESS OR IMPLIED WARRANTIES,
    40                           ; INCLUDING, BUT NOT LIMITED TO, THE IMPLIED WARRANTIES OF MERCHANTABILITY AND FITNESS F
      +                          OR
    41                           ; PURPOSE ARE DISCLAIMED.  IN NO EVENT SHALL MICROCHIP BE LIABLE FOR ANY DIRECT, INDIREC
      +                          T,
    42                           ; INCIDENTAL, SPECIAL, EXEMPLARY, OR CONSEQUENTIAL DAMAGES (INCLUDING BUT NOT LIMITED TO
    43                           ; PROCUREMENT OF SUBSTITUTE GOODS OR SERVICES; LOSS OF USE, DATA OR PROFITS; OR BUSINESS
    44                           ; INTERRUPTION) HOWSOEVER CAUSED AND ON ANY THEORY OF LIABILITY, WHETHER IN CONTRACT, ST
      +                          RICT
    45                           ; LIABILITY, OR TORT (INCLUDING NEGLIGENCE OR OTHERWISE) ARISING IN ANY WAY OUT OF THE U
      +                          SE OF
    46                           ; THIS SOFTWARE, EVEN IF ADVISED OF THE POSSIBILITY OF SUCH DAMAGE.
    47                           ; 
    48                           ; 
    49                           ; Code-generator required, PIC18F4550 Definitions
    50                           ; 
    51                           ; SFR Addresses
    52  0000                     _TMR0	set	4054
    53  0000                     _TRISA	set	3986
    54  0000                     _PORTA	set	3968
    55  0000                     _LATAbits	set	3977
    56  0000                     _T0CONbits	set	4053
    57  0000                     _INTCONbits	set	4082
    58  0000                     _TMR0IF	set	32658
    59                           
    60                           ; #config settings
    61                           
    62                           	psect	cinit
    63  0000B4                     __pcinit:
    64                           	callstack 0
    65  0000B4                     start_initialization:
    66                           	callstack 0
    67  0000B4                     __initialization:
    68                           	callstack 0
    69                           
    70                           ; Clear objects allocated to COMRAM (2 bytes)
    71  0000B4  6A02               	clrf	(__pbssCOMRAM+1)& (0+255),c
    72  0000B6  6A01               	clrf	__pbssCOMRAM& (0+255),c
    73  0000B8                     end_of_initialization:
    74                           	callstack 0
    75  0000B8                     __end_of__initialization:
    76                           	callstack 0
    77  0000B8  9004               	bcf	int$flags,0,c	;clear compiler interrupt flag (level 1)
    78  0000BA  9204               	bcf	int$flags,1,c	;clear compiler interrupt flag (level 2)
    79  0000BC  0100               	movlb	0
    80  0000BE  EF50  F000         	goto	_main	;jump to C main() function
    81                           
    82                           	psect	bssCOMRAM
    83  000001                     __pbssCOMRAM:
    84                           	callstack 0
    85  000001                     _cont:
    86                           	callstack 0
    87  000001                     	ds	2
    88                           
    89                           	psect	cstackCOMRAM
    90  000003                     __pcstackCOMRAM:
    91                           	callstack 0
    92  000003                     ??_TIMER_0:
    93  000003                     
    94                           ; 1 bytes @ 0x0
    95  000003                     	ds	1
    96  000004                     
    97                           ; 1 bytes @ 0x1
    98 ;;
    99 ;;Main: autosize = 0, tempsize = 0, incstack = 0, save=0
   100 ;;
   101 ;; *************** function _main *****************
   102 ;; Defined at:
   103 ;;		line 45 in file "PWM2.c"
   104 ;; Parameters:    Size  Location     Type
   105 ;;		None
   106 ;; Auto vars:     Size  Location     Type
   107 ;;		None
   108 ;; Return value:  Size  Location     Type
   109 ;;                  1    wreg      void 
   110 ;; Registers used:
   111 ;;		wreg, status,2, cstack
   112 ;; Tracked objects:
   113 ;;		On entry : 0/0
   114 ;;		On exit  : 0/0
   115 ;;		Unchanged: 0/0
   116 ;; Data sizes:     COMRAM   BANK0   BANK1   BANK2   BANK3   BANK4   BANK5   BANK6   BANK7
   117 ;;      Params:         0       0       0       0       0       0       0       0       0
   118 ;;      Locals:         0       0       0       0       0       0       0       0       0
   119 ;;      Temps:          0       0       0       0       0       0       0       0       0
   120 ;;      Totals:         0       0       0       0       0       0       0       0       0
   121 ;;Total ram usage:        0 bytes
   122 ;; Hardware stack levels required when called:    2
   123 ;; This function calls:
   124 ;;		_TIMER0
   125 ;; This function is called by:
   126 ;;		Startup code after reset
   127 ;; This function uses a non-reentrant model
   128 ;;
   129                           
   130                           	psect	text0
   131  0000A0                     __ptext0:
   132                           	callstack 0
   133  0000A0                     _main:
   134                           	callstack 29
   135  0000A0                     
   136                           ;PWM2.c: 46:     TRISA=0;
   137  0000A0  0E00               	movlw	0
   138  0000A2  6E92               	movwf	146,c	;volatile
   139                           
   140                           ;PWM2.c: 47:     PORTA=0;
   141  0000A4  0E00               	movlw	0
   142  0000A6  6E80               	movwf	128,c	;volatile
   143  0000A8                     
   144                           ;PWM2.c: 48:     TIMER0 ();
   145  0000A8  EC44  F000         	call	_TIMER0	;wreg free
   146  0000AC                     l32:
   147  0000AC  EF56  F000         	goto	l32
   148  0000B0  EF07  F000         	goto	start
   149  0000B4                     __end_of_main:
   150                           	callstack 0
   151                           
   152 ;; *************** function _TIMER0 *****************
   153 ;; Defined at:
   154 ;;		line 11 in file "PWM2.c"
   155 ;; Parameters:    Size  Location     Type
   156 ;;		None
   157 ;; Auto vars:     Size  Location     Type
   158 ;;		None
   159 ;; Return value:  Size  Location     Type
   160 ;;                  1    wreg      void 
   161 ;; Registers used:
   162 ;;		wreg, status,2
   163 ;; Tracked objects:
   164 ;;		On entry : 0/0
   165 ;;		On exit  : 0/0
   166 ;;		Unchanged: 0/0
   167 ;; Data sizes:     COMRAM   BANK0   BANK1   BANK2   BANK3   BANK4   BANK5   BANK6   BANK7
   168 ;;      Params:         0       0       0       0       0       0       0       0       0
   169 ;;      Locals:         0       0       0       0       0       0       0       0       0
   170 ;;      Temps:          0       0       0       0       0       0       0       0       0
   171 ;;      Totals:         0       0       0       0       0       0       0       0       0
   172 ;;Total ram usage:        0 bytes
   173 ;; Hardware stack levels used:    1
   174 ;; Hardware stack levels required when called:    1
   175 ;; This function calls:
   176 ;;		Nothing
   177 ;; This function is called by:
   178 ;;		_main
   179 ;; This function uses a non-reentrant model
   180 ;;
   181                           
   182                           	psect	text1
   183  000088                     __ptext1:
   184                           	callstack 0
   185  000088                     _TIMER0:
   186                           	callstack 29
   187  000088                     
   188                           ;PWM2.c: 13:     INTCONbits.GIE=0;
   189  000088  9EF2               	bcf	242,7,c	;volatile
   190                           
   191                           ;PWM2.c: 14:     INTCONbits.PEIE=1;
   192  00008A  8CF2               	bsf	242,6,c	;volatile
   193                           
   194                           ;PWM2.c: 15:     INTCONbits.TMR0IE=1;
   195  00008C  8AF2               	bsf	242,5,c	;volatile
   196                           
   197                           ;PWM2.c: 16:     INTCONbits.TMR0IF=0;
   198  00008E  94F2               	bcf	242,2,c	;volatile
   199                           
   200                           ;PWM2.c: 17:     INTCONbits.GIE=1;
   201  000090  8EF2               	bsf	242,7,c	;volatile
   202                           
   203                           ;PWM2.c: 19:     T0CONbits.TMR0ON=1;
   204  000092  8ED5               	bsf	213,7,c	;volatile
   205                           
   206                           ;PWM2.c: 20:     T0CONbits.T08BIT=1;
   207  000094  8CD5               	bsf	213,6,c	;volatile
   208                           
   209                           ;PWM2.c: 21:     T0CONbits.T0CS=0;
   210  000096  9AD5               	bcf	213,5,c	;volatile
   211                           
   212                           ;PWM2.c: 22:     T0CONbits.PSA=0;
   213  000098  96D5               	bcf	213,3,c	;volatile
   214  00009A                     
   215                           ;PWM2.c: 23:     T0CONbits.T0PS=0b111;
   216  00009A  0E07               	movlw	7
   217  00009C  12D5               	iorwf	213,f,c	;volatile
   218  00009E  0012               	return		;funcret
   219  0000A0                     __end_of_TIMER0:
   220                           	callstack 0
   221                           
   222 ;; *************** function _TIMER_0 *****************
   223 ;; Defined at:
   224 ;;		line 26 in file "PWM2.c"
   225 ;; Parameters:    Size  Location     Type
   226 ;;		None
   227 ;; Auto vars:     Size  Location     Type
   228 ;;		None
   229 ;; Return value:  Size  Location     Type
   230 ;;                  1    wreg      void 
   231 ;; Registers used:
   232 ;;		wreg, status,2, status,0
   233 ;; Tracked objects:
   234 ;;		On entry : 0/0
   235 ;;		On exit  : 0/0
   236 ;;		Unchanged: 0/0
   237 ;; Data sizes:     COMRAM   BANK0   BANK1   BANK2   BANK3   BANK4   BANK5   BANK6   BANK7
   238 ;;      Params:         0       0       0       0       0       0       0       0       0
   239 ;;      Locals:         0       0       0       0       0       0       0       0       0
   240 ;;      Temps:          1       0       0       0       0       0       0       0       0
   241 ;;      Totals:         1       0       0       0       0       0       0       0       0
   242 ;;Total ram usage:        1 bytes
   243 ;; Hardware stack levels used:    1
   244 ;; This function calls:
   245 ;;		Nothing
   246 ;; This function is called by:
   247 ;;		Interrupt level 2
   248 ;; This function uses a non-reentrant model
   249 ;;
   250                           
   251                           	psect	intcode
   252  000008                     __pintcode:
   253                           	callstack 0
   254  000008                     _TIMER_0:
   255                           	callstack 29
   256                           
   257                           ;incstack = 0
   258  000008  8204               	bsf	int$flags,1,c	;set compiler interrupt flag (level 2)
   259  00000A  ED09  F000         	call	int_func,f	;refresh shadow registers
   260                           
   261                           	psect	intcode_body
   262  000012                     __pintcode_body:
   263                           	callstack 29
   264  000012                     int_func:
   265                           	callstack 29
   266  000012  0006               	pop		; remove dummy address from shadow register refresh
   267  000014                     
   268                           ;PWM2.c: 28:     if(cont==0)
   269  000014  5001               	movf	_cont^0,w,c
   270  000016  1002               	iorwf	(_cont+1)^0,w,c
   271  000018  A4D8               	btfss	status,2,c
   272  00001A  EF11  F000         	goto	i2u1_41
   273  00001E  EF13  F000         	goto	i2u1_40
   274  000022                     i2u1_41:
   275  000022  EF2E  F000         	goto	i2l725
   276  000026                     i2u1_40:
   277  000026                     
   278                           ;PWM2.c: 29:     {;PWM2.c: 30:         LATAbits.LA0 = !LATAbits.LA0;
   279  000026  A089               	btfss	137,0,c	;volatile
   280  000028  EF18  F000         	goto	i2u2_41
   281  00002C  EF1C  F000         	goto	i2u2_40
   282  000030                     i2u2_41:
   283  000030  6A03               	clrf	??_TIMER_0^0,c
   284  000032  2A03               	incf	??_TIMER_0^0,f,c
   285  000034  EF1D  F000         	goto	i2u3_48
   286  000038                     i2u2_40:
   287  000038  6A03               	clrf	??_TIMER_0^0,c
   288  00003A                     i2u3_48:
   289  00003A  5089               	movf	137,w,c	;volatile
   290  00003C  1803               	xorwf	??_TIMER_0^0,w,c
   291  00003E  0BFE               	andlw	-2
   292  000040  1803               	xorwf	??_TIMER_0^0,w,c
   293  000042  6E89               	movwf	137,c	;volatile
   294  000044                     
   295                           ;PWM2.c: 31:         TMR0=256-51;
   296  000044  0E00               	movlw	0
   297  000046  6ED7               	movwf	215,c	;volatile
   298  000048  0ECD               	movlw	205
   299  00004A  6ED6               	movwf	214,c	;volatile
   300  00004C                     
   301                           ;PWM2.c: 32:         cont=1;
   302  00004C  0E00               	movlw	0
   303  00004E  6E02               	movwf	(_cont+1)^0,c
   304  000050  0E01               	movlw	1
   305  000052  6E01               	movwf	_cont^0,c
   306  000054                     
   307                           ;PWM2.c: 33:         PORTA=TMR0;
   308  000054  CFD6 FF80          	movff	4054,3968	;volatile
   309                           
   310                           ;PWM2.c: 34:     }
   311  000058  EF41  F000         	goto	i2l731
   312  00005C                     i2l725:
   313  00005C  0401               	decf	_cont^0,w,c
   314  00005E  1002               	iorwf	(_cont+1)^0,w,c
   315  000060  A4D8               	btfss	status,2,c
   316  000062  EF35  F000         	goto	i2u4_41
   317  000066  EF37  F000         	goto	i2u4_40
   318  00006A                     i2u4_41:
   319  00006A  EF41  F000         	goto	i2l731
   320  00006E                     i2u4_40:
   321  00006E                     
   322                           ;PWM2.c: 36:     {;PWM2.c: 37:         TMR0=51;
   323  00006E  0E00               	movlw	0
   324  000070  6ED7               	movwf	215,c	;volatile
   325  000072  0E33               	movlw	51
   326  000074  6ED6               	movwf	214,c	;volatile
   327                           
   328                           ;PWM2.c: 38:         cont=0;
   329  000076  0E00               	movlw	0
   330  000078  6E02               	movwf	(_cont+1)^0,c
   331  00007A  0E00               	movlw	0
   332  00007C  6E01               	movwf	_cont^0,c
   333  00007E                     
   334                           ;PWM2.c: 39:         PORTA=TMR0;
   335  00007E  CFD6 FF80          	movff	4054,3968	;volatile
   336  000082                     i2l731:
   337                           
   338                           ;PWM2.c: 42:     TMR0IF=0;
   339  000082  94F2               	bcf	4082,2,c	;volatile
   340  000084  9204               	bcf	int$flags,1,c	;clear compiler interrupt flag (level 2)
   341  000086  0011               	retfie		f
   342  000088                     __end_of_TIMER_0:
   343                           	callstack 0
   344  0000                     
   345                           	psect	rparam
   346  0000                     
   347                           	psect	temp
   348  000004                     btemp:
   349                           	callstack 0
   350  000004                     	ds	1
   351  0000                     int$flags	set	btemp
   352  0000                     wtemp8	set	btemp+1
   353  0000                     ttemp5	set	btemp+1
   354  0000                     ttemp6	set	btemp+4
   355  0000                     ttemp7	set	btemp+8
   356                           
   357                           	psect	idloc
   358                           
   359                           ;Config register IDLOC0 @ 0x200000
   360                           ;	unspecified, using default values
   361  200000                     	org	2097152
   362  200000  FF                 	db	255
   363                           
   364                           ;Config register IDLOC1 @ 0x200001
   365                           ;	unspecified, using default values
   366  200001                     	org	2097153
   367  200001  FF                 	db	255
   368                           
   369                           ;Config register IDLOC2 @ 0x200002
   370                           ;	unspecified, using default values
   371  200002                     	org	2097154
   372  200002  FF                 	db	255
   373                           
   374                           ;Config register IDLOC3 @ 0x200003
   375                           ;	unspecified, using default values
   376  200003                     	org	2097155
   377  200003  FF                 	db	255
   378                           
   379                           ;Config register IDLOC4 @ 0x200004
   380                           ;	unspecified, using default values
   381  200004                     	org	2097156
   382  200004  FF                 	db	255
   383                           
   384                           ;Config register IDLOC5 @ 0x200005
   385                           ;	unspecified, using default values
   386  200005                     	org	2097157
   387  200005  FF                 	db	255
   388                           
   389                           ;Config register IDLOC6 @ 0x200006
   390                           ;	unspecified, using default values
   391  200006                     	org	2097158
   392  200006  FF                 	db	255
   393                           
   394                           ;Config register IDLOC7 @ 0x200007
   395                           ;	unspecified, using default values
   396  200007                     	org	2097159
   397  200007  FF                 	db	255
   398                           
   399                           	psect	config
   400                           
   401                           ;Config register CONFIG1L @ 0x300000
   402                           ;	unspecified, using default values
   403                           ;	PLL Prescaler Selection bits
   404                           ;	PLLDIV = 0x0, unprogrammed default
   405                           ;	System Clock Postscaler Selection bits
   406                           ;	CPUDIV = 0x0, unprogrammed default
   407                           ;	USB Clock Selection bit (used in Full-Speed USB mode only; UCFG:FSEN = 1)
   408                           ;	USBDIV = 0x0, unprogrammed default
   409  300000                     	org	3145728
   410  300000  00                 	db	0
   411                           
   412                           ;Config register CONFIG1H @ 0x300001
   413                           ;	unspecified, using default values
   414                           ;	Oscillator Selection bits
   415                           ;	FOSC = 0x5, unprogrammed default
   416                           ;	Fail-Safe Clock Monitor Enable bit
   417                           ;	FCMEN = 0x0, unprogrammed default
   418                           ;	Internal/External Oscillator Switchover bit
   419                           ;	IESO = 0x0, unprogrammed default
   420  300001                     	org	3145729
   421  300001  05                 	db	5
   422                           
   423                           ;Config register CONFIG2L @ 0x300002
   424                           ;	unspecified, using default values
   425                           ;	Power-up Timer Enable bit
   426                           ;	PWRT = 0x1, unprogrammed default
   427                           ;	Brown-out Reset Enable bits
   428                           ;	BOR = 0x3, unprogrammed default
   429                           ;	Brown-out Reset Voltage bits
   430                           ;	BORV = 0x3, unprogrammed default
   431                           ;	USB Voltage Regulator Enable bit
   432                           ;	VREGEN = 0x0, unprogrammed default
   433  300002                     	org	3145730
   434  300002  1F                 	db	31
   435                           
   436                           ;Config register CONFIG2H @ 0x300003
   437                           ;	unspecified, using default values
   438                           ;	Watchdog Timer Enable bit
   439                           ;	WDT = 0x1, unprogrammed default
   440                           ;	Watchdog Timer Postscale Select bits
   441                           ;	WDTPS = 0xF, unprogrammed default
   442  300003                     	org	3145731
   443  300003  1F                 	db	31
   444                           
   445                           ; Padding undefined space
   446  300004                     	org	3145732
   447  300004  FF                 	db	255
   448                           
   449                           ;Config register CONFIG3H @ 0x300005
   450                           ;	unspecified, using default values
   451                           ;	CCP2 MUX bit
   452                           ;	CCP2MX = 0x1, unprogrammed default
   453                           ;	PORTB A/D Enable bit
   454                           ;	PBADEN = 0x1, unprogrammed default
   455                           ;	Low-Power Timer 1 Oscillator Enable bit
   456                           ;	LPT1OSC = 0x0, unprogrammed default
   457                           ;	MCLR Pin Enable bit
   458                           ;	MCLRE = 0x1, unprogrammed default
   459  300005                     	org	3145733
   460  300005  83                 	db	131
   461                           
   462                           ;Config register CONFIG4L @ 0x300006
   463                           ;	unspecified, using default values
   464                           ;	Stack Full/Underflow Reset Enable bit
   465                           ;	STVREN = 0x1, unprogrammed default
   466                           ;	Single-Supply ICSP Enable bit
   467                           ;	LVP = 0x1, unprogrammed default
   468                           ;	Dedicated In-Circuit Debug/Programming Port (ICPORT) Enable bit
   469                           ;	ICPRT = 0x0, unprogrammed default
   470                           ;	Extended Instruction Set Enable bit
   471                           ;	XINST = 0x0, unprogrammed default
   472                           ;	Background Debugger Enable bit
   473                           ;	DEBUG = 0x1, unprogrammed default
   474  300006                     	org	3145734
   475  300006  85                 	db	133
   476                           
   477                           ; Padding undefined space
   478  300007                     	org	3145735
   479  300007  FF                 	db	255
   480                           
   481                           ;Config register CONFIG5L @ 0x300008
   482                           ;	unspecified, using default values
   483                           ;	Code Protection bit
   484                           ;	CP0 = 0x1, unprogrammed default
   485                           ;	Code Protection bit
   486                           ;	CP1 = 0x1, unprogrammed default
   487                           ;	Code Protection bit
   488                           ;	CP2 = 0x1, unprogrammed default
   489                           ;	Code Protection bit
   490                           ;	CP3 = 0x1, unprogrammed default
   491  300008                     	org	3145736
   492  300008  0F                 	db	15
   493                           
   494                           ;Config register CONFIG5H @ 0x300009
   495                           ;	unspecified, using default values
   496                           ;	Boot Block Code Protection bit
   497                           ;	CPB = 0x1, unprogrammed default
   498                           ;	Data EEPROM Code Protection bit
   499                           ;	CPD = 0x1, unprogrammed default
   500  300009                     	org	3145737
   501  300009  C0                 	db	192
   502                           
   503                           ;Config register CONFIG6L @ 0x30000A
   504                           ;	unspecified, using default values
   505                           ;	Write Protection bit
   506                           ;	WRT0 = 0x1, unprogrammed default
   507                           ;	Write Protection bit
   508                           ;	WRT1 = 0x1, unprogrammed default
   509                           ;	Write Protection bit
   510                           ;	WRT2 = 0x1, unprogrammed default
   511                           ;	Write Protection bit
   512                           ;	WRT3 = 0x1, unprogrammed default
   513  30000A                     	org	3145738
   514  30000A  0F                 	db	15
   515                           
   516                           ;Config register CONFIG6H @ 0x30000B
   517                           ;	unspecified, using default values
   518                           ;	Configuration Register Write Protection bit
   519                           ;	WRTC = 0x1, unprogrammed default
   520                           ;	Boot Block Write Protection bit
   521                           ;	WRTB = 0x1, unprogrammed default
   522                           ;	Data EEPROM Write Protection bit
   523                           ;	WRTD = 0x1, unprogrammed default
   524  30000B                     	org	3145739
   525  30000B  E0                 	db	224
   526                           
   527                           ;Config register CONFIG7L @ 0x30000C
   528                           ;	unspecified, using default values
   529                           ;	Table Read Protection bit
   530                           ;	EBTR0 = 0x1, unprogrammed default
   531                           ;	Table Read Protection bit
   532                           ;	EBTR1 = 0x1, unprogrammed default
   533                           ;	Table Read Protection bit
   534                           ;	EBTR2 = 0x1, unprogrammed default
   535                           ;	Table Read Protection bit
   536                           ;	EBTR3 = 0x1, unprogrammed default
   537  30000C                     	org	3145740
   538  30000C  0F                 	db	15
   539                           
   540                           ;Config register CONFIG7H @ 0x30000D
   541                           ;	unspecified, using default values
   542                           ;	Boot Block Table Read Protection bit
   543                           ;	EBTRB = 0x1, unprogrammed default
   544  30000D                     	org	3145741
   545  30000D  40                 	db	64
   546                           tosu	equ	0xFFF
   547                           tosh	equ	0xFFE
   548                           tosl	equ	0xFFD
   549                           stkptr	equ	0xFFC
   550                           pclatu	equ	0xFFB
   551                           pclath	equ	0xFFA
   552                           pcl	equ	0xFF9
   553                           tblptru	equ	0xFF8
   554                           tblptrh	equ	0xFF7
   555                           tblptrl	equ	0xFF6
   556                           tablat	equ	0xFF5
   557                           prodh	equ	0xFF4
   558                           prodl	equ	0xFF3
   559                           indf0	equ	0xFEF
   560                           postinc0	equ	0xFEE
   561                           postdec0	equ	0xFED
   562                           preinc0	equ	0xFEC
   563                           plusw0	equ	0xFEB
   564                           fsr0h	equ	0xFEA
   565                           fsr0l	equ	0xFE9
   566                           wreg	equ	0xFE8
   567                           indf1	equ	0xFE7
   568                           postinc1	equ	0xFE6
   569                           postdec1	equ	0xFE5
   570                           preinc1	equ	0xFE4
   571                           plusw1	equ	0xFE3
   572                           fsr1h	equ	0xFE2
   573                           fsr1l	equ	0xFE1
   574                           bsr	equ	0xFE0
   575                           indf2	equ	0xFDF
   576                           postinc2	equ	0xFDE
   577                           postdec2	equ	0xFDD
   578                           preinc2	equ	0xFDC
   579                           plusw2	equ	0xFDB
   580                           fsr2h	equ	0xFDA
   581                           fsr2l	equ	0xFD9
   582                           status	equ	0xFD8

Data Sizes:
    Strings     0
    Constant    0
    Data        0
    BSS         2
    Persistent  0
    Stack       0

Auto Spaces:
    Space          Size  Autos    Used
    COMRAM           94      1       3
    BANK0           160      0       0
    BANK1           256      0       0
    BANK2           256      0       0
    BANK3           256      0       0
    BANK4           256      0       0
    BANK5           256      0       0
    BANK6           256      0       0
    BANK7           256      0       0

Pointer List with Targets:

    None.

Critical Paths under _main in COMRAM

    None.

Critical Paths under _TIMER_0 in COMRAM

    None.

Critical Paths under _main in BANK0

    None.

Critical Paths under _TIMER_0 in BANK0

    None.

Critical Paths under _main in BANK1

    None.

Critical Paths under _TIMER_0 in BANK1

    None.

Critical Paths under _main in BANK2

    None.

Critical Paths under _TIMER_0 in BANK2

    None.

Critical Paths under _main in BANK3

    None.

Critical Paths under _TIMER_0 in BANK3

    None.

Critical Paths under _main in BANK4

    None.

Critical Paths under _TIMER_0 in BANK4

    None.

Critical Paths under _main in BANK5

    None.

Critical Paths under _TIMER_0 in BANK5

    None.

Critical Paths under _main in BANK6

    None.

Critical Paths under _TIMER_0 in BANK6

    None.

Critical Paths under _main in BANK7

    None.

Critical Paths under _TIMER_0 in BANK7

    None.

Call Graph Tables:

 ---------------------------------------------------------------------------------
 (Depth) Function   	        Calls       Base Space   Used Autos Params    Refs
 ---------------------------------------------------------------------------------
 (0) _main                                                 0     0      0       0
                             _TIMER0
 ---------------------------------------------------------------------------------
 (1) _TIMER0                                               0     0      0       0
 ---------------------------------------------------------------------------------
 Estimated maximum stack depth 1
 ---------------------------------------------------------------------------------
 (Depth) Function   	        Calls       Base Space   Used Autos Params    Refs
 ---------------------------------------------------------------------------------
 (2) _TIMER_0                                              1     1      0       0
                                              0 COMRAM     1     1      0
 ---------------------------------------------------------------------------------
 Estimated maximum stack depth 2
 ---------------------------------------------------------------------------------

 Call Graph Graphs:

 _main (ROOT)
   _TIMER0

 _TIMER_0 (ROOT)

 Address spaces:
Name               Size   Autos  Total    Cost      Usage
BIGRAM             7FF      0       0      21        0.0%
EEDATA             100      0       0       0        0.0%
BITBANK7           100      0       0      18        0.0%
BANK7              100      0       0      19        0.0%
BITBANK6           100      0       0      16        0.0%
BANK6              100      0       0      17        0.0%
BITBANK5           100      0       0      14        0.0%
BANK5              100      0       0      15        0.0%
BITBANK4           100      0       0      12        0.0%
BANK4              100      0       0      13        0.0%
BITBANK3           100      0       0      10        0.0%
BANK3              100      0       0      11        0.0%
BITBANK2           100      0       0       8        0.0%
BANK2              100      0       0       9        0.0%
BITBANK1           100      0       0       6        0.0%
BANK1              100      0       0       7        0.0%
BITBANK0            A0      0       0       4        0.0%
BANK0               A0      0       0       5        0.0%
BITCOMRAM           5E      0       0       0        0.0%
COMRAM              5E      1       3       1        3.2%
BITSFR               0      0       0     200        0.0%
SFR                  0      0       0     200        0.0%
STACK                0      0       0       2        0.0%
NULL                 0      0       0       0        0.0%
ABS                  0      0       3      20        0.0%
DATA                 0      0       3       3        0.0%
CODE                 0      0       0       0        0.0%


Microchip Technology PIC18 Macro Assembler V2.20 build 20200408173844 
Symbol Table                                                                                   Sun Oct 04 18:46:28 2020

                     l32 00AC                       l33 00AC                       l19 009E  
                    l711 0088                      l713 009A                      l733 00A0  
                    l735 00A8                     i2l27 0084                     _TMR0 000FD6  
        __end_of_TIMER_0 0088                     _cont 0001                     _main 00A0  
                   btemp 0004                     start 000E             ___param_bank 000000  
                  ?_main 0003                    i2l721 004C                    i2l731 0082  
                  i2l723 0054                    i2l715 0014                    i2l717 0026  
                  i2l725 005C                    i2l727 006E                    i2l719 0044  
                  i2l729 007E                    _PORTA 000F80                    _TRISA 000F92  
                  ttemp5 0005                    ttemp6 0008                    ttemp7 000C  
                  status 000FD8                    wtemp8 0005          __initialization 00B4  
           __end_of_main 00B4                   ??_main 0004            __activetblptr 000000  
              ??_TIMER_0 0003                   _TIMER0 0088                   _TMR0IF 007F92  
                 i2u1_40 0026                   i2u1_41 0022                   i2u2_40 0038  
                 i2u2_41 0030                   i2u4_40 006E                   i2u3_48 003A  
                 i2u4_41 006A               __accesstop 0060  __end_of__initialization 00B8  
          ___rparam_used 000001           __pcstackCOMRAM 0003                  ?_TIMER0 0003  
                _TIMER_0 0008          __size_of_TIMER0 0018                  __Hparam 0000  
                __Lparam 0000                  __pcinit 00B4                  __ramtop 0800  
                __ptext0 00A0                  __ptext1 0088                _T0CONbits 000FD5  
         __pintcode_body 0012     end_of_initialization 00B8                  int_func 0012  
         __end_of_TIMER0 00A0      start_initialization 00B4                 ??_TIMER0 0004  
            __pbssCOMRAM 0001                 ?_TIMER_0 0003                __pintcode 0008  
               _LATAbits 000F89         __size_of_TIMER_0 0080                 __Hrparam 0000  
               __Lrparam 0000            __size_of_main 0014                 int$flags 0004  
             _INTCONbits 000FF2                 intlevel2 0000  
