

Microchip MPLAB XC8 Assembler V2.20 build 20200408173844 
                                                                                               Thu Oct 01 22:00:09 2020

Microchip MPLAB XC8 C Compiler v2.20 (Free license) build 20200408173844 Og1 
     1                           	processor	18F4550
     2                           	fnconf	rparam,??,?,0
     3                           	pagewidth 120
     4                           	opt	flic
     5                           	psect	cinit,global,reloc=2,class=CODE,delta=1
     6                           	psect	cstackCOMRAM,global,class=COMRAM,space=1,delta=1,lowdata,noexec
     7                           	psect	text0,global,reloc=2,class=CODE,delta=1
     8                           	psect	text1,global,reloc=2,class=CODE,delta=1
     9                           	psect	text2,global,reloc=2,class=CODE,delta=1
    10                           	psect	intsave_regs,global,class=BIGRAM,space=1,delta=1,noexec
    11                           	psect	rparam,global,class=COMRAM,space=1,delta=1,noexec
    12                           	psect	idloc,global,abs,ovrld,class=IDLOC,space=5,delta=1,noexec
    13                           	psect	config,global,abs,ovrld,class=CONFIG,space=4,delta=1,noexec
    14  0000                     
    15                           ; Version 2.20
    16                           ; Generated 12/02/2020 GMT
    17                           ; 
    18                           ; Copyright © 2020, Microchip Technology Inc. and its subsidiaries ("Microchip")
    19                           ; All rights reserved.
    20                           ; 
    21                           ; This software is developed by Microchip Technology Inc. and its subsidiaries ("Microch
      +                          ip").
    22                           ; 
    23                           ; Redistribution and use in source and binary forms, with or without modification, are
    24                           ; permitted provided that the following conditions are met:
    25                           ; 
    26                           ;     1. Redistributions of source code must retain the above copyright notice, this lis
      +                          t of
    27                           ;        conditions and the following disclaimer.
    28                           ; 
    29                           ;     2. Redistributions in binary form must reproduce the above copyright notice, this 
      +                          list
    30                           ;        of conditions and the following disclaimer in the documentation and/or other
    31                           ;        materials provided with the distribution.
    32                           ; 
    33                           ;     3. Microchip's name may not be used to endorse or promote products derived from th
      +                          is
    34                           ;        software without specific prior written permission.
    35                           ; 
    36                           ; THIS SOFTWARE IS PROVIDED BY MICROCHIP "AS IS" AND ANY EXPRESS OR IMPLIED WARRANTIES,
    37                           ; INCLUDING, BUT NOT LIMITED TO, THE IMPLIED WARRANTIES OF MERCHANTABILITY AND FITNESS F
      +                          OR
    38                           ; PURPOSE ARE DISCLAIMED.  IN NO EVENT SHALL MICROCHIP BE LIABLE FOR ANY DIRECT, INDIREC
      +                          T,
    39                           ; INCIDENTAL, SPECIAL, EXEMPLARY, OR CONSEQUENTIAL DAMAGES (INCLUDING BUT NOT LIMITED TO
    40                           ; PROCUREMENT OF SUBSTITUTE GOODS OR SERVICES; LOSS OF USE, DATA OR PROFITS; OR BUSINESS
    41                           ; INTERRUPTION) HOWSOEVER CAUSED AND ON ANY THEORY OF LIABILITY, WHETHER IN CONTRACT, ST
      +                          RICT
    42                           ; LIABILITY, OR TORT (INCLUDING NEGLIGENCE OR OTHERWISE) ARISING IN ANY WAY OUT OF THE U
      +                          SE OF
    43                           ; THIS SOFTWARE, EVEN IF ADVISED OF THE POSSIBILITY OF SUCH DAMAGE.
    44                           ; 
    45                           ; 
    46                           ; Code-generator required, PIC18F4550 Definitions
    47                           ; 
    48                           ; SFR Addresses
    49  0000                     _TMR1	set	4046
    50  0000                     _PORTD	set	3971
    51  0000                     _TRISD	set	3989
    52  0000                     _TRISCbits	set	3988
    53  0000                     _PIE1bits	set	3997
    54  0000                     _PIR1bits	set	3998
    55  0000                     _INTCONbits	set	4082
    56  0000                     _T1CONbits	set	4045
    57                           
    58                           ; #config settings
    59                           
    60                           	psect	cinit
    61  007FBC                     __pcinit:
    62                           	callstack 0
    63  007FBC                     start_initialization:
    64                           	callstack 0
    65  007FBC                     __initialization:
    66                           	callstack 0
    67  007FBC                     end_of_initialization:
    68                           	callstack 0
    69  007FBC                     __end_of__initialization:
    70                           	callstack 0
    71  007FBC  0100               	movlb	0
    72  007FBE  EFF2  F03F         	goto	_main	;jump to C main() function
    73                           
    74                           	psect	cstackCOMRAM
    75  000000                     __pcstackCOMRAM:
    76                           	callstack 0
    77  000000                     
    78                           ; 1 bytes @ 0x0
    79 ;;
    80 ;;Main: autosize = 0, tempsize = 0, incstack = 0, save=0
    81 ;;
    82 ;; *************** function _main *****************
    83 ;; Defined at:
    84 ;;		line 30 in file "TM1.c"
    85 ;; Parameters:    Size  Location     Type
    86 ;;		None
    87 ;; Auto vars:     Size  Location     Type
    88 ;;		None
    89 ;; Return value:  Size  Location     Type
    90 ;;                  1    wreg      void 
    91 ;; Registers used:
    92 ;;		wreg, status,2, cstack
    93 ;; Tracked objects:
    94 ;;		On entry : 0/0
    95 ;;		On exit  : 0/0
    96 ;;		Unchanged: 0/0
    97 ;; Data sizes:     COMRAM   BANK0   BANK1   BANK2   BANK3   BANK4   BANK5   BANK6   BANK7
    98 ;;      Params:         0       0       0       0       0       0       0       0       0
    99 ;;      Locals:         0       0       0       0       0       0       0       0       0
   100 ;;      Temps:          0       0       0       0       0       0       0       0       0
   101 ;;      Totals:         0       0       0       0       0       0       0       0       0
   102 ;;Total ram usage:        0 bytes
   103 ;; Hardware stack levels required when called:    1
   104 ;; This function calls:
   105 ;;		_registros
   106 ;;		_timer1
   107 ;; This function is called by:
   108 ;;		Startup code after reset
   109 ;; This function uses a non-reentrant model
   110 ;;
   111                           
   112                           	psect	text0
   113  007FE4                     __ptext0:
   114                           	callstack 0
   115  007FE4                     _main:
   116                           	callstack 30
   117  007FE4                     
   118                           ;TM1.c: 32:     registros();
   119  007FE4  ECE1  F03F         	call	_registros	;wreg free
   120                           
   121                           ;TM1.c: 33:     timer1();
   122  007FE8  ECE7  F03F         	call	_timer1	;wreg free
   123  007FEC                     
   124                           ;TM1.c: 35:    TMR1=0;
   125  007FEC  0E00               	movlw	0
   126  007FEE  6ECF               	movwf	207,c	;volatile
   127  007FF0  0E00               	movlw	0
   128  007FF2  6ECE               	movwf	206,c	;volatile
   129  007FF4                     l732:
   130                           
   131                           ;TM1.c: 37:     {;TM1.c: 38:         PORTD=TMR1;
   132  007FF4  CFCE FF83          	movff	4046,3971	;volatile
   133  007FF8  EFFA  F03F         	goto	l732
   134  007FFC  EF00  F000         	goto	start
   135  008000                     __end_of_main:
   136                           	callstack 0
   137                           
   138 ;; *************** function _timer1 *****************
   139 ;; Defined at:
   140 ;;		line 11 in file "TM1.c"
   141 ;; Parameters:    Size  Location     Type
   142 ;;		None
   143 ;; Auto vars:     Size  Location     Type
   144 ;;		None
   145 ;; Return value:  Size  Location     Type
   146 ;;                  1    wreg      void 
   147 ;; Registers used:
   148 ;;		wreg, status,2
   149 ;; Tracked objects:
   150 ;;		On entry : 0/0
   151 ;;		On exit  : 0/0
   152 ;;		Unchanged: 0/0
   153 ;; Data sizes:     COMRAM   BANK0   BANK1   BANK2   BANK3   BANK4   BANK5   BANK6   BANK7
   154 ;;      Params:         0       0       0       0       0       0       0       0       0
   155 ;;      Locals:         0       0       0       0       0       0       0       0       0
   156 ;;      Temps:          0       0       0       0       0       0       0       0       0
   157 ;;      Totals:         0       0       0       0       0       0       0       0       0
   158 ;;Total ram usage:        0 bytes
   159 ;; Hardware stack levels used:    1
   160 ;; This function calls:
   161 ;;		Nothing
   162 ;; This function is called by:
   163 ;;		_main
   164 ;; This function uses a non-reentrant model
   165 ;;
   166                           
   167                           	psect	text1
   168  007FCE                     __ptext1:
   169                           	callstack 0
   170  007FCE                     _timer1:
   171                           	callstack 30
   172  007FCE                     
   173                           ;TM1.c: 13:     T1CONbits.RD16=0;
   174  007FCE  9ECD               	bcf	205,7,c	;volatile
   175  007FD0                     
   176                           ;TM1.c: 14:     T1CONbits.T1CKPS=00;
   177  007FD0  0ECF               	movlw	-49
   178  007FD2  16CD               	andwf	205,f,c	;volatile
   179  007FD4                     
   180                           ;TM1.c: 15:     T1CONbits.TMR1ON=1;
   181  007FD4  80CD               	bsf	205,0,c	;volatile
   182  007FD6                     
   183                           ;TM1.c: 16:     T1CONbits.TMR1CS=1;
   184  007FD6  82CD               	bsf	205,1,c	;volatile
   185  007FD8                     
   186                           ;TM1.c: 17:     INTCONbits.GIE=0;
   187  007FD8  9EF2               	bcf	242,7,c	;volatile
   188  007FDA                     
   189                           ;TM1.c: 18:     INTCONbits.PEIE=1;
   190  007FDA  8CF2               	bsf	242,6,c	;volatile
   191  007FDC                     
   192                           ;TM1.c: 19:     INTCONbits.GIE=1;
   193  007FDC  8EF2               	bsf	242,7,c	;volatile
   194  007FDE                     
   195                           ;TM1.c: 20:     PIR1bits.TMR1IF=0;
   196  007FDE  909E               	bcf	158,0,c	;volatile
   197  007FE0                     
   198                           ;TM1.c: 21:     PIE1bits.TMR1IE=1;
   199  007FE0  809D               	bsf	157,0,c	;volatile
   200  007FE2  0012               	return		;funcret
   201  007FE4                     __end_of_timer1:
   202                           	callstack 0
   203                           
   204 ;; *************** function _registros *****************
   205 ;; Defined at:
   206 ;;		line 24 in file "TM1.c"
   207 ;; Parameters:    Size  Location     Type
   208 ;;		None
   209 ;; Auto vars:     Size  Location     Type
   210 ;;		None
   211 ;; Return value:  Size  Location     Type
   212 ;;                  1    wreg      void 
   213 ;; Registers used:
   214 ;;		wreg, status,2
   215 ;; Tracked objects:
   216 ;;		On entry : 0/0
   217 ;;		On exit  : 0/0
   218 ;;		Unchanged: 0/0
   219 ;; Data sizes:     COMRAM   BANK0   BANK1   BANK2   BANK3   BANK4   BANK5   BANK6   BANK7
   220 ;;      Params:         0       0       0       0       0       0       0       0       0
   221 ;;      Locals:         0       0       0       0       0       0       0       0       0
   222 ;;      Temps:          0       0       0       0       0       0       0       0       0
   223 ;;      Totals:         0       0       0       0       0       0       0       0       0
   224 ;;Total ram usage:        0 bytes
   225 ;; Hardware stack levels used:    1
   226 ;; This function calls:
   227 ;;		Nothing
   228 ;; This function is called by:
   229 ;;		_main
   230 ;; This function uses a non-reentrant model
   231 ;;
   232                           
   233                           	psect	text2
   234  007FC2                     __ptext2:
   235                           	callstack 0
   236  007FC2                     _registros:
   237                           	callstack 30
   238  007FC2                     
   239                           ;TM1.c: 26:     TRISCbits.RC0=1;
   240  007FC2  8094               	bsf	148,0,c	;volatile
   241  007FC4                     
   242                           ;TM1.c: 27:     TRISD=0;
   243  007FC4  0E00               	movlw	0
   244  007FC6  6E95               	movwf	149,c	;volatile
   245                           
   246                           ;TM1.c: 28:     PORTD=0;
   247  007FC8  0E00               	movlw	0
   248  007FCA  6E83               	movwf	131,c	;volatile
   249  007FCC  0012               	return		;funcret
   250  007FCE                     __end_of_registros:
   251                           	callstack 0
   252  0000                     
   253                           	psect	rparam
   254  0000                     
   255                           	psect	idloc
   256                           
   257                           ;Config register IDLOC0 @ 0x200000
   258                           ;	unspecified, using default values
   259  200000                     	org	2097152
   260  200000  FF                 	db	255
   261                           
   262                           ;Config register IDLOC1 @ 0x200001
   263                           ;	unspecified, using default values
   264  200001                     	org	2097153
   265  200001  FF                 	db	255
   266                           
   267                           ;Config register IDLOC2 @ 0x200002
   268                           ;	unspecified, using default values
   269  200002                     	org	2097154
   270  200002  FF                 	db	255
   271                           
   272                           ;Config register IDLOC3 @ 0x200003
   273                           ;	unspecified, using default values
   274  200003                     	org	2097155
   275  200003  FF                 	db	255
   276                           
   277                           ;Config register IDLOC4 @ 0x200004
   278                           ;	unspecified, using default values
   279  200004                     	org	2097156
   280  200004  FF                 	db	255
   281                           
   282                           ;Config register IDLOC5 @ 0x200005
   283                           ;	unspecified, using default values
   284  200005                     	org	2097157
   285  200005  FF                 	db	255
   286                           
   287                           ;Config register IDLOC6 @ 0x200006
   288                           ;	unspecified, using default values
   289  200006                     	org	2097158
   290  200006  FF                 	db	255
   291                           
   292                           ;Config register IDLOC7 @ 0x200007
   293                           ;	unspecified, using default values
   294  200007                     	org	2097159
   295  200007  FF                 	db	255
   296                           
   297                           	psect	config
   298                           
   299                           ;Config register CONFIG1L @ 0x300000
   300                           ;	unspecified, using default values
   301                           ;	PLL Prescaler Selection bits
   302                           ;	PLLDIV = 0x0, unprogrammed default
   303                           ;	System Clock Postscaler Selection bits
   304                           ;	CPUDIV = 0x0, unprogrammed default
   305                           ;	USB Clock Selection bit (used in Full-Speed USB mode only; UCFG:FSEN = 1)
   306                           ;	USBDIV = 0x0, unprogrammed default
   307  300000                     	org	3145728
   308  300000  00                 	db	0
   309                           
   310                           ;Config register CONFIG1H @ 0x300001
   311                           ;	unspecified, using default values
   312                           ;	Oscillator Selection bits
   313                           ;	FOSC = 0x5, unprogrammed default
   314                           ;	Fail-Safe Clock Monitor Enable bit
   315                           ;	FCMEN = 0x0, unprogrammed default
   316                           ;	Internal/External Oscillator Switchover bit
   317                           ;	IESO = 0x0, unprogrammed default
   318  300001                     	org	3145729
   319  300001  05                 	db	5
   320                           
   321                           ;Config register CONFIG2L @ 0x300002
   322                           ;	unspecified, using default values
   323                           ;	Power-up Timer Enable bit
   324                           ;	PWRT = 0x1, unprogrammed default
   325                           ;	Brown-out Reset Enable bits
   326                           ;	BOR = 0x3, unprogrammed default
   327                           ;	Brown-out Reset Voltage bits
   328                           ;	BORV = 0x3, unprogrammed default
   329                           ;	USB Voltage Regulator Enable bit
   330                           ;	VREGEN = 0x0, unprogrammed default
   331  300002                     	org	3145730
   332  300002  1F                 	db	31
   333                           
   334                           ;Config register CONFIG2H @ 0x300003
   335                           ;	unspecified, using default values
   336                           ;	Watchdog Timer Enable bit
   337                           ;	WDT = 0x1, unprogrammed default
   338                           ;	Watchdog Timer Postscale Select bits
   339                           ;	WDTPS = 0xF, unprogrammed default
   340  300003                     	org	3145731
   341  300003  1F                 	db	31
   342                           
   343                           ; Padding undefined space
   344  300004                     	org	3145732
   345  300004  FF                 	db	255
   346                           
   347                           ;Config register CONFIG3H @ 0x300005
   348                           ;	unspecified, using default values
   349                           ;	CCP2 MUX bit
   350                           ;	CCP2MX = 0x1, unprogrammed default
   351                           ;	PORTB A/D Enable bit
   352                           ;	PBADEN = 0x1, unprogrammed default
   353                           ;	Low-Power Timer 1 Oscillator Enable bit
   354                           ;	LPT1OSC = 0x0, unprogrammed default
   355                           ;	MCLR Pin Enable bit
   356                           ;	MCLRE = 0x1, unprogrammed default
   357  300005                     	org	3145733
   358  300005  83                 	db	131
   359                           
   360                           ;Config register CONFIG4L @ 0x300006
   361                           ;	unspecified, using default values
   362                           ;	Stack Full/Underflow Reset Enable bit
   363                           ;	STVREN = 0x1, unprogrammed default
   364                           ;	Single-Supply ICSP Enable bit
   365                           ;	LVP = 0x1, unprogrammed default
   366                           ;	Dedicated In-Circuit Debug/Programming Port (ICPORT) Enable bit
   367                           ;	ICPRT = 0x0, unprogrammed default
   368                           ;	Extended Instruction Set Enable bit
   369                           ;	XINST = 0x0, unprogrammed default
   370                           ;	Background Debugger Enable bit
   371                           ;	DEBUG = 0x1, unprogrammed default
   372  300006                     	org	3145734
   373  300006  85                 	db	133
   374                           
   375                           ; Padding undefined space
   376  300007                     	org	3145735
   377  300007  FF                 	db	255
   378                           
   379                           ;Config register CONFIG5L @ 0x300008
   380                           ;	unspecified, using default values
   381                           ;	Code Protection bit
   382                           ;	CP0 = 0x1, unprogrammed default
   383                           ;	Code Protection bit
   384                           ;	CP1 = 0x1, unprogrammed default
   385                           ;	Code Protection bit
   386                           ;	CP2 = 0x1, unprogrammed default
   387                           ;	Code Protection bit
   388                           ;	CP3 = 0x1, unprogrammed default
   389  300008                     	org	3145736
   390  300008  0F                 	db	15
   391                           
   392                           ;Config register CONFIG5H @ 0x300009
   393                           ;	unspecified, using default values
   394                           ;	Boot Block Code Protection bit
   395                           ;	CPB = 0x1, unprogrammed default
   396                           ;	Data EEPROM Code Protection bit
   397                           ;	CPD = 0x1, unprogrammed default
   398  300009                     	org	3145737
   399  300009  C0                 	db	192
   400                           
   401                           ;Config register CONFIG6L @ 0x30000A
   402                           ;	unspecified, using default values
   403                           ;	Write Protection bit
   404                           ;	WRT0 = 0x1, unprogrammed default
   405                           ;	Write Protection bit
   406                           ;	WRT1 = 0x1, unprogrammed default
   407                           ;	Write Protection bit
   408                           ;	WRT2 = 0x1, unprogrammed default
   409                           ;	Write Protection bit
   410                           ;	WRT3 = 0x1, unprogrammed default
   411  30000A                     	org	3145738
   412  30000A  0F                 	db	15
   413                           
   414                           ;Config register CONFIG6H @ 0x30000B
   415                           ;	unspecified, using default values
   416                           ;	Configuration Register Write Protection bit
   417                           ;	WRTC = 0x1, unprogrammed default
   418                           ;	Boot Block Write Protection bit
   419                           ;	WRTB = 0x1, unprogrammed default
   420                           ;	Data EEPROM Write Protection bit
   421                           ;	WRTD = 0x1, unprogrammed default
   422  30000B                     	org	3145739
   423  30000B  E0                 	db	224
   424                           
   425                           ;Config register CONFIG7L @ 0x30000C
   426                           ;	unspecified, using default values
   427                           ;	Table Read Protection bit
   428                           ;	EBTR0 = 0x1, unprogrammed default
   429                           ;	Table Read Protection bit
   430                           ;	EBTR1 = 0x1, unprogrammed default
   431                           ;	Table Read Protection bit
   432                           ;	EBTR2 = 0x1, unprogrammed default
   433                           ;	Table Read Protection bit
   434                           ;	EBTR3 = 0x1, unprogrammed default
   435  30000C                     	org	3145740
   436  30000C  0F                 	db	15
   437                           
   438                           ;Config register CONFIG7H @ 0x30000D
   439                           ;	unspecified, using default values
   440                           ;	Boot Block Table Read Protection bit
   441                           ;	EBTRB = 0x1, unprogrammed default
   442  30000D                     	org	3145741
   443  30000D  40                 	db	64
   444                           tosu	equ	0xFFF
   445                           tosh	equ	0xFFE
   446                           tosl	equ	0xFFD
   447                           stkptr	equ	0xFFC
   448                           pclatu	equ	0xFFB
   449                           pclath	equ	0xFFA
   450                           pcl	equ	0xFF9
   451                           tblptru	equ	0xFF8
   452                           tblptrh	equ	0xFF7
   453                           tblptrl	equ	0xFF6
   454                           tablat	equ	0xFF5
   455                           prodh	equ	0xFF4
   456                           prodl	equ	0xFF3
   457                           indf0	equ	0xFEF
   458                           postinc0	equ	0xFEE
   459                           postdec0	equ	0xFED
   460                           preinc0	equ	0xFEC
   461                           plusw0	equ	0xFEB
   462                           fsr0h	equ	0xFEA
   463                           fsr0l	equ	0xFE9
   464                           wreg	equ	0xFE8
   465                           indf1	equ	0xFE7
   466                           postinc1	equ	0xFE6
   467                           postdec1	equ	0xFE5
   468                           preinc1	equ	0xFE4
   469                           plusw1	equ	0xFE3
   470                           fsr1h	equ	0xFE2
   471                           fsr1l	equ	0xFE1
   472                           bsr	equ	0xFE0
   473                           indf2	equ	0xFDF
   474                           postinc2	equ	0xFDE
   475                           postdec2	equ	0xFDD
   476                           preinc2	equ	0xFDC
   477                           plusw2	equ	0xFDB
   478                           fsr2h	equ	0xFDA
   479                           fsr2l	equ	0xFD9
   480                           status	equ	0xFD8

Data Sizes:
    Strings     0
    Constant    0
    Data        0
    BSS         0
    Persistent  0
    Stack       0

Auto Spaces:
    Space          Size  Autos    Used
    COMRAM           95      0       0
    BANK0           160      0       0
    BANK1           256      0       0
    BANK2           256      0       0
    BANK3           256      0       0
    BANK4           256      0       0
    BANK5           256      0       0
    BANK6           256      0       0
    BANK7           256      0       0

Pointer List with Targets:

    None.

Critical Paths under _main in COMRAM

    None.

Critical Paths under _main in BANK0

    None.

Critical Paths under _main in BANK1

    None.

Critical Paths under _main in BANK2

    None.

Critical Paths under _main in BANK3

    None.

Critical Paths under _main in BANK4

    None.

Critical Paths under _main in BANK5

    None.

Critical Paths under _main in BANK6

    None.

Critical Paths under _main in BANK7

    None.

Call Graph Tables:

 ---------------------------------------------------------------------------------
 (Depth) Function   	        Calls       Base Space   Used Autos Params    Refs
 ---------------------------------------------------------------------------------
 (0) _main                                                 0     0      0       0
                          _registros
                             _timer1
 ---------------------------------------------------------------------------------
 (1) _timer1                                               0     0      0       0
 ---------------------------------------------------------------------------------
 (1) _registros                                            0     0      0       0
 ---------------------------------------------------------------------------------
 Estimated maximum stack depth 1
 ---------------------------------------------------------------------------------

 Call Graph Graphs:

 _main (ROOT)
   _registros
   _timer1

 Address spaces:
Name               Size   Autos  Total    Cost      Usage
BITCOMRAM           5F      0       0       0        0.0%
EEDATA             100      0       0       0        0.0%
NULL                 0      0       0       0        0.0%
CODE                 0      0       0       0        0.0%
COMRAM              5F      0       0       1        0.0%
STACK                0      0       0       2        0.0%
DATA                 0      0       0       3        0.0%
BITBANK0            A0      0       0       4        0.0%
BANK0               A0      0       0       5        0.0%
BITBANK1           100      0       0       6        0.0%
BANK1              100      0       0       7        0.0%
BITBANK2           100      0       0       8        0.0%
BANK2              100      0       0       9        0.0%
BITBANK3           100      0       0      10        0.0%
BANK3              100      0       0      11        0.0%
BITBANK4           100      0       0      12        0.0%
BANK4              100      0       0      13        0.0%
BITBANK5           100      0       0      14        0.0%
BANK5              100      0       0      15        0.0%
BITBANK6           100      0       0      16        0.0%
BANK6              100      0       0      17        0.0%
BITBANK7           100      0       0      18        0.0%
BANK7              100      0       0      19        0.0%
ABS                  0      0       0      20        0.0%
BIGRAM             7FF      0       0      21        0.0%
BITSFR               0      0       0     200        0.0%
SFR                  0      0       0     200        0.0%


Microchip Technology PIC18 Macro Assembler V2.20 build 20200408173844 
Symbol Table                                                                                   Thu Oct 01 22:00:09 2020

                     l22 7FCC                       l19 7FE2                      l710 7FD4  
                    l720 7FDE                      l712 7FD6                      l722 7FE0  
                    l714 7FD8                      l706 7FCE                      l730 7FEC  
                    l724 7FC2                      l716 7FDA                      l708 7FD0  
                    l732 7FF4                      l726 7FC4                      l718 7FDC  
                    l728 7FE4                     _TMR1 000FCE                     _main 7FE4  
                   start 0000             ___param_bank 000000                    ?_main 0000  
                  _PORTD 000F83                    _TRISD 000F95          __initialization 7FBC  
           __end_of_main 8000                   ??_main 0000            __activetblptr 000000  
                 _timer1 7FCE               __accesstop 0060  __end_of__initialization 7FBC  
          ___rparam_used 000001           __pcstackCOMRAM 0000       __size_of_registros 000C  
                ?_timer1 0000                  __Hparam 0000                  __Lparam 0000  
                __pcinit 7FBC                  __ramtop 0800                  __ptext0 7FE4  
                __ptext1 7FCE                  __ptext2 7FC2          __size_of_timer1 0016  
              _T1CONbits 000FCD     end_of_initialization 7FBC        __end_of_registros 7FCE  
              _TRISCbits 000F94           __end_of_timer1 7FE4      start_initialization 7FBC  
               ??_timer1 0000                _registros 7FC2                 _PIE1bits 000F9D  
               _PIR1bits 000F9E               ?_registros 0000                 __Hrparam 0000  
               __Lrparam 0000            __size_of_main 001C               _INTCONbits 000FF2  
            ??_registros 0000  
