

Microchip MPLAB XC8 Assembler V2.20 build 20200408173844 
                                                                                               Mon Sep 21 19:40:59 2020

Microchip MPLAB XC8 C Compiler v2.20 (Free license) build 20200408173844 Og1 
     1                           	processor	18F4550
     2                           	fnconf	rparam,??,?,0
     3                           	pagewidth 120
     4                           	opt	flic
     5                           	psect	smallconst,global,reloc=2,class=SMALLCONST,delta=1,noexec
     6                           	psect	cinit,global,reloc=2,class=CODE,delta=1
     7                           	psect	cstackCOMRAM,global,class=COMRAM,space=1,delta=1,lowdata,noexec
     8                           	psect	text0,global,reloc=2,class=CODE,delta=1
     9                           	psect	intcodelo,global,reloc=2,class=CODE,delta=1
    10                           	psect	intcode,global,reloc=2,class=CODE,delta=1
    11                           	psect	intcode_body,global,reloc=2,class=CODE,delta=1
    12                           	psect	intsave_regs,global,class=BIGRAM,space=1,delta=1,noexec
    13                           	psect	rparam,global,class=COMRAM,space=1,delta=1,noexec
    14                           	psect	temp,global,ovrld,common,class=COMRAM,space=1,delta=1
    15                           	psect	idloc,global,abs,ovrld,class=IDLOC,space=5,delta=1,noexec
    16                           	psect	config,global,abs,ovrld,class=CONFIG,space=4,delta=1,noexec
    17  0000                     
    18                           ; Version 2.20
    19                           ; Generated 12/02/2020 GMT
    20                           ; 
    21                           ; Copyright © 2020, Microchip Technology Inc. and its subsidiaries ("Microchip")
    22                           ; All rights reserved.
    23                           ; 
    24                           ; This software is developed by Microchip Technology Inc. and its subsidiaries ("Microch
      +                          ip").
    25                           ; 
    26                           ; Redistribution and use in source and binary forms, with or without modification, are
    27                           ; permitted provided that the following conditions are met:
    28                           ; 
    29                           ;     1. Redistributions of source code must retain the above copyright notice, this lis
      +                          t of
    30                           ;        conditions and the following disclaimer.
    31                           ; 
    32                           ;     2. Redistributions in binary form must reproduce the above copyright notice, this 
      +                          list
    33                           ;        of conditions and the following disclaimer in the documentation and/or other
    34                           ;        materials provided with the distribution.
    35                           ; 
    36                           ;     3. Microchip's name may not be used to endorse or promote products derived from th
      +                          is
    37                           ;        software without specific prior written permission.
    38                           ; 
    39                           ; THIS SOFTWARE IS PROVIDED BY MICROCHIP "AS IS" AND ANY EXPRESS OR IMPLIED WARRANTIES,
    40                           ; INCLUDING, BUT NOT LIMITED TO, THE IMPLIED WARRANTIES OF MERCHANTABILITY AND FITNESS F
      +                          OR
    41                           ; PURPOSE ARE DISCLAIMED.  IN NO EVENT SHALL MICROCHIP BE LIABLE FOR ANY DIRECT, INDIREC
      +                          T,
    42                           ; INCIDENTAL, SPECIAL, EXEMPLARY, OR CONSEQUENTIAL DAMAGES (INCLUDING BUT NOT LIMITED TO
    43                           ; PROCUREMENT OF SUBSTITUTE GOODS OR SERVICES; LOSS OF USE, DATA OR PROFITS; OR BUSINESS
    44                           ; INTERRUPTION) HOWSOEVER CAUSED AND ON ANY THEORY OF LIABILITY, WHETHER IN CONTRACT, ST
      +                          RICT
    45                           ; LIABILITY, OR TORT (INCLUDING NEGLIGENCE OR OTHERWISE) ARISING IN ANY WAY OUT OF THE U
      +                          SE OF
    46                           ; THIS SOFTWARE, EVEN IF ADVISED OF THE POSSIBILITY OF SUCH DAMAGE.
    47                           ; 
    48                           ; 
    49                           ; Code-generator required, PIC18F4550 Definitions
    50                           ; 
    51                           ; SFR Addresses
    52  0000                     
    53                           	psect	smallconst
    54  000800                     __psmallconst:
    55                           	callstack 0
    56  000800  00                 	db	0
    57  000801                     _display:
    58                           	callstack 0
    59  000801  0000               	dw	0
    60  000803  0001               	dw	1
    61  000805  0002               	dw	2
    62  000807  0003               	dw	3
    63  000809  0004               	dw	4
    64  00080B  0005               	dw	5
    65  00080D  0006               	dw	6
    66  00080F  0007               	dw	7
    67  000811  0008               	dw	8
    68  000813  0009               	dw	9
    69  000815                     __end_of_display:
    70                           	callstack 0
    71  0000                     _TRISAbits	set	3986
    72  0000                     _PORTAbits	set	3968
    73  0000                     _PORTEbits	set	3972
    74  0000                     _PORTBbits	set	3969
    75  0000                     _RCONbits	set	4048
    76  0000                     _INTCONbits	set	4082
    77  0000                     _PORTA	set	3968
    78  0000                     _TRISA	set	3986
    79  0000                     _PORTE	set	3972
    80  0000                     _TRISE	set	3990
    81  0000                     _PORTD	set	3971
    82  0000                     _TRISD	set	3989
    83  0000                     _PORTB	set	3969
    84  0000                     _TRISB	set	3987
    85  0000                     _INTCON2bits	set	4081
    86  0000                     _ADCON1	set	4033
    87  000815  00                 	db	0	; dummy byte at the end
    88  0000                     
    89                           ; #config settings
    90                           
    91                           	psect	cinit
    92  0008FA                     __pcinit:
    93                           	callstack 0
    94  0008FA                     start_initialization:
    95                           	callstack 0
    96  0008FA                     __initialization:
    97                           	callstack 0
    98  0008FA                     end_of_initialization:
    99                           	callstack 0
   100  0008FA                     __end_of__initialization:
   101                           	callstack 0
   102  0008FA  901A               	bcf	int$flags,0,c	;clear compiler interrupt flag (level 1)
   103  0008FC  921A               	bcf	int$flags,1,c	;clear compiler interrupt flag (level 2)
   104  0008FE  0E00               	movlw	low (__Lsmallconst shr (0+16))
   105  000900  6EF8               	movwf	tblptru,c
   106  000902  0E08               	movlw	high __Lsmallconst
   107  000904  6EF7               	movwf	tblptrh,c
   108  000906  0100               	movlb	0
   109  000908  EF5C  F004         	goto	_main	;jump to C main() function
   110                           
   111                           	psect	cstackCOMRAM
   112  000001                     __pcstackCOMRAM:
   113                           	callstack 0
   114  000001                     ??_pulsador:
   115                           
   116                           ; 1 bytes @ 0x0
   117  000001                     	ds	6
   118  000007                     pulsador@i:
   119                           	callstack 0
   120                           
   121                           ; 2 bytes @ 0x6
   122  000007                     	ds	2
   123  000009                     ??_teclado:
   124                           
   125                           ; 1 bytes @ 0x8
   126  000009                     	ds	13
   127  000016                     teclado@i:
   128                           	callstack 0
   129                           
   130                           ; 2 bytes @ 0x15
   131  000016                     	ds	2
   132  000018                     teclado@i_471:
   133                           	callstack 0
   134                           
   135                           ; 2 bytes @ 0x17
   136  000018                     	ds	2
   137  00001A                     
   138                           ; 1 bytes @ 0x19
   139 ;;
   140 ;;Main: autosize = 0, tempsize = 0, incstack = 0, save=0
   141 ;;
   142 ;; *************** function _main *****************
   143 ;; Defined at:
   144 ;;		line 16 in file "interrupciones.c"
   145 ;; Parameters:    Size  Location     Type
   146 ;;		None
   147 ;; Auto vars:     Size  Location     Type
   148 ;;		None
   149 ;; Return value:  Size  Location     Type
   150 ;;                  1    wreg      void 
   151 ;; Registers used:
   152 ;;		wreg, status,2
   153 ;; Tracked objects:
   154 ;;		On entry : 0/0
   155 ;;		On exit  : 0/0
   156 ;;		Unchanged: 0/0
   157 ;; Data sizes:     COMRAM   BANK0   BANK1   BANK2   BANK3   BANK4   BANK5   BANK6   BANK7
   158 ;;      Params:         0       0       0       0       0       0       0       0       0
   159 ;;      Locals:         0       0       0       0       0       0       0       0       0
   160 ;;      Temps:          0       0       0       0       0       0       0       0       0
   161 ;;      Totals:         0       0       0       0       0       0       0       0       0
   162 ;;Total ram usage:        0 bytes
   163 ;; Hardware stack levels required when called:    2
   164 ;; This function calls:
   165 ;;		Nothing
   166 ;; This function is called by:
   167 ;;		Startup code after reset
   168 ;; This function uses a non-reentrant model
   169 ;;
   170                           
   171                           	psect	text0
   172  0008B8                     __ptext0:
   173                           	callstack 0
   174  0008B8                     _main:
   175                           	callstack 29
   176  0008B8                     
   177                           ;interrupciones.c: 18: 
   178  0008B8  0E0F               	movlw	15
   179  0008BA  6EC1               	movwf	193,c	;volatile
   180  0008BC                     
   181                           ;interrupciones.c: 19:     INTCONbits.GIEH=1;
   182  0008BC  9EF1               	bcf	241,7,c	;volatile
   183                           
   184                           ;interrupciones.c: 21:     INTCONbits.RBIF=0;
   185  0008BE  0EF0               	movlw	240
   186  0008C0  6E93               	movwf	147,c	;volatile
   187                           
   188                           ;interrupciones.c: 22:     RCONbits.IPEN=1;
   189  0008C2  0E0F               	movlw	15
   190  0008C4  6E81               	movwf	129,c	;volatile
   191                           
   192                           ;interrupciones.c: 24:     while(1)
   193  0008C6  0E00               	movlw	0
   194  0008C8  6E95               	movwf	149,c	;volatile
   195                           
   196                           ;interrupciones.c: 25:     {
   197  0008CA  0E00               	movlw	0
   198  0008CC  6E83               	movwf	131,c	;volatile
   199                           
   200                           ;interrupciones.c: 27:         PORTB=0b11111101;
   201  0008CE  0E00               	movlw	0
   202  0008D0  6E96               	movwf	150,c	;volatile
   203                           
   204                           ;interrupciones.c: 28:         PORTB=0b11111011;
   205  0008D2  0E00               	movlw	0
   206  0008D4  6E84               	movwf	132,c	;volatile
   207                           
   208                           ;interrupciones.c: 30: 
   209  0008D6  0E01               	movlw	1
   210  0008D8  6E92               	movwf	146,c	;volatile
   211                           
   212                           ;interrupciones.c: 31: 
   213  0008DA  0E00               	movlw	0
   214  0008DC  6E80               	movwf	128,c	;volatile
   215  0008DE                     
   216                           ;interrupciones.c: 33: }
   217  0008DE  8EF2               	bsf	242,7,c	;volatile
   218  0008E0                     
   219                           ;interrupciones.c: 34: 
   220  0008E0  86F2               	bsf	242,3,c	;volatile
   221  0008E2                     
   222                           ;interrupciones.c: 35: void __attribute__((picinterrupt(("low_priority"))))teclado (void
      +                          )
   223  0008E2  90F2               	bcf	242,0,c	;volatile
   224  0008E4                     
   225                           ;interrupciones.c: 36: {
   226  0008E4  8ED0               	bsf	208,7,c	;volatile
   227  0008E6                     l41:
   228                           
   229                           ;interrupciones.c: 39:     int a=PORTD;;interrupciones.c: 40: 
   230  0008E6  0EFE               	movlw	254
   231  0008E8  6E81               	movwf	129,c	;volatile
   232                           
   233                           ;interrupciones.c: 41: 
   234  0008EA  0EFD               	movlw	253
   235  0008EC  6E81               	movwf	129,c	;volatile
   236                           
   237                           ;interrupciones.c: 42:     if(PORTBbits.RB0==0)
   238  0008EE  0EFB               	movlw	251
   239  0008F0  6E81               	movwf	129,c	;volatile
   240  0008F2  EF73  F004         	goto	l41
   241  0008F6  EF2B  F001         	goto	start
   242  0008FA                     __end_of_main:
   243                           	callstack 0
   244                           
   245 ;; *************** function _teclado *****************
   246 ;; Defined at:
   247 ;;		line 49 in file "interrupciones.c"
   248 ;; Parameters:    Size  Location     Type
   249 ;;		None
   250 ;; Auto vars:     Size  Location     Type
   251 ;;  i               2   21[COMRAM] int 
   252 ;;  i               2   23[COMRAM] int 
   253 ;;  a               2    0        int 
   254 ;;  a               2    0        int 
   255 ;;  salida          1    0        unsigned char 
   256 ;; Return value:  Size  Location     Type
   257 ;;                  1    wreg      void 
   258 ;; Registers used:
   259 ;;		wreg, status,2, status,0, tblptrl, tblptrh, tblptru
   260 ;; Tracked objects:
   261 ;;		On entry : 0/0
   262 ;;		On exit  : 0/0
   263 ;;		Unchanged: 0/0
   264 ;; Data sizes:     COMRAM   BANK0   BANK1   BANK2   BANK3   BANK4   BANK5   BANK6   BANK7
   265 ;;      Params:         0       0       0       0       0       0       0       0       0
   266 ;;      Locals:         8       0       0       0       0       0       0       0       0
   267 ;;      Temps:          9       0       0       0       0       0       0       0       0
   268 ;;      Totals:        17       0       0       0       0       0       0       0       0
   269 ;;Total ram usage:       17 bytes
   270 ;; Hardware stack levels used:    1
   271 ;; Hardware stack levels required when called:    1
   272 ;; This function calls:
   273 ;;		Nothing
   274 ;; This function is called by:
   275 ;;		Interrupt level 1
   276 ;; This function uses a non-reentrant model
   277 ;;
   278                           
   279                           	psect	intcodelo
   280  000018                     __pintcodelo:
   281                           	callstack 0
   282  000018                     _teclado:
   283                           	callstack 29
   284                           
   285                           ;incstack = 0
   286  000018  801A               	bsf	int$flags,0,c	;set compiler interrupt flag (level 1)
   287  00001A  CFD8 F00B          	movff	status,??_teclado+2
   288  00001E  CFE8 F00C          	movff	wreg,??_teclado+3
   289  000022  CFE0 F00D          	movff	bsr,??_teclado+4
   290  000026  CFF6 F00E          	movff	tblptrl,??_teclado+5
   291  00002A  CFF7 F00F          	movff	tblptrh,??_teclado+6
   292  00002E  CFF8 F010          	movff	tblptru,??_teclado+7
   293  000032  CFF5 F011          	movff	tablat,??_teclado+8
   294  000036                     
   295                           ;interrupciones.c: 51:             for(int i=0b1001;i>=0b0000;i--);interrupciones.c: 52:
      +                                       {
   296  000036  0E00               	movlw	0
   297  000038  6E83               	movwf	131,c	;volatile
   298  00003A  5083               	movf	131,w,c	;volatile
   299  00003C                     
   300                           ;interrupciones.c: 56:             }
   301  00003C  B081               	btfsc	129,0,c	;volatile
   302  00003E  EF23  F000         	goto	i1u1_21
   303  000042  EF25  F000         	goto	i1u1_20
   304  000046                     i1u1_21:
   305  000046  EF6E  F000         	goto	i1l49
   306  00004A                     i1u1_20:
   307  00004A                     
   308                           ;interrupciones.c: 57: ;interrupciones.c: 58:         }
   309  00004A  B881               	btfsc	129,4,c	;volatile
   310  00004C  EF2A  F000         	goto	i1u2_21
   311  000050  EF2C  F000         	goto	i1u2_20
   312  000054                     i1u2_21:
   313  000054  EF2E  F000         	goto	i1l777
   314  000058                     i1u2_20:
   315  000058  0E01               	movlw	1
   316  00005A  6E83               	movwf	131,c	;volatile
   317  00005C                     i1l777:
   318                           
   319                           ;interrupciones.c: 59: 
   320  00005C  BA81               	btfsc	129,5,c	;volatile
   321  00005E  EF33  F000         	goto	i1u3_21
   322  000062  EF35  F000         	goto	i1u3_20
   323  000066                     i1u3_21:
   324  000066  EF37  F000         	goto	i1l781
   325  00006A                     i1u3_20:
   326  00006A  0E04               	movlw	4
   327  00006C  6E83               	movwf	131,c	;volatile
   328  00006E                     i1l781:
   329                           
   330                           ;interrupciones.c: 60: 
   331  00006E  BC81               	btfsc	129,6,c	;volatile
   332  000070  EF3C  F000         	goto	i1u4_21
   333  000074  EF3E  F000         	goto	i1u4_20
   334  000078                     i1u4_21:
   335  000078  EF40  F000         	goto	i1l785
   336  00007C                     i1u4_20:
   337  00007C  0E07               	movlw	7
   338  00007E  6E83               	movwf	131,c	;volatile
   339  000080                     i1l785:
   340                           
   341                           ;interrupciones.c: 61: 
   342  000080  BE81               	btfsc	129,7,c	;volatile
   343  000082  EF45  F000         	goto	i1u5_21
   344  000086  EF47  F000         	goto	i1u5_20
   345  00008A                     i1u5_21:
   346  00008A  EF6E  F000         	goto	i1l49
   347  00008E                     i1u5_20:
   348  00008E  5083               	movf	131,w,c	;volatile
   349  000090                     
   350                           ;interrupciones.c: 65:     {
   351  000090  0E00               	movlw	0
   352  000092  6E17               	movwf	(teclado@i+1)^0,c
   353  000094  0E09               	movlw	9
   354  000096  6E16               	movwf	teclado@i^0,c
   355  000098                     i1l795:
   356                           
   357                           ;interrupciones.c: 66:         if(PORTBbits.RB4==0) {PORTD=0b0010;};interrupciones.c: 67
      +                          :         if(PORTBbits.RB5==0) {PORTD=0b0101;}
   358  000098  90D8               	bcf	status,0,c
   359  00009A  3416               	rlcf	teclado@i^0,w,c
   360  00009C  6EF6               	movwf	tblptrl,c
   361  00009E  3417               	rlcf	(teclado@i+1)^0,w,c
   362  0000A0  6EF7               	movwf	tblptrh,c
   363  0000A2  0E01               	movlw	low _display
   364  0000A4  26F6               	addwf	tblptrl,f,c
   365  0000A6  0E08               	movlw	high _display
   366  0000A8  22F7               	addwfc	tblptrh,f,c
   367  0000AA                     	if	0	;There are less than 3 active tblptr bytes
   368  0000AA                     	endif
   369  0000AA  0008               	tblrd		*
   370  0000AC  CFF5 FF83          	movff	tablat,3971	;volatile
   371  0000B0                     
   372                           ;interrupciones.c: 68:         if(PORTBbits.RB6==0) {PORTD=0b1000;}
   373  0000B0  0E06               	movlw	6
   374  0000B2  6E0A               	movwf	(??_teclado+1)^0,c
   375  0000B4  0E13               	movlw	19
   376  0000B6  6E09               	movwf	??_teclado^0,c
   377  0000B8  0EAE               	movlw	174
   378  0000BA                     i1u25_27:
   379  0000BA  2EE8               	decfsz	wreg,f,c
   380  0000BC  D7FE               	bra	i1u25_27
   381  0000BE  2E09               	decfsz	??_teclado^0,f,c
   382  0000C0  D7FC               	bra	i1u25_27
   383  0000C2  2E0A               	decfsz	(??_teclado+1)^0,f,c
   384  0000C4  D7FA               	bra	i1u25_27
   385  0000C6                     
   386                           ;interrupciones.c: 69:         if(PORTBbits.RB7==0) {PORTD=0b0000;}
   387  0000C6  8084               	bsf	132,0,c	;volatile
   388  0000C8                     
   389                           ;interrupciones.c: 70:     }
   390  0000C8  0616               	decf	teclado@i^0,f,c
   391  0000CA  A0D8               	btfss	status,0,c
   392  0000CC  0617               	decf	(teclado@i+1)^0,f,c
   393  0000CE  BE17               	btfsc	(teclado@i+1)^0,7,c
   394  0000D0  EF6E  F000         	goto	i1u6_20
   395  0000D4  EF6C  F000         	goto	i1u6_21
   396  0000D8                     i1u6_21:
   397  0000D8  EF4C  F000         	goto	i1l795
   398  0000DC                     i1u6_20:
   399  0000DC                     i1l49:
   400                           
   401                           ;interrupciones.c: 78: 
   402  0000DC  B281               	btfsc	129,1,c	;volatile
   403  0000DE  EF73  F000         	goto	i1u7_21
   404  0000E2  EF75  F000         	goto	i1u7_20
   405  0000E6                     i1u7_21:
   406  0000E6  EF99  F000         	goto	i1l821
   407  0000EA                     i1u7_20:
   408  0000EA                     
   409                           ;interrupciones.c: 79:     if(PORTAbits.RA0==1);interrupciones.c: 80:     {
   410  0000EA  B881               	btfsc	129,4,c	;volatile
   411  0000EC  EF7A  F000         	goto	i1u8_21
   412  0000F0  EF7C  F000         	goto	i1u8_20
   413  0000F4                     i1u8_21:
   414  0000F4  EF7E  F000         	goto	i1l809
   415  0000F8                     i1u8_20:
   416  0000F8  0E02               	movlw	2
   417  0000FA  6E83               	movwf	131,c	;volatile
   418  0000FC                     i1l809:
   419                           
   420                           ;interrupciones.c: 81:         for(int i=0b0000;i<0b1001;i++)
   421  0000FC  BA81               	btfsc	129,5,c	;volatile
   422  0000FE  EF83  F000         	goto	i1u9_21
   423  000102  EF85  F000         	goto	i1u9_20
   424  000106                     i1u9_21:
   425  000106  EF87  F000         	goto	i1l813
   426  00010A                     i1u9_20:
   427  00010A  0E05               	movlw	5
   428  00010C  6E83               	movwf	131,c	;volatile
   429  00010E                     i1l813:
   430                           
   431                           ;interrupciones.c: 82:             {
   432  00010E  BC81               	btfsc	129,6,c	;volatile
   433  000110  EF8C  F000         	goto	i1u10_21
   434  000114  EF8E  F000         	goto	i1u10_20
   435  000118                     i1u10_21:
   436  000118  EF90  F000         	goto	i1l817
   437  00011C                     i1u10_20:
   438  00011C  0E08               	movlw	8
   439  00011E  6E83               	movwf	131,c	;volatile
   440  000120                     i1l817:
   441                           
   442                           ;interrupciones.c: 83:                 PORTD=display[i];
   443  000120  BE81               	btfsc	129,7,c	;volatile
   444  000122  EF95  F000         	goto	i1u11_21
   445  000126  EF97  F000         	goto	i1u11_20
   446  00012A                     i1u11_21:
   447  00012A  EF99  F000         	goto	i1l821
   448  00012E                     i1u11_20:
   449  00012E  0E00               	movlw	0
   450  000130  6E83               	movwf	131,c	;volatile
   451  000132                     i1l821:
   452                           
   453                           ;interrupciones.c: 85:                 PORTEbits.RE0=1;
   454  000132  B481               	btfsc	129,2,c	;volatile
   455  000134  EF9E  F000         	goto	i1u12_21
   456  000138  EFA0  F000         	goto	i1u12_20
   457  00013C                     i1u12_21:
   458  00013C  EFBB  F000         	goto	i1l835
   459  000140                     i1u12_20:
   460  000140                     
   461                           ;interrupciones.c: 86:                 _delay((unsigned long)((1000)*(4000000/4000.0)));
      +                          ;interrupciones.c: 87:                 PORTEbits.RE0=0;
   462  000140  B881               	btfsc	129,4,c	;volatile
   463  000142  EFA5  F000         	goto	i1u13_21
   464  000146  EFA7  F000         	goto	i1u13_20
   465  00014A                     i1u13_21:
   466  00014A  EFA9  F000         	goto	i1l827
   467  00014E                     i1u13_20:
   468  00014E  0E03               	movlw	3
   469  000150  6E83               	movwf	131,c	;volatile
   470  000152                     i1l827:
   471                           
   472                           ;interrupciones.c: 88:             }
   473  000152  BA81               	btfsc	129,5,c	;volatile
   474  000154  EFAE  F000         	goto	i1u14_21
   475  000158  EFB0  F000         	goto	i1u14_20
   476  00015C                     i1u14_21:
   477  00015C  EFB2  F000         	goto	i1l831
   478  000160                     i1u14_20:
   479  000160  0E06               	movlw	6
   480  000162  6E83               	movwf	131,c	;volatile
   481  000164                     i1l831:
   482                           
   483                           ;interrupciones.c: 89:     }
   484  000164  BC81               	btfsc	129,6,c	;volatile
   485  000166  EFB7  F000         	goto	i1u15_21
   486  00016A  EFB9  F000         	goto	i1u15_20
   487  00016E                     i1u15_21:
   488  00016E  EFBB  F000         	goto	i1l835
   489  000172                     i1u15_20:
   490  000172  0E09               	movlw	9
   491  000174  6E83               	movwf	131,c	;volatile
   492  000176                     i1l835:
   493                           
   494                           ;interrupciones.c: 93:     INTCONbits.RBIF=0;
   495  000176  A080               	btfss	128,0,c	;volatile
   496  000178  EFC0  F000         	goto	i1u16_21
   497  00017C  EFC2  F000         	goto	i1u16_20
   498  000180                     i1u16_21:
   499  000180  EFF6  F000         	goto	i1l68
   500  000184                     i1u16_20:
   501  000184                     
   502                           ;interrupciones.c: 94:     PORTEbits.RE0=0;;interrupciones.c: 95: }
   503  000184  0E00               	movlw	0
   504  000186  6E19               	movwf	(teclado@i_471+1)^0,c
   505  000188  0E00               	movlw	0
   506  00018A  6E18               	movwf	teclado@i_471^0,c
   507  00018C                     i1l843:
   508                           
   509                           ;interrupciones.c: 96: ;interrupciones.c: 97: void __attribute__((picinterrupt(("")))) p
      +                          ulsador (void)
   510  00018C  90D8               	bcf	status,0,c
   511  00018E  3418               	rlcf	teclado@i_471^0,w,c
   512  000190  6EF6               	movwf	tblptrl,c
   513  000192  3419               	rlcf	(teclado@i_471+1)^0,w,c
   514  000194  6EF7               	movwf	tblptrh,c
   515  000196  0E01               	movlw	low _display
   516  000198  26F6               	addwf	tblptrl,f,c
   517  00019A  0E08               	movlw	high _display
   518  00019C  22F7               	addwfc	tblptrh,f,c
   519  00019E                     	if	0	;There are less than 3 active tblptr bytes
   520  00019E                     	endif
   521  00019E  0008               	tblrd		*
   522  0001A0  CFF5 FF83          	movff	tablat,3971	;volatile
   523  0001A4                     
   524                           ;interrupciones.c: 98: {
   525  0001A4  0E82               	movlw	130
   526  0001A6  6E09               	movwf	??_teclado^0,c
   527  0001A8  0EDE               	movlw	222
   528  0001AA                     i1u26_27:
   529  0001AA  2EE8               	decfsz	wreg,f,c
   530  0001AC  D7FE               	bra	i1u26_27
   531  0001AE  2E09               	decfsz	??_teclado^0,f,c
   532  0001B0  D7FC               	bra	i1u26_27
   533  0001B2                     
   534                           ;interrupciones.c: 99: 
   535  0001B2  8084               	bsf	132,0,c	;volatile
   536  0001B4                     
   537                           ;interrupciones.c: 100:     INTCONbits.GIEL=1;
   538  0001B4  0E06               	movlw	6
   539  0001B6  6E0A               	movwf	(??_teclado+1)^0,c
   540  0001B8  0E13               	movlw	19
   541  0001BA  6E09               	movwf	??_teclado^0,c
   542  0001BC  0EAE               	movlw	174
   543  0001BE                     i1u27_27:
   544  0001BE  2EE8               	decfsz	wreg,f,c
   545  0001C0  D7FE               	bra	i1u27_27
   546  0001C2  2E09               	decfsz	??_teclado^0,f,c
   547  0001C4  D7FC               	bra	i1u27_27
   548  0001C6  2E0A               	decfsz	(??_teclado+1)^0,f,c
   549  0001C8  D7FA               	bra	i1u27_27
   550  0001CA                     
   551                           ;interrupciones.c: 101:     TRISAbits.TRISA0=1;
   552  0001CA  9084               	bcf	132,0,c	;volatile
   553  0001CC                     
   554                           ;interrupciones.c: 102: 
   555  0001CC  4A18               	infsnz	teclado@i_471^0,f,c
   556  0001CE  2A19               	incf	(teclado@i_471+1)^0,f,c
   557  0001D0  BE19               	btfsc	(teclado@i_471+1)^0,7,c
   558  0001D2  EFF4  F000         	goto	i1u17_21
   559  0001D6  5019               	movf	(teclado@i_471+1)^0,w,c
   560  0001D8  E109               	bnz	i1u17_20
   561  0001DA  0E09               	movlw	9
   562  0001DC  5C18               	subwf	teclado@i_471^0,w,c
   563  0001DE  A0D8               	btfss	status,0,c
   564  0001E0  EFF4  F000         	goto	i1u17_21
   565  0001E4  EFF6  F000         	goto	i1u17_20
   566  0001E8                     i1u17_21:
   567  0001E8  EFC6  F000         	goto	i1l843
   568  0001EC                     i1u17_20:
   569  0001EC                     i1l68:
   570  0001EC  A881               	btfss	129,4,c	;volatile
   571  0001EE  EFFB  F000         	goto	i1u18_21
   572  0001F2  EFFD  F000         	goto	i1u18_20
   573  0001F6                     i1u18_21:
   574  0001F6  EFF6  F000         	goto	i1l68
   575  0001FA                     i1u18_20:
   576  0001FA  AA81               	btfss	129,5,c	;volatile
   577  0001FC  EF02  F001         	goto	i1u19_21
   578  000200  EF04  F001         	goto	i1u19_20
   579  000204                     i1u19_21:
   580  000204  EFF6  F000         	goto	i1l68
   581  000208                     i1u19_20:
   582  000208  AC81               	btfss	129,6,c	;volatile
   583  00020A  EF09  F001         	goto	i1u20_21
   584  00020E  EF0B  F001         	goto	i1u20_20
   585  000212                     i1u20_21:
   586  000212  EFF6  F000         	goto	i1l68
   587  000216                     i1u20_20:
   588  000216  AE81               	btfss	129,7,c	;volatile
   589  000218  EF10  F001         	goto	i1u21_21
   590  00021C  EF12  F001         	goto	i1u21_20
   591  000220                     i1u21_21:
   592  000220  EFF6  F000         	goto	i1l68
   593  000224                     i1u21_20:
   594  000224  B080               	btfsc	128,0,c	;volatile
   595  000226  EF17  F001         	goto	i1u22_21
   596  00022A  EF19  F001         	goto	i1u22_20
   597  00022E                     i1u22_21:
   598  00022E  EFF6  F000         	goto	i1l68
   599  000232                     i1u22_20:
   600  000232                     
   601                           ;interrupciones.c: 107:             {
   602  000232  90F2               	bcf	242,0,c	;volatile
   603                           
   604                           ;interrupciones.c: 108:                 PORTD=display[i];
   605  000234  9084               	bcf	132,0,c	;volatile
   606  000236  C011  FFF5         	movff	??_teclado+8,tablat
   607  00023A  C010  FFF8         	movff	??_teclado+7,tblptru
   608  00023E  C00F  FFF7         	movff	??_teclado+6,tblptrh
   609  000242  C00E  FFF6         	movff	??_teclado+5,tblptrl
   610  000246  C00D  FFE0         	movff	??_teclado+4,bsr
   611  00024A  C00C  FFE8         	movff	??_teclado+3,wreg
   612  00024E  C00B  FFD8         	movff	??_teclado+2,status
   613  000252  901A               	bcf	int$flags,0,c	;clear compiler interrupt flag (level 1)
   614  000254  0010               	retfie	
   615  000256                     __end_of_teclado:
   616                           	callstack 0
   617                           
   618 ;; *************** function _pulsador *****************
   619 ;; Defined at:
   620 ;;		line 111 in file "interrupciones.c"
   621 ;; Parameters:    Size  Location     Type
   622 ;;		None
   623 ;; Auto vars:     Size  Location     Type
   624 ;;  i               2    6[COMRAM] int 
   625 ;; Return value:  Size  Location     Type
   626 ;;                  1    wreg      void 
   627 ;; Registers used:
   628 ;;		wreg, status,2, status,0, tblptrl, tblptrh, tblptru
   629 ;; Tracked objects:
   630 ;;		On entry : 0/0
   631 ;;		On exit  : 0/0
   632 ;;		Unchanged: 0/0
   633 ;; Data sizes:     COMRAM   BANK0   BANK1   BANK2   BANK3   BANK4   BANK5   BANK6   BANK7
   634 ;;      Params:         0       0       0       0       0       0       0       0       0
   635 ;;      Locals:         2       0       0       0       0       0       0       0       0
   636 ;;      Temps:          6       0       0       0       0       0       0       0       0
   637 ;;      Totals:         8       0       0       0       0       0       0       0       0
   638 ;;Total ram usage:        8 bytes
   639 ;; Hardware stack levels used:    1
   640 ;; This function calls:
   641 ;;		Nothing
   642 ;; This function is called by:
   643 ;;		Interrupt level 2
   644 ;; This function uses a non-reentrant model
   645 ;;
   646                           
   647                           	psect	intcode
   648  000008                     __pintcode:
   649                           	callstack 0
   650  000008                     _pulsador:
   651                           	callstack 29
   652                           
   653                           ;incstack = 0
   654  000008  821A               	bsf	int$flags,1,c	;set compiler interrupt flag (level 2)
   655  00000A  ED0B  F004         	call	int_func,f	;refresh shadow registers
   656                           
   657                           	psect	intcode_body
   658  000816                     __pintcode_body:
   659                           	callstack 29
   660  000816                     int_func:
   661                           	callstack 29
   662  000816  0006               	pop		; remove dummy address from shadow register refresh
   663  000818  CFF6 F003          	movff	tblptrl,??_pulsador+2
   664  00081C  CFF7 F004          	movff	tblptrh,??_pulsador+3
   665  000820  CFF8 F005          	movff	tblptru,??_pulsador+4
   666  000824  CFF5 F006          	movff	tablat,??_pulsador+5
   667  000828                     
   668                           ;interrupciones.c: 114:     }
   669  000828  8CF2               	bsf	242,6,c	;volatile
   670                           
   671                           ;interrupciones.c: 115: }
   672  00082A  8092               	bsf	146,0,c	;volatile
   673  00082C  A080               	btfss	128,0,c	;volatile
   674  00082E  EF1B  F004         	goto	i2u23_41
   675  000832  EF1D  F004         	goto	i2u23_40
   676  000836                     i2u23_41:
   677  000836  EF52  F004         	goto	i2l79
   678  00083A                     i2u23_40:
   679  00083A  90F2               	bcf	242,0,c	;volatile
   680  00083C  0E00               	movlw	0
   681  00083E  6E08               	movwf	(pulsador@i+1)^0,c
   682  000840  0E00               	movlw	0
   683  000842  6E07               	movwf	pulsador@i^0,c
   684  000844                     i2l875:
   685  000844  90D8               	bcf	status,0,c
   686  000846  3407               	rlcf	pulsador@i^0,w,c
   687  000848  6EF6               	movwf	tblptrl,c
   688  00084A  3408               	rlcf	(pulsador@i+1)^0,w,c
   689  00084C  6EF7               	movwf	tblptrh,c
   690  00084E  0E01               	movlw	low _display
   691  000850  26F6               	addwf	tblptrl,f,c
   692  000852  0E08               	movlw	high _display
   693  000854  22F7               	addwfc	tblptrh,f,c
   694  000856                     	if	0	;There are less than 3 active tblptr bytes
   695  000856                     	endif
   696  000856  0008               	tblrd		*
   697  000858  CFF5 FF83          	movff	tablat,3971	;volatile
   698  00085C  0E82               	movlw	130
   699  00085E  6E01               	movwf	??_pulsador^0,c
   700  000860  0EDE               	movlw	222
   701  000862                     i2u28_47:
   702  000862  2EE8               	decfsz	wreg,f,c
   703  000864  D7FE               	bra	i2u28_47
   704  000866  2E01               	decfsz	??_pulsador^0,f,c
   705  000868  D7FC               	bra	i2u28_47
   706  00086A  8084               	bsf	132,0,c	;volatile
   707  00086C  0E06               	movlw	6
   708  00086E  6E02               	movwf	(??_pulsador+1)^0,c
   709  000870  0E13               	movlw	19
   710  000872  6E01               	movwf	??_pulsador^0,c
   711  000874  0EAE               	movlw	174
   712  000876                     i2u29_47:
   713  000876  2EE8               	decfsz	wreg,f,c
   714  000878  D7FE               	bra	i2u29_47
   715  00087A  2E01               	decfsz	??_pulsador^0,f,c
   716  00087C  D7FC               	bra	i2u29_47
   717  00087E  2E02               	decfsz	(??_pulsador+1)^0,f,c
   718  000880  D7FA               	bra	i2u29_47
   719  000882  9084               	bcf	132,0,c	;volatile
   720  000884  4A07               	infsnz	pulsador@i^0,f,c
   721  000886  2A08               	incf	(pulsador@i+1)^0,f,c
   722  000888  BE08               	btfsc	(pulsador@i+1)^0,7,c
   723  00088A  EF50  F004         	goto	i2u24_41
   724  00088E  5008               	movf	(pulsador@i+1)^0,w,c
   725  000890  E109               	bnz	i2u24_40
   726  000892  0E09               	movlw	9
   727  000894  5C07               	subwf	pulsador@i^0,w,c
   728  000896  A0D8               	btfss	status,0,c
   729  000898  EF50  F004         	goto	i2u24_41
   730  00089C  EF52  F004         	goto	i2u24_40
   731  0008A0                     i2u24_41:
   732  0008A0  EF22  F004         	goto	i2l875
   733  0008A4                     i2u24_40:
   734  0008A4                     i2l79:
   735  0008A4  C006  FFF5         	movff	??_pulsador+5,tablat
   736  0008A8  C005  FFF8         	movff	??_pulsador+4,tblptru
   737  0008AC  C004  FFF7         	movff	??_pulsador+3,tblptrh
   738  0008B0  C003  FFF6         	movff	??_pulsador+2,tblptrl
   739  0008B4  921A               	bcf	int$flags,1,c	;clear compiler interrupt flag (level 2)
   740  0008B6  0011               	retfie		f
   741  0008B8                     __end_of_pulsador:
   742                           	callstack 0
   743                           
   744                           	psect	rparam
   745  0000                     
   746                           	psect	temp
   747  00001A                     btemp:
   748                           	callstack 0
   749  00001A                     	ds	1
   750  0000                     int$flags	set	btemp
   751  0000                     wtemp8	set	btemp+1
   752  0000                     ttemp5	set	btemp+1
   753  0000                     ttemp6	set	btemp+4
   754  0000                     ttemp7	set	btemp+8
   755                           
   756                           	psect	idloc
   757                           
   758                           ;Config register IDLOC0 @ 0x200000
   759                           ;	unspecified, using default values
   760  200000                     	org	2097152
   761  200000  FF                 	db	255
   762                           
   763                           ;Config register IDLOC1 @ 0x200001
   764                           ;	unspecified, using default values
   765  200001                     	org	2097153
   766  200001  FF                 	db	255
   767                           
   768                           ;Config register IDLOC2 @ 0x200002
   769                           ;	unspecified, using default values
   770  200002                     	org	2097154
   771  200002  FF                 	db	255
   772                           
   773                           ;Config register IDLOC3 @ 0x200003
   774                           ;	unspecified, using default values
   775  200003                     	org	2097155
   776  200003  FF                 	db	255
   777                           
   778                           ;Config register IDLOC4 @ 0x200004
   779                           ;	unspecified, using default values
   780  200004                     	org	2097156
   781  200004  FF                 	db	255
   782                           
   783                           ;Config register IDLOC5 @ 0x200005
   784                           ;	unspecified, using default values
   785  200005                     	org	2097157
   786  200005  FF                 	db	255
   787                           
   788                           ;Config register IDLOC6 @ 0x200006
   789                           ;	unspecified, using default values
   790  200006                     	org	2097158
   791  200006  FF                 	db	255
   792                           
   793                           ;Config register IDLOC7 @ 0x200007
   794                           ;	unspecified, using default values
   795  200007                     	org	2097159
   796  200007  FF                 	db	255
   797                           
   798                           	psect	config
   799                           
   800                           ;Config register CONFIG1L @ 0x300000
   801                           ;	unspecified, using default values
   802                           ;	PLL Prescaler Selection bits
   803                           ;	PLLDIV = 0x0, unprogrammed default
   804                           ;	System Clock Postscaler Selection bits
   805                           ;	CPUDIV = 0x0, unprogrammed default
   806                           ;	USB Clock Selection bit (used in Full-Speed USB mode only; UCFG:FSEN = 1)
   807                           ;	USBDIV = 0x0, unprogrammed default
   808  300000                     	org	3145728
   809  300000  00                 	db	0
   810                           
   811                           ;Config register CONFIG1H @ 0x300001
   812                           ;	Oscillator Selection bits
   813                           ;	FOSC = XT_XT, XT oscillator (XT)
   814                           ;	Fail-Safe Clock Monitor Enable bit
   815                           ;	FCMEN = 0x0, unprogrammed default
   816                           ;	Internal/External Oscillator Switchover bit
   817                           ;	IESO = 0x0, unprogrammed default
   818  300001                     	org	3145729
   819  300001  00                 	db	0
   820                           
   821                           ;Config register CONFIG2L @ 0x300002
   822                           ;	unspecified, using default values
   823                           ;	Power-up Timer Enable bit
   824                           ;	PWRT = 0x1, unprogrammed default
   825                           ;	Brown-out Reset Enable bits
   826                           ;	BOR = 0x3, unprogrammed default
   827                           ;	Brown-out Reset Voltage bits
   828                           ;	BORV = 0x3, unprogrammed default
   829                           ;	USB Voltage Regulator Enable bit
   830                           ;	VREGEN = 0x0, unprogrammed default
   831  300002                     	org	3145730
   832  300002  1F                 	db	31
   833                           
   834                           ;Config register CONFIG2H @ 0x300003
   835                           ;	unspecified, using default values
   836                           ;	Watchdog Timer Enable bit
   837                           ;	WDT = 0x1, unprogrammed default
   838                           ;	Watchdog Timer Postscale Select bits
   839                           ;	WDTPS = 0xF, unprogrammed default
   840  300003                     	org	3145731
   841  300003  1F                 	db	31
   842                           
   843                           ; Padding undefined space
   844  300004                     	org	3145732
   845  300004  FF                 	db	255
   846                           
   847                           ;Config register CONFIG3H @ 0x300005
   848                           ;	unspecified, using default values
   849                           ;	CCP2 MUX bit
   850                           ;	CCP2MX = 0x1, unprogrammed default
   851                           ;	PORTB A/D Enable bit
   852                           ;	PBADEN = 0x1, unprogrammed default
   853                           ;	Low-Power Timer 1 Oscillator Enable bit
   854                           ;	LPT1OSC = 0x0, unprogrammed default
   855                           ;	MCLR Pin Enable bit
   856                           ;	MCLRE = 0x1, unprogrammed default
   857  300005                     	org	3145733
   858  300005  83                 	db	131
   859                           
   860                           ;Config register CONFIG4L @ 0x300006
   861                           ;	unspecified, using default values
   862                           ;	Stack Full/Underflow Reset Enable bit
   863                           ;	STVREN = 0x1, unprogrammed default
   864                           ;	Single-Supply ICSP Enable bit
   865                           ;	LVP = 0x1, unprogrammed default
   866                           ;	Dedicated In-Circuit Debug/Programming Port (ICPORT) Enable bit
   867                           ;	ICPRT = 0x0, unprogrammed default
   868                           ;	Extended Instruction Set Enable bit
   869                           ;	XINST = 0x0, unprogrammed default
   870                           ;	Background Debugger Enable bit
   871                           ;	DEBUG = 0x1, unprogrammed default
   872  300006                     	org	3145734
   873  300006  85                 	db	133
   874                           
   875                           ; Padding undefined space
   876  300007                     	org	3145735
   877  300007  FF                 	db	255
   878                           
   879                           ;Config register CONFIG5L @ 0x300008
   880                           ;	unspecified, using default values
   881                           ;	Code Protection bit
   882                           ;	CP0 = 0x1, unprogrammed default
   883                           ;	Code Protection bit
   884                           ;	CP1 = 0x1, unprogrammed default
   885                           ;	Code Protection bit
   886                           ;	CP2 = 0x1, unprogrammed default
   887                           ;	Code Protection bit
   888                           ;	CP3 = 0x1, unprogrammed default
   889  300008                     	org	3145736
   890  300008  0F                 	db	15
   891                           
   892                           ;Config register CONFIG5H @ 0x300009
   893                           ;	unspecified, using default values
   894                           ;	Boot Block Code Protection bit
   895                           ;	CPB = 0x1, unprogrammed default
   896                           ;	Data EEPROM Code Protection bit
   897                           ;	CPD = 0x1, unprogrammed default
   898  300009                     	org	3145737
   899  300009  C0                 	db	192
   900                           
   901                           ;Config register CONFIG6L @ 0x30000A
   902                           ;	unspecified, using default values
   903                           ;	Write Protection bit
   904                           ;	WRT0 = 0x1, unprogrammed default
   905                           ;	Write Protection bit
   906                           ;	WRT1 = 0x1, unprogrammed default
   907                           ;	Write Protection bit
   908                           ;	WRT2 = 0x1, unprogrammed default
   909                           ;	Write Protection bit
   910                           ;	WRT3 = 0x1, unprogrammed default
   911  30000A                     	org	3145738
   912  30000A  0F                 	db	15
   913                           
   914                           ;Config register CONFIG6H @ 0x30000B
   915                           ;	unspecified, using default values
   916                           ;	Configuration Register Write Protection bit
   917                           ;	WRTC = 0x1, unprogrammed default
   918                           ;	Boot Block Write Protection bit
   919                           ;	WRTB = 0x1, unprogrammed default
   920                           ;	Data EEPROM Write Protection bit
   921                           ;	WRTD = 0x1, unprogrammed default
   922  30000B                     	org	3145739
   923  30000B  E0                 	db	224
   924                           
   925                           ;Config register CONFIG7L @ 0x30000C
   926                           ;	unspecified, using default values
   927                           ;	Table Read Protection bit
   928                           ;	EBTR0 = 0x1, unprogrammed default
   929                           ;	Table Read Protection bit
   930                           ;	EBTR1 = 0x1, unprogrammed default
   931                           ;	Table Read Protection bit
   932                           ;	EBTR2 = 0x1, unprogrammed default
   933                           ;	Table Read Protection bit
   934                           ;	EBTR3 = 0x1, unprogrammed default
   935  30000C                     	org	3145740
   936  30000C  0F                 	db	15
   937                           
   938                           ;Config register CONFIG7H @ 0x30000D
   939                           ;	unspecified, using default values
   940                           ;	Boot Block Table Read Protection bit
   941                           ;	EBTRB = 0x1, unprogrammed default
   942  30000D                     	org	3145741
   943  30000D  40                 	db	64
   944                           tosu	equ	0xFFF
   945                           tosh	equ	0xFFE
   946                           tosl	equ	0xFFD
   947                           stkptr	equ	0xFFC
   948                           pclatu	equ	0xFFB
   949                           pclath	equ	0xFFA
   950                           pcl	equ	0xFF9
   951                           tblptru	equ	0xFF8
   952                           tblptrh	equ	0xFF7
   953                           tblptrl	equ	0xFF6
   954                           tablat	equ	0xFF5
   955                           prodh	equ	0xFF4
   956                           prodl	equ	0xFF3
   957                           indf0	equ	0xFEF
   958                           postinc0	equ	0xFEE
   959                           postdec0	equ	0xFED
   960                           preinc0	equ	0xFEC
   961                           plusw0	equ	0xFEB
   962                           fsr0h	equ	0xFEA
   963                           fsr0l	equ	0xFE9
   964                           wreg	equ	0xFE8
   965                           indf1	equ	0xFE7
   966                           postinc1	equ	0xFE6
   967                           postdec1	equ	0xFE5
   968                           preinc1	equ	0xFE4
   969                           plusw1	equ	0xFE3
   970                           fsr1h	equ	0xFE2
   971                           fsr1l	equ	0xFE1
   972                           bsr	equ	0xFE0
   973                           indf2	equ	0xFDF
   974                           postinc2	equ	0xFDE
   975                           postdec2	equ	0xFDD
   976                           preinc2	equ	0xFDC
   977                           plusw2	equ	0xFDB
   978                           fsr2h	equ	0xFDA
   979                           fsr2l	equ	0xFD9
   980                           status	equ	0xFD8

Data Sizes:
    Strings     0
    Constant    20
    Data        0
    BSS         0
    Persistent  0
    Stack       0

Auto Spaces:
    Space          Size  Autos    Used
    COMRAM           94     25      25
    BANK0           160      0       0
    BANK1           256      0       0
    BANK2           256      0       0
    BANK3           256      0       0
    BANK4           256      0       0
    BANK5           256      0       0
    BANK6           256      0       0
    BANK7           256      0       0

Pointer List with Targets:

    None.

Critical Paths under _main in COMRAM

    None.

Critical Paths under _teclado in COMRAM

    None.

Critical Paths under _pulsador in COMRAM

    None.

Critical Paths under _main in BANK0

    None.

Critical Paths under _teclado in BANK0

    None.

Critical Paths under _pulsador in BANK0

    None.

Critical Paths under _main in BANK1

    None.

Critical Paths under _teclado in BANK1

    None.

Critical Paths under _pulsador in BANK1

    None.

Critical Paths under _main in BANK2

    None.

Critical Paths under _teclado in BANK2

    None.

Critical Paths under _pulsador in BANK2

    None.

Critical Paths under _main in BANK3

    None.

Critical Paths under _teclado in BANK3

    None.

Critical Paths under _pulsador in BANK3

    None.

Critical Paths under _main in BANK4

    None.

Critical Paths under _teclado in BANK4

    None.

Critical Paths under _pulsador in BANK4

    None.

Critical Paths under _main in BANK5

    None.

Critical Paths under _teclado in BANK5

    None.

Critical Paths under _pulsador in BANK5

    None.

Critical Paths under _main in BANK6

    None.

Critical Paths under _teclado in BANK6

    None.

Critical Paths under _pulsador in BANK6

    None.

Critical Paths under _main in BANK7

    None.

Critical Paths under _teclado in BANK7

    None.

Critical Paths under _pulsador in BANK7

    None.

Call Graph Tables:

 ---------------------------------------------------------------------------------
 (Depth) Function   	        Calls       Base Space   Used Autos Params    Refs
 ---------------------------------------------------------------------------------
 (0) _main                                                 0     0      0       0
 ---------------------------------------------------------------------------------
 Estimated maximum stack depth 0
 ---------------------------------------------------------------------------------
 (Depth) Function   	        Calls       Base Space   Used Autos Params    Refs
 ---------------------------------------------------------------------------------
 (1) _teclado                                             18    18      0      90
                                              8 COMRAM    17    17      0
 ---------------------------------------------------------------------------------
 Estimated maximum stack depth 1
 ---------------------------------------------------------------------------------
 (Depth) Function   	        Calls       Base Space   Used Autos Params    Refs
 ---------------------------------------------------------------------------------
 (2) _pulsador                                             8     8      0      45
                                              0 COMRAM     8     8      0
 ---------------------------------------------------------------------------------
 Estimated maximum stack depth 2
 ---------------------------------------------------------------------------------

 Call Graph Graphs:

 _main (ROOT)

 _teclado (ROOT)

 _pulsador (ROOT)

 Address spaces:
Name               Size   Autos  Total    Cost      Usage
BITCOMRAM           5E      0       0       0        0.0%
EEDATA             100      0       0       0        0.0%
NULL                 0      0       0       0        0.0%
CODE                 0      0       0       0        0.0%
COMRAM              5E     19      19       1       26.6%
STACK                0      0       0       2        0.0%
DATA                 0      0       0       3        0.0%
BITBANK0            A0      0       0       4        0.0%
BANK0               A0      0       0       5        0.0%
BITBANK1           100      0       0       6        0.0%
BANK1              100      0       0       7        0.0%
BITBANK2           100      0       0       8        0.0%
BANK2              100      0       0       9        0.0%
BITBANK3           100      0       0      10        0.0%
BANK3              100      0       0      11        0.0%
BITBANK4           100      0       0      12        0.0%
BANK4              100      0       0      13        0.0%
BITBANK5           100      0       0      14        0.0%
BANK5              100      0       0      15        0.0%
BITBANK6           100      0       0      16        0.0%
BANK6              100      0       0      17        0.0%
BITBANK7           100      0       0      18        0.0%
BANK7              100      0       0      19        0.0%
ABS                  0      0       0      20        0.0%
BIGRAM             7FF      0       0      21        0.0%
BITSFR               0      0       0     200        0.0%
SFR                  0      0       0     200        0.0%


Microchip Technology PIC18 Macro Assembler V2.20 build 20200408173844 
Symbol Table                                                                                   Mon Sep 21 19:40:59 2020

                     l41 08E6                       bsr 000FE0                      l761 08E0  
                    l763 08E2                      l755 08B8                      l765 08E4  
                    l757 08BC                      l759 08DE                      wreg 000FE8  
                   i1l70 0232                     i1l71 0236                     i1l49 00DC  
                   i1l68 01EC                     i2l79 08A4                     _main 08B8  
                   btemp 001A                     start 0256             ___param_bank 000000  
                  ?_main 0001                    i1l801 00C8                    i1l811 010A  
                  i1l803 00CE                    i1l813 010E                    i1l805 00EA  
                  i1l821 0132                    i1l831 0164                    i1l823 0140  
                  i1l815 011C                    i1l807 00F8                    i1l833 0172  
                  i1l825 014E                    i1l817 0120                    i1l809 00FC  
                  i1l851 01CA                    i1l843 018C                    i1l827 0152  
                  i1l835 0176                    i1l819 012E                    i1l771 003C  
                  i1l861 0216                    i1l853 01CC                    i1l845 01A4  
                  i1l837 0184                    i1l829 0160                    i1l781 006E  
                  i1l773 004A                    i1l863 0224                    i1l855 01D0  
                  i1l847 01B2                    i1l783 007C                    i1l775 0058  
                  i1l767 0036                    i1l857 01FA                    i1l849 01B4  
                  i1l785 0080                    i1l777 005C                    i1l769 003A  
                  i1l859 0208                    i1l795 0098                    i1l787 008E  
                  i1l779 006A                    i1l797 00B0                    i1l789 0090  
                  i1l799 00C6                    i2l881 086C                    i2l865 0828  
                  i2l883 0882                    i2l875 0844                    i2l867 083A  
                  i2l885 0884                    i2l877 085C                    i2l869 083C  
                  i2l887 0888                    i2l879 086A                    _PORTA 000F80  
                  _PORTB 000F81                    _PORTD 000F83                    _PORTE 000F84  
                  _TRISA 000F92                    _TRISB 000F93                    _TRISD 000F95  
                  _TRISE 000F96          __end_of_display 0815          __end_of_teclado 0256  
                  tablat 000FF5                    ttemp5 001B                    ttemp6 001E  
                  ttemp7 0022                    status 000FD8                    wtemp8 001B  
        __initialization 08FA             __end_of_main 08FA                   ??_main 001A  
          __activetblptr 000001                   _ADCON1 000FC1                   i1u1_20 004A  
                 i1u1_21 0046                   i1u2_20 0058                   i1u2_21 0054  
                 i1u3_20 006A                   i1u3_21 0066                   i1u4_20 007C  
                 i1u4_21 0078                   i1u5_20 008E                   i1u5_21 008A  
                 i1u6_20 00DC                   i1u6_21 00D8                   i1u7_20 00EA  
                 i1u7_21 00E6                   i1u8_20 00F8                   i1u8_21 00F4  
                 i1u9_20 010A                   i1u9_21 0106                ??_teclado 0009  
           __mediumconst 0000                   tblptrh 000FF7                   tblptrl 000FF6  
                 tblptru 000FF8         __end_of_pulsador 08B8               __accesstop 0060  
__end_of__initialization 08FA            ___rparam_used 000001           __pcstackCOMRAM 0001  
                i1u10_20 011C                  i1u10_21 0118                  i1u11_20 012E  
                i1u11_21 012A                  i1u20_20 0216                  i1u12_20 0140  
                i1u20_21 0212                  i1u12_21 013C                  i1u21_20 0224  
                i1u13_20 014E                  i1u21_21 0220                  i1u13_21 014A  
                i1u22_20 0232                  i1u14_20 0160                  i1u22_21 022E  
                i1u14_21 015C                  i1u15_20 0172                  i1u15_21 016E  
                i1u16_20 0184                  i1u16_21 0180                  i1u17_20 01EC  
                i1u17_21 01E8                  i1u25_27 00BA                  i1u18_20 01FA  
                i1u18_21 01F6                  i1u26_27 01AA                  i1u19_20 0208  
                i1u19_21 0204                  i1u27_27 01BE                  i2u23_40 083A  
                i2u23_41 0836                  i2u24_40 08A4                  i2u24_41 08A0  
                i2u28_47 0862                  i2u29_47 0876                  __Hparam 0000  
                __Lparam 0000                ?_pulsador 0001             __psmallconst 0800  
                __pcinit 08FA                  __ramtop 0800                  __ptext0 08B8  
                _display 0801                  _teclado 0018           __pintcode_body 0816  
   end_of_initialization 08FA                  int_func 0816               ??_pulsador 0001  
              _PORTAbits 000F80                _PORTBbits 000F81                _PORTEbits 000F84  
              _TRISAbits 000F92      start_initialization 08FA                __pintcode 0008  
            __pintcodelo 0018             teclado@i_471 0018        __size_of_pulsador 08B0  
            __smallconst 0800                 ?_teclado 0001                 _RCONbits 000FD0  
            _INTCON2bits 000FF1                 __Hrparam 0000                 __Lrparam 0000  
           __Lsmallconst 0800         __size_of_teclado 023E            __size_of_main 0042  
               int$flags 001A                 _pulsador 0008               _INTCONbits 000FF2  
              pulsador@i 0007                 intlevel1 0000                 intlevel2 0000  
               teclado@i 0016  
