

Microchip MPLAB XC8 Assembler V2.20 build 20200408173844 
                                                                                               Tue Aug 18 23:05:52 2020

Microchip MPLAB XC8 C Compiler v2.20 (Free license) build 20200408173844 Og1 
     1                           	processor	18F4550
     2                           	fnconf	rparam,??,?,0
     3                           	pagewidth 120
     4                           	opt	flic
     5                           	psect	cinit,global,reloc=2,class=CODE,delta=1
     6                           	psect	cstackCOMRAM,global,class=COMRAM,space=1,delta=1,lowdata,noexec
     7                           	psect	text0,global,reloc=2,class=CODE,delta=1
     8                           	psect	intsave_regs,global,class=BIGRAM,space=1,delta=1,noexec
     9                           	psect	rparam,global,class=COMRAM,space=1,delta=1,noexec
    10                           	psect	idloc,global,abs,ovrld,class=IDLOC,space=5,delta=1,noexec
    11                           	psect	config,global,abs,ovrld,class=CONFIG,space=4,delta=1,noexec
    12  0000                     
    13                           ; Version 2.20
    14                           ; Generated 12/02/2020 GMT
    15                           ; 
    16                           ; Copyright © 2020, Microchip Technology Inc. and its subsidiaries ("Microchip")
    17                           ; All rights reserved.
    18                           ; 
    19                           ; This software is developed by Microchip Technology Inc. and its subsidiaries ("Microch
      +                          ip").
    20                           ; 
    21                           ; Redistribution and use in source and binary forms, with or without modification, are
    22                           ; permitted provided that the following conditions are met:
    23                           ; 
    24                           ;     1. Redistributions of source code must retain the above copyright notice, this lis
      +                          t of
    25                           ;        conditions and the following disclaimer.
    26                           ; 
    27                           ;     2. Redistributions in binary form must reproduce the above copyright notice, this 
      +                          list
    28                           ;        of conditions and the following disclaimer in the documentation and/or other
    29                           ;        materials provided with the distribution.
    30                           ; 
    31                           ;     3. Microchip's name may not be used to endorse or promote products derived from th
      +                          is
    32                           ;        software without specific prior written permission.
    33                           ; 
    34                           ; THIS SOFTWARE IS PROVIDED BY MICROCHIP "AS IS" AND ANY EXPRESS OR IMPLIED WARRANTIES,
    35                           ; INCLUDING, BUT NOT LIMITED TO, THE IMPLIED WARRANTIES OF MERCHANTABILITY AND FITNESS F
      +                          OR
    36                           ; PURPOSE ARE DISCLAIMED.  IN NO EVENT SHALL MICROCHIP BE LIABLE FOR ANY DIRECT, INDIREC
      +                          T,
    37                           ; INCIDENTAL, SPECIAL, EXEMPLARY, OR CONSEQUENTIAL DAMAGES (INCLUDING BUT NOT LIMITED TO
    38                           ; PROCUREMENT OF SUBSTITUTE GOODS OR SERVICES; LOSS OF USE, DATA OR PROFITS; OR BUSINESS
    39                           ; INTERRUPTION) HOWSOEVER CAUSED AND ON ANY THEORY OF LIABILITY, WHETHER IN CONTRACT, ST
      +                          RICT
    40                           ; LIABILITY, OR TORT (INCLUDING NEGLIGENCE OR OTHERWISE) ARISING IN ANY WAY OUT OF THE U
      +                          SE OF
    41                           ; THIS SOFTWARE, EVEN IF ADVISED OF THE POSSIBILITY OF SUCH DAMAGE.
    42                           ; 
    43                           ; 
    44                           ; Code-generator required, PIC18F4550 Definitions
    45                           ; 
    46                           ; SFR Addresses
    47  0000                     _PORTAbits	set	3968
    48  0000                     _ADCON1	set	4033
    49  0000                     _PORTB	set	3969
    50  0000                     _TRISB	set	3987
    51                           
    52                           ; #config settings
    53                           
    54                           	psect	cinit
    55  007E1A                     __pcinit:
    56                           	callstack 0
    57  007E1A                     start_initialization:
    58                           	callstack 0
    59  007E1A                     __initialization:
    60                           	callstack 0
    61  007E1A                     end_of_initialization:
    62                           	callstack 0
    63  007E1A                     __end_of__initialization:
    64                           	callstack 0
    65  007E1A  0100               	movlb	0
    66  007E1C  EF10  F03F         	goto	_main	;jump to C main() function
    67                           
    68                           	psect	cstackCOMRAM
    69  000001                     __pcstackCOMRAM:
    70                           	callstack 0
    71  000001                     ??_main:
    72                           
    73                           ; 1 bytes @ 0x0
    74  000001                     	ds	2
    75                           
    76 ;;
    77 ;;Main: autosize = 0, tempsize = 2, incstack = 0, save=0
    78 ;;
    79 ;; *************** function _main *****************
    80 ;; Defined at:
    81 ;;		line 11 in file "punto 2.c"
    82 ;; Parameters:    Size  Location     Type
    83 ;;		None
    84 ;; Auto vars:     Size  Location     Type
    85 ;;		None
    86 ;; Return value:  Size  Location     Type
    87 ;;                  1    wreg      void 
    88 ;; Registers used:
    89 ;;		wreg, status,2
    90 ;; Tracked objects:
    91 ;;		On entry : 0/0
    92 ;;		On exit  : 0/0
    93 ;;		Unchanged: 0/0
    94 ;; Data sizes:     COMRAM   BANK0   BANK1   BANK2   BANK3   BANK4   BANK5   BANK6   BANK7
    95 ;;      Params:         0       0       0       0       0       0       0       0       0
    96 ;;      Locals:         0       0       0       0       0       0       0       0       0
    97 ;;      Temps:          2       0       0       0       0       0       0       0       0
    98 ;;      Totals:         2       0       0       0       0       0       0       0       0
    99 ;;Total ram usage:        2 bytes
   100 ;; This function calls:
   101 ;;		Nothing
   102 ;; This function is called by:
   103 ;;		Startup code after reset
   104 ;; This function uses a non-reentrant model
   105 ;;
   106                           
   107                           	psect	text0
   108  007E20                     __ptext0:
   109                           	callstack 0
   110  007E20                     _main:
   111                           	callstack 31
   112  007E20                     
   113                           ;punto 2.c: 12:     TRISB=0b00000000;
   114  007E20  0E00               	movlw	0
   115  007E22  6E93               	movwf	147,c	;volatile
   116                           
   117                           ;punto 2.c: 13:     PORTB=0X00;
   118  007E24  0E00               	movlw	0
   119  007E26  6E81               	movwf	129,c	;volatile
   120                           
   121                           ;punto 2.c: 14:     ADCON1=0B00001111;
   122  007E28  0E0F               	movlw	15
   123  007E2A  6EC1               	movwf	193,c	;volatile
   124  007E2C                     l697:
   125                           
   126                           ;punto 2.c: 19:         {;punto 2.c: 21:         if(PORTAbits.RA2==1)
   127  007E2C  A480               	btfss	128,2,c	;volatile
   128  007E2E  EF1B  F03F         	goto	u11
   129  007E32  EF1D  F03F         	goto	u10
   130  007E36                     u11:
   131  007E36  EF16  F03F         	goto	l697
   132  007E3A                     u10:
   133  007E3A                     
   134                           ;punto 2.c: 22:             {;punto 2.c: 25:              PORTB=0b10000000;
   135  007E3A  0E80               	movlw	128
   136  007E3C  6E81               	movwf	129,c	;volatile
   137  007E3E                     
   138                           ;punto 2.c: 26:              _delay((unsigned long)((400)*(16000000/4000.0)));
   139  007E3E  0E09               	movlw	9
   140  007E40  6E02               	movwf	(??_main+1)^0,c
   141  007E42  0E1E               	movlw	30
   142  007E44  6E01               	movwf	??_main^0,c
   143  007E46  0EE4               	movlw	228
   144  007E48                     u27:
   145  007E48  2EE8               	decfsz	wreg,f,c
   146  007E4A  D7FE               	bra	u27
   147  007E4C  2E01               	decfsz	??_main^0,f,c
   148  007E4E  D7FC               	bra	u27
   149  007E50  2E02               	decfsz	(??_main+1)^0,f,c
   150  007E52  D7FA               	bra	u27
   151  007E54  D000               	nop2	
   152  007E56                     
   153                           ;punto 2.c: 27:              PORTB=0b11000000;
   154  007E56  0EC0               	movlw	192
   155  007E58  6E81               	movwf	129,c	;volatile
   156                           
   157                           ;punto 2.c: 28:                _delay((unsigned long)((400)*(16000000/4000.0)));
   158  007E5A  0E09               	movlw	9
   159  007E5C  6E02               	movwf	(??_main+1)^0,c
   160  007E5E  0E1E               	movlw	30
   161  007E60  6E01               	movwf	??_main^0,c
   162  007E62  0EE4               	movlw	228
   163  007E64                     u37:
   164  007E64  2EE8               	decfsz	wreg,f,c
   165  007E66  D7FE               	bra	u37
   166  007E68  2E01               	decfsz	??_main^0,f,c
   167  007E6A  D7FC               	bra	u37
   168  007E6C  2E02               	decfsz	(??_main+1)^0,f,c
   169  007E6E  D7FA               	bra	u37
   170  007E70  D000               	nop2	
   171  007E72                     
   172                           ;punto 2.c: 29:              PORTB=0b11100000;
   173  007E72  0EE0               	movlw	224
   174  007E74  6E81               	movwf	129,c	;volatile
   175  007E76                     
   176                           ;punto 2.c: 30:                _delay((unsigned long)((400)*(16000000/4000.0)));
   177  007E76  0E09               	movlw	9
   178  007E78  6E02               	movwf	(??_main+1)^0,c
   179  007E7A  0E1E               	movlw	30
   180  007E7C  6E01               	movwf	??_main^0,c
   181  007E7E  0EE4               	movlw	228
   182  007E80                     u47:
   183  007E80  2EE8               	decfsz	wreg,f,c
   184  007E82  D7FE               	bra	u47
   185  007E84  2E01               	decfsz	??_main^0,f,c
   186  007E86  D7FC               	bra	u47
   187  007E88  2E02               	decfsz	(??_main+1)^0,f,c
   188  007E8A  D7FA               	bra	u47
   189  007E8C  D000               	nop2	
   190                           
   191                           ;punto 2.c: 31:              PORTB=0b11110000;
   192  007E8E  0EF0               	movlw	240
   193  007E90  6E81               	movwf	129,c	;volatile
   194  007E92                     
   195                           ;punto 2.c: 32:                _delay((unsigned long)((400)*(16000000/4000.0)));
   196  007E92  0E09               	movlw	9
   197  007E94  6E02               	movwf	(??_main+1)^0,c
   198  007E96  0E1E               	movlw	30
   199  007E98  6E01               	movwf	??_main^0,c
   200  007E9A  0EE4               	movlw	228
   201  007E9C                     u57:
   202  007E9C  2EE8               	decfsz	wreg,f,c
   203  007E9E  D7FE               	bra	u57
   204  007EA0  2E01               	decfsz	??_main^0,f,c
   205  007EA2  D7FC               	bra	u57
   206  007EA4  2E02               	decfsz	(??_main+1)^0,f,c
   207  007EA6  D7FA               	bra	u57
   208  007EA8  D000               	nop2	
   209  007EAA                     
   210                           ;punto 2.c: 33:              PORTB=0b11111000;
   211  007EAA  0EF8               	movlw	248
   212  007EAC  6E81               	movwf	129,c	;volatile
   213                           
   214                           ;punto 2.c: 34:                _delay((unsigned long)((400)*(16000000/4000.0)));
   215  007EAE  0E09               	movlw	9
   216  007EB0  6E02               	movwf	(??_main+1)^0,c
   217  007EB2  0E1E               	movlw	30
   218  007EB4  6E01               	movwf	??_main^0,c
   219  007EB6  0EE4               	movlw	228
   220  007EB8                     u67:
   221  007EB8  2EE8               	decfsz	wreg,f,c
   222  007EBA  D7FE               	bra	u67
   223  007EBC  2E01               	decfsz	??_main^0,f,c
   224  007EBE  D7FC               	bra	u67
   225  007EC0  2E02               	decfsz	(??_main+1)^0,f,c
   226  007EC2  D7FA               	bra	u67
   227  007EC4  D000               	nop2	
   228  007EC6                     
   229                           ;punto 2.c: 35:              PORTB=0b11111100;
   230  007EC6  0EFC               	movlw	252
   231  007EC8  6E81               	movwf	129,c	;volatile
   232  007ECA                     
   233                           ;punto 2.c: 36:                _delay((unsigned long)((400)*(16000000/4000.0)));
   234  007ECA  0E09               	movlw	9
   235  007ECC  6E02               	movwf	(??_main+1)^0,c
   236  007ECE  0E1E               	movlw	30
   237  007ED0  6E01               	movwf	??_main^0,c
   238  007ED2  0EE4               	movlw	228
   239  007ED4                     u77:
   240  007ED4  2EE8               	decfsz	wreg,f,c
   241  007ED6  D7FE               	bra	u77
   242  007ED8  2E01               	decfsz	??_main^0,f,c
   243  007EDA  D7FC               	bra	u77
   244  007EDC  2E02               	decfsz	(??_main+1)^0,f,c
   245  007EDE  D7FA               	bra	u77
   246  007EE0  D000               	nop2	
   247                           
   248                           ;punto 2.c: 37:              PORTB=0b11111110;
   249  007EE2  0EFE               	movlw	254
   250  007EE4  6E81               	movwf	129,c	;volatile
   251  007EE6                     
   252                           ;punto 2.c: 38:                _delay((unsigned long)((400)*(16000000/4000.0)));
   253  007EE6  0E09               	movlw	9
   254  007EE8  6E02               	movwf	(??_main+1)^0,c
   255  007EEA  0E1E               	movlw	30
   256  007EEC  6E01               	movwf	??_main^0,c
   257  007EEE  0EE4               	movlw	228
   258  007EF0                     u87:
   259  007EF0  2EE8               	decfsz	wreg,f,c
   260  007EF2  D7FE               	bra	u87
   261  007EF4  2E01               	decfsz	??_main^0,f,c
   262  007EF6  D7FC               	bra	u87
   263  007EF8  2E02               	decfsz	(??_main+1)^0,f,c
   264  007EFA  D7FA               	bra	u87
   265  007EFC  D000               	nop2	
   266  007EFE                     
   267                           ;punto 2.c: 39:              PORTB=0b11111111;
   268  007EFE  6881               	setf	129,c	;volatile
   269  007F00                     
   270                           ;punto 2.c: 40:                _delay((unsigned long)((400)*(16000000/4000.0)));
   271  007F00  0E09               	movlw	9
   272  007F02  6E02               	movwf	(??_main+1)^0,c
   273  007F04  0E1E               	movlw	30
   274  007F06  6E01               	movwf	??_main^0,c
   275  007F08  0EE4               	movlw	228
   276  007F0A                     u97:
   277  007F0A  2EE8               	decfsz	wreg,f,c
   278  007F0C  D7FE               	bra	u97
   279  007F0E  2E01               	decfsz	??_main^0,f,c
   280  007F10  D7FC               	bra	u97
   281  007F12  2E02               	decfsz	(??_main+1)^0,f,c
   282  007F14  D7FA               	bra	u97
   283  007F16  D000               	nop2	
   284                           
   285                           ;punto 2.c: 42:                PORTB=0b11111110;
   286  007F18  0EFE               	movlw	254
   287  007F1A  6E81               	movwf	129,c	;volatile
   288  007F1C                     
   289                           ;punto 2.c: 43:                _delay((unsigned long)((400)*(16000000/4000.0)));
   290  007F1C  0E09               	movlw	9
   291  007F1E  6E02               	movwf	(??_main+1)^0,c
   292  007F20  0E1E               	movlw	30
   293  007F22  6E01               	movwf	??_main^0,c
   294  007F24  0EE4               	movlw	228
   295  007F26                     u107:
   296  007F26  2EE8               	decfsz	wreg,f,c
   297  007F28  D7FE               	bra	u107
   298  007F2A  2E01               	decfsz	??_main^0,f,c
   299  007F2C  D7FC               	bra	u107
   300  007F2E  2E02               	decfsz	(??_main+1)^0,f,c
   301  007F30  D7FA               	bra	u107
   302  007F32  D000               	nop2	
   303  007F34                     
   304                           ;punto 2.c: 44:                 PORTB=0b11111100;
   305  007F34  0EFC               	movlw	252
   306  007F36  6E81               	movwf	129,c	;volatile
   307                           
   308                           ;punto 2.c: 45:                _delay((unsigned long)((400)*(16000000/4000.0)));
   309  007F38  0E09               	movlw	9
   310  007F3A  6E02               	movwf	(??_main+1)^0,c
   311  007F3C  0E1E               	movlw	30
   312  007F3E  6E01               	movwf	??_main^0,c
   313  007F40  0EE4               	movlw	228
   314  007F42                     u117:
   315  007F42  2EE8               	decfsz	wreg,f,c
   316  007F44  D7FE               	bra	u117
   317  007F46  2E01               	decfsz	??_main^0,f,c
   318  007F48  D7FC               	bra	u117
   319  007F4A  2E02               	decfsz	(??_main+1)^0,f,c
   320  007F4C  D7FA               	bra	u117
   321  007F4E  D000               	nop2	
   322  007F50                     
   323                           ;punto 2.c: 46:                PORTB=0b11111000;
   324  007F50  0EF8               	movlw	248
   325  007F52  6E81               	movwf	129,c	;volatile
   326  007F54                     
   327                           ;punto 2.c: 47:                _delay((unsigned long)((400)*(16000000/4000.0)));
   328  007F54  0E09               	movlw	9
   329  007F56  6E02               	movwf	(??_main+1)^0,c
   330  007F58  0E1E               	movlw	30
   331  007F5A  6E01               	movwf	??_main^0,c
   332  007F5C  0EE4               	movlw	228
   333  007F5E                     u127:
   334  007F5E  2EE8               	decfsz	wreg,f,c
   335  007F60  D7FE               	bra	u127
   336  007F62  2E01               	decfsz	??_main^0,f,c
   337  007F64  D7FC               	bra	u127
   338  007F66  2E02               	decfsz	(??_main+1)^0,f,c
   339  007F68  D7FA               	bra	u127
   340  007F6A  D000               	nop2	
   341                           
   342                           ;punto 2.c: 48:                 PORTB=0b11110000;
   343  007F6C  0EF0               	movlw	240
   344  007F6E  6E81               	movwf	129,c	;volatile
   345  007F70                     
   346                           ;punto 2.c: 49:                _delay((unsigned long)((400)*(16000000/4000.0)));
   347  007F70  0E09               	movlw	9
   348  007F72  6E02               	movwf	(??_main+1)^0,c
   349  007F74  0E1E               	movlw	30
   350  007F76  6E01               	movwf	??_main^0,c
   351  007F78  0EE4               	movlw	228
   352  007F7A                     u137:
   353  007F7A  2EE8               	decfsz	wreg,f,c
   354  007F7C  D7FE               	bra	u137
   355  007F7E  2E01               	decfsz	??_main^0,f,c
   356  007F80  D7FC               	bra	u137
   357  007F82  2E02               	decfsz	(??_main+1)^0,f,c
   358  007F84  D7FA               	bra	u137
   359  007F86  D000               	nop2	
   360  007F88                     
   361                           ;punto 2.c: 50:                PORTB=0b11100000;
   362  007F88  0EE0               	movlw	224
   363  007F8A  6E81               	movwf	129,c	;volatile
   364                           
   365                           ;punto 2.c: 51:                _delay((unsigned long)((400)*(16000000/4000.0)));
   366  007F8C  0E09               	movlw	9
   367  007F8E  6E02               	movwf	(??_main+1)^0,c
   368  007F90  0E1E               	movlw	30
   369  007F92  6E01               	movwf	??_main^0,c
   370  007F94  0EE4               	movlw	228
   371  007F96                     u147:
   372  007F96  2EE8               	decfsz	wreg,f,c
   373  007F98  D7FE               	bra	u147
   374  007F9A  2E01               	decfsz	??_main^0,f,c
   375  007F9C  D7FC               	bra	u147
   376  007F9E  2E02               	decfsz	(??_main+1)^0,f,c
   377  007FA0  D7FA               	bra	u147
   378  007FA2  D000               	nop2	
   379  007FA4                     
   380                           ;punto 2.c: 52:               PORTB=0b11000000;
   381  007FA4  0EC0               	movlw	192
   382  007FA6  6E81               	movwf	129,c	;volatile
   383  007FA8                     
   384                           ;punto 2.c: 53:                _delay((unsigned long)((400)*(16000000/4000.0)));
   385  007FA8  0E09               	movlw	9
   386  007FAA  6E02               	movwf	(??_main+1)^0,c
   387  007FAC  0E1E               	movlw	30
   388  007FAE  6E01               	movwf	??_main^0,c
   389  007FB0  0EE4               	movlw	228
   390  007FB2                     u157:
   391  007FB2  2EE8               	decfsz	wreg,f,c
   392  007FB4  D7FE               	bra	u157
   393  007FB6  2E01               	decfsz	??_main^0,f,c
   394  007FB8  D7FC               	bra	u157
   395  007FBA  2E02               	decfsz	(??_main+1)^0,f,c
   396  007FBC  D7FA               	bra	u157
   397  007FBE  D000               	nop2	
   398                           
   399                           ;punto 2.c: 54:                   PORTB=0b10000000;
   400  007FC0  0E80               	movlw	128
   401  007FC2  6E81               	movwf	129,c	;volatile
   402  007FC4                     
   403                           ;punto 2.c: 55:              _delay((unsigned long)((400)*(16000000/4000.0)));
   404  007FC4  0E09               	movlw	9
   405  007FC6  6E02               	movwf	(??_main+1)^0,c
   406  007FC8  0E1E               	movlw	30
   407  007FCA  6E01               	movwf	??_main^0,c
   408  007FCC  0EE4               	movlw	228
   409  007FCE                     u167:
   410  007FCE  2EE8               	decfsz	wreg,f,c
   411  007FD0  D7FE               	bra	u167
   412  007FD2  2E01               	decfsz	??_main^0,f,c
   413  007FD4  D7FC               	bra	u167
   414  007FD6  2E02               	decfsz	(??_main+1)^0,f,c
   415  007FD8  D7FA               	bra	u167
   416  007FDA  D000               	nop2	
   417  007FDC                     
   418                           ;punto 2.c: 56:                 PORTB=0b00000000;
   419  007FDC  0E00               	movlw	0
   420  007FDE  6E81               	movwf	129,c	;volatile
   421                           
   422                           ;punto 2.c: 57:              _delay((unsigned long)((400)*(16000000/4000.0)));
   423  007FE0  0E09               	movlw	9
   424  007FE2  6E02               	movwf	(??_main+1)^0,c
   425  007FE4  0E1E               	movlw	30
   426  007FE6  6E01               	movwf	??_main^0,c
   427  007FE8  0EE4               	movlw	228
   428  007FEA                     u177:
   429  007FEA  2EE8               	decfsz	wreg,f,c
   430  007FEC  D7FE               	bra	u177
   431  007FEE  2E01               	decfsz	??_main^0,f,c
   432  007FF0  D7FC               	bra	u177
   433  007FF2  2E02               	decfsz	(??_main+1)^0,f,c
   434  007FF4  D7FA               	bra	u177
   435  007FF6  D000               	nop2	
   436  007FF8  EF16  F03F         	goto	l697
   437  007FFC  EF00  F000         	goto	start
   438  008000                     __end_of_main:
   439                           	callstack 0
   440  0000                     
   441                           	psect	rparam
   442  0000                     
   443                           	psect	idloc
   444                           
   445                           ;Config register IDLOC0 @ 0x200000
   446                           ;	unspecified, using default values
   447  200000                     	org	2097152
   448  200000  FF                 	db	255
   449                           
   450                           ;Config register IDLOC1 @ 0x200001
   451                           ;	unspecified, using default values
   452  200001                     	org	2097153
   453  200001  FF                 	db	255
   454                           
   455                           ;Config register IDLOC2 @ 0x200002
   456                           ;	unspecified, using default values
   457  200002                     	org	2097154
   458  200002  FF                 	db	255
   459                           
   460                           ;Config register IDLOC3 @ 0x200003
   461                           ;	unspecified, using default values
   462  200003                     	org	2097155
   463  200003  FF                 	db	255
   464                           
   465                           ;Config register IDLOC4 @ 0x200004
   466                           ;	unspecified, using default values
   467  200004                     	org	2097156
   468  200004  FF                 	db	255
   469                           
   470                           ;Config register IDLOC5 @ 0x200005
   471                           ;	unspecified, using default values
   472  200005                     	org	2097157
   473  200005  FF                 	db	255
   474                           
   475                           ;Config register IDLOC6 @ 0x200006
   476                           ;	unspecified, using default values
   477  200006                     	org	2097158
   478  200006  FF                 	db	255
   479                           
   480                           ;Config register IDLOC7 @ 0x200007
   481                           ;	unspecified, using default values
   482  200007                     	org	2097159
   483  200007  FF                 	db	255
   484                           
   485                           	psect	config
   486                           
   487                           ;Config register CONFIG1L @ 0x300000
   488                           ;	unspecified, using default values
   489                           ;	PLL Prescaler Selection bits
   490                           ;	PLLDIV = 0x0, unprogrammed default
   491                           ;	System Clock Postscaler Selection bits
   492                           ;	CPUDIV = 0x0, unprogrammed default
   493                           ;	USB Clock Selection bit (used in Full-Speed USB mode only; UCFG:FSEN = 1)
   494                           ;	USBDIV = 0x0, unprogrammed default
   495  300000                     	org	3145728
   496  300000  00                 	db	0
   497                           
   498                           ;Config register CONFIG1H @ 0x300001
   499                           ;	unspecified, using default values
   500                           ;	Oscillator Selection bits
   501                           ;	FOSC = 0x5, unprogrammed default
   502                           ;	Fail-Safe Clock Monitor Enable bit
   503                           ;	FCMEN = 0x0, unprogrammed default
   504                           ;	Internal/External Oscillator Switchover bit
   505                           ;	IESO = 0x0, unprogrammed default
   506  300001                     	org	3145729
   507  300001  05                 	db	5
   508                           
   509                           ;Config register CONFIG2L @ 0x300002
   510                           ;	unspecified, using default values
   511                           ;	Power-up Timer Enable bit
   512                           ;	PWRT = 0x1, unprogrammed default
   513                           ;	Brown-out Reset Enable bits
   514                           ;	BOR = 0x3, unprogrammed default
   515                           ;	Brown-out Reset Voltage bits
   516                           ;	BORV = 0x3, unprogrammed default
   517                           ;	USB Voltage Regulator Enable bit
   518                           ;	VREGEN = 0x0, unprogrammed default
   519  300002                     	org	3145730
   520  300002  1F                 	db	31
   521                           
   522                           ;Config register CONFIG2H @ 0x300003
   523                           ;	unspecified, using default values
   524                           ;	Watchdog Timer Enable bit
   525                           ;	WDT = 0x1, unprogrammed default
   526                           ;	Watchdog Timer Postscale Select bits
   527                           ;	WDTPS = 0xF, unprogrammed default
   528  300003                     	org	3145731
   529  300003  1F                 	db	31
   530                           
   531                           ; Padding undefined space
   532  300004                     	org	3145732
   533  300004  FF                 	db	255
   534                           
   535                           ;Config register CONFIG3H @ 0x300005
   536                           ;	unspecified, using default values
   537                           ;	CCP2 MUX bit
   538                           ;	CCP2MX = 0x1, unprogrammed default
   539                           ;	PORTB A/D Enable bit
   540                           ;	PBADEN = 0x1, unprogrammed default
   541                           ;	Low-Power Timer 1 Oscillator Enable bit
   542                           ;	LPT1OSC = 0x0, unprogrammed default
   543                           ;	MCLR Pin Enable bit
   544                           ;	MCLRE = 0x1, unprogrammed default
   545  300005                     	org	3145733
   546  300005  83                 	db	131
   547                           
   548                           ;Config register CONFIG4L @ 0x300006
   549                           ;	unspecified, using default values
   550                           ;	Stack Full/Underflow Reset Enable bit
   551                           ;	STVREN = 0x1, unprogrammed default
   552                           ;	Single-Supply ICSP Enable bit
   553                           ;	LVP = 0x1, unprogrammed default
   554                           ;	Dedicated In-Circuit Debug/Programming Port (ICPORT) Enable bit
   555                           ;	ICPRT = 0x0, unprogrammed default
   556                           ;	Extended Instruction Set Enable bit
   557                           ;	XINST = 0x0, unprogrammed default
   558                           ;	Background Debugger Enable bit
   559                           ;	DEBUG = 0x1, unprogrammed default
   560  300006                     	org	3145734
   561  300006  85                 	db	133
   562                           
   563                           ; Padding undefined space
   564  300007                     	org	3145735
   565  300007  FF                 	db	255
   566                           
   567                           ;Config register CONFIG5L @ 0x300008
   568                           ;	unspecified, using default values
   569                           ;	Code Protection bit
   570                           ;	CP0 = 0x1, unprogrammed default
   571                           ;	Code Protection bit
   572                           ;	CP1 = 0x1, unprogrammed default
   573                           ;	Code Protection bit
   574                           ;	CP2 = 0x1, unprogrammed default
   575                           ;	Code Protection bit
   576                           ;	CP3 = 0x1, unprogrammed default
   577  300008                     	org	3145736
   578  300008  0F                 	db	15
   579                           
   580                           ;Config register CONFIG5H @ 0x300009
   581                           ;	unspecified, using default values
   582                           ;	Boot Block Code Protection bit
   583                           ;	CPB = 0x1, unprogrammed default
   584                           ;	Data EEPROM Code Protection bit
   585                           ;	CPD = 0x1, unprogrammed default
   586  300009                     	org	3145737
   587  300009  C0                 	db	192
   588                           
   589                           ;Config register CONFIG6L @ 0x30000A
   590                           ;	unspecified, using default values
   591                           ;	Write Protection bit
   592                           ;	WRT0 = 0x1, unprogrammed default
   593                           ;	Write Protection bit
   594                           ;	WRT1 = 0x1, unprogrammed default
   595                           ;	Write Protection bit
   596                           ;	WRT2 = 0x1, unprogrammed default
   597                           ;	Write Protection bit
   598                           ;	WRT3 = 0x1, unprogrammed default
   599  30000A                     	org	3145738
   600  30000A  0F                 	db	15
   601                           
   602                           ;Config register CONFIG6H @ 0x30000B
   603                           ;	unspecified, using default values
   604                           ;	Configuration Register Write Protection bit
   605                           ;	WRTC = 0x1, unprogrammed default
   606                           ;	Boot Block Write Protection bit
   607                           ;	WRTB = 0x1, unprogrammed default
   608                           ;	Data EEPROM Write Protection bit
   609                           ;	WRTD = 0x1, unprogrammed default
   610  30000B                     	org	3145739
   611  30000B  E0                 	db	224
   612                           
   613                           ;Config register CONFIG7L @ 0x30000C
   614                           ;	unspecified, using default values
   615                           ;	Table Read Protection bit
   616                           ;	EBTR0 = 0x1, unprogrammed default
   617                           ;	Table Read Protection bit
   618                           ;	EBTR1 = 0x1, unprogrammed default
   619                           ;	Table Read Protection bit
   620                           ;	EBTR2 = 0x1, unprogrammed default
   621                           ;	Table Read Protection bit
   622                           ;	EBTR3 = 0x1, unprogrammed default
   623  30000C                     	org	3145740
   624  30000C  0F                 	db	15
   625                           
   626                           ;Config register CONFIG7H @ 0x30000D
   627                           ;	unspecified, using default values
   628                           ;	Boot Block Table Read Protection bit
   629                           ;	EBTRB = 0x1, unprogrammed default
   630  30000D                     	org	3145741
   631  30000D  40                 	db	64
   632                           tosu	equ	0xFFF
   633                           tosh	equ	0xFFE
   634                           tosl	equ	0xFFD
   635                           stkptr	equ	0xFFC
   636                           pclatu	equ	0xFFB
   637                           pclath	equ	0xFFA
   638                           pcl	equ	0xFF9
   639                           tblptru	equ	0xFF8
   640                           tblptrh	equ	0xFF7
   641                           tblptrl	equ	0xFF6
   642                           tablat	equ	0xFF5
   643                           prodh	equ	0xFF4
   644                           prodl	equ	0xFF3
   645                           indf0	equ	0xFEF
   646                           postinc0	equ	0xFEE
   647                           postdec0	equ	0xFED
   648                           preinc0	equ	0xFEC
   649                           plusw0	equ	0xFEB
   650                           fsr0h	equ	0xFEA
   651                           fsr0l	equ	0xFE9
   652                           wreg	equ	0xFE8
   653                           indf1	equ	0xFE7
   654                           postinc1	equ	0xFE6
   655                           postdec1	equ	0xFE5
   656                           preinc1	equ	0xFE4
   657                           plusw1	equ	0xFE3
   658                           fsr1h	equ	0xFE2
   659                           fsr1l	equ	0xFE1
   660                           bsr	equ	0xFE0
   661                           indf2	equ	0xFDF
   662                           postinc2	equ	0xFDE
   663                           postdec2	equ	0xFDD
   664                           preinc2	equ	0xFDC
   665                           plusw2	equ	0xFDB
   666                           fsr2h	equ	0xFDA
   667                           fsr2l	equ	0xFD9
   668                           status	equ	0xFD8

Data Sizes:
    Strings     0
    Constant    0
    Data        0
    BSS         0
    Persistent  0
    Stack       0

Auto Spaces:
    Space          Size  Autos    Used
    COMRAM           95      2       2
    BANK0           160      0       0
    BANK1           256      0       0
    BANK2           256      0       0
    BANK3           256      0       0
    BANK4           256      0       0
    BANK5           256      0       0
    BANK6           256      0       0
    BANK7           256      0       0

Pointer List with Targets:

    None.

Critical Paths under _main in COMRAM

    None.

Critical Paths under _main in BANK0

    None.

Critical Paths under _main in BANK1

    None.

Critical Paths under _main in BANK2

    None.

Critical Paths under _main in BANK3

    None.

Critical Paths under _main in BANK4

    None.

Critical Paths under _main in BANK5

    None.

Critical Paths under _main in BANK6

    None.

Critical Paths under _main in BANK7

    None.

Call Graph Tables:

 ---------------------------------------------------------------------------------
 (Depth) Function   	        Calls       Base Space   Used Autos Params    Refs
 ---------------------------------------------------------------------------------
 (0) _main                                                 2     2      0       0
                                              0 COMRAM     2     2      0
 ---------------------------------------------------------------------------------
 Estimated maximum stack depth 0
 ---------------------------------------------------------------------------------

 Call Graph Graphs:

 _main (ROOT)

 Address spaces:
Name               Size   Autos  Total    Cost      Usage
BITCOMRAM           5F      0       0       0        0.0%
EEDATA             100      0       0       0        0.0%
NULL                 0      0       0       0        0.0%
CODE                 0      0       0       0        0.0%
COMRAM              5F      2       2       1        2.1%
STACK                0      0       0       2        0.0%
DATA                 0      0       0       3        0.0%
BITBANK0            A0      0       0       4        0.0%
BANK0               A0      0       0       5        0.0%
BITBANK1           100      0       0       6        0.0%
BANK1              100      0       0       7        0.0%
BITBANK2           100      0       0       8        0.0%
BANK2              100      0       0       9        0.0%
BITBANK3           100      0       0      10        0.0%
BANK3              100      0       0      11        0.0%
BITBANK4           100      0       0      12        0.0%
BANK4              100      0       0      13        0.0%
BITBANK5           100      0       0      14        0.0%
BANK5              100      0       0      15        0.0%
BITBANK6           100      0       0      16        0.0%
BANK6              100      0       0      17        0.0%
BITBANK7           100      0       0      18        0.0%
BANK7              100      0       0      19        0.0%
ABS                  0      0       0      20        0.0%
BIGRAM             7FF      0       0      21        0.0%
BITSFR               0      0       0     200        0.0%
SFR                  0      0       0     200        0.0%


Microchip Technology PIC18 Macro Assembler V2.20 build 20200408173844 
Symbol Table                                                                                   Tue Aug 18 23:05:52 2020

                     u10 7E3A                       u11 7E36                       u27 7E48  
                     u37 7E64                       u47 7E80                       u57 7E9C  
                     u67 7EB8                       u77 7ED4                       u87 7EF0  
                     u97 7F0A                      l701 7E3E                      l711 7EAA  
                    l703 7E56                      l721 7F00                      l713 7EC6  
                    l705 7E72                      l731 7F70                      l723 7F1C  
                    l715 7ECA                      l707 7E76                      l741 7FDC  
                    l733 7F88                      l725 7F34                      l717 7EE6  
                    l709 7E92                      l735 7FA4                      l727 7F50  
                    l719 7EFE                      l737 7FA8                      l729 7F54  
                    l739 7FC4                      l695 7E20                      l697 7E2C  
                    l699 7E3A                      u107 7F26                      u117 7F42  
                    u127 7F5E                      u137 7F7A                      u147 7F96  
                    u157 7FB2                      u167 7FCE                      u177 7FEA  
                    wreg 000FE8                     _main 7E20                     start 0000  
           ___param_bank 000000                    ?_main 0001                    _PORTB 000F81  
                  _TRISB 000F93          __initialization 7E1A             __end_of_main 8000  
                 ??_main 0001            __activetblptr 000000                   _ADCON1 000FC1  
             __accesstop 0060  __end_of__initialization 7E1A            ___rparam_used 000001  
         __pcstackCOMRAM 0001                  __Hparam 0000                  __Lparam 0000  
                __pcinit 7E1A                  __ramtop 0800                  __ptext0 7E20  
   end_of_initialization 7E1A                _PORTAbits 000F80      start_initialization 7E1A  
               __Hrparam 0000                 __Lrparam 0000            __size_of_main 01E0  
